[2017-09-26 11:09:27,800 INFO root] Taurus CLI Tool v1.9.5
[2017-09-26 11:09:27,800 DEBUG root] Command-line options: {'verbose': None, 'no_system_configs': None, 'quiet': None, 'log': '/var/folders/mh/6ytxr9zd4_bdy0q8lk1vd9w4k0vvbq/T/bzt_1H6AvP.log', 'option': None, 'aliases': []}
[2017-09-26 11:09:27,800 DEBUG root] Python: CPython 2.7.13
[2017-09-26 11:09:27,800 DEBUG root] OS: ('Darwin', 'sauwi01mac1712', '16.7.0', 'Darwin Kernel Version 16.7.0: Thu Jun 15 17:36:27 PDT 2017; root:xnu-3789.70.16~2/RELEASE_X86_64', 'x86_64', 'i386')
[2017-09-26 11:09:27,801 DEBUG root] Adding JMX shorthand config for: ['DemoTest.jmx']
[2017-09-26 11:09:27,801 DEBUG root] Dumping JSON config into /var/folders/mh/6ytxr9zd4_bdy0q8lk1vd9w4k0vvbq/T/jmx__zEm0W.json
[2017-09-26 11:09:27,801 INFO root] Starting with configs: ['/var/folders/mh/6ytxr9zd4_bdy0q8lk1vd9w4k0vvbq/T/jmx__zEm0W.json']
[2017-09-26 11:09:27,801 DEBUG root] Using personal config: /Users/sauwi01/.bzt-rc
[2017-09-26 11:09:27,801 INFO Engine] Configuring...
[2017-09-26 11:09:27,801 DEBUG Engine] No machine configs dir: /usr/local/etc/bzt.d
[2017-09-26 11:09:27,801 DEBUG Engine.Configuration] Configs: ['/Library/Frameworks/Python.framework/Versions/2.7/lib/python2.7/site-packages/bzt/resources/base-config.yml']
[2017-09-26 11:09:27,801 DEBUG Engine.Configuration] Reading /Library/Frameworks/Python.framework/Versions/2.7/lib/python2.7/site-packages/bzt/resources/base-config.yml as YAML
[2017-09-26 11:09:27,822 DEBUG Engine.Configuration] Configs: ['/Users/sauwi01/.bzt-rc', '/var/folders/mh/6ytxr9zd4_bdy0q8lk1vd9w4k0vvbq/T/jmx__zEm0W.json']
[2017-09-26 11:09:27,822 DEBUG Engine.Configuration] Reading /Users/sauwi01/.bzt-rc as YAML
[2017-09-26 11:09:27,826 DEBUG Engine.Configuration] Reading /var/folders/mh/6ytxr9zd4_bdy0q8lk1vd9w4k0vvbq/T/jmx__zEm0W.json as YAML
[2017-09-26 11:09:27,827 DEBUG Engine.Configuration] Configs: ['/Users/sauwi01/.bzt-rc', '/var/folders/mh/6ytxr9zd4_bdy0q8lk1vd9w4k0vvbq/T/jmx__zEm0W.json']
[2017-09-26 11:09:27,827 DEBUG Engine.Configuration] Reading /Users/sauwi01/.bzt-rc as YAML
[2017-09-26 11:09:27,830 DEBUG Engine.Configuration] Reading /var/folders/mh/6ytxr9zd4_bdy0q8lk1vd9w4k0vvbq/T/jmx__zEm0W.json as YAML
[2017-09-26 11:09:27,838 DEBUG Engine] Requesting updates info: http://gettaurus.org/updates/?version=1.9.5&installID=macos-8c85900d1a09
[2017-09-26 11:09:27,844 INFO Engine] Artifacts dir: /Users/sauwi01/OneDrive - CA Technologies/Training/scripts/2017-09-26_11-09-27.844550
[2017-09-26 11:09:27,844 DEBUG Engine] New artifact filename: /Users/sauwi01/OneDrive - CA Technologies/Training/scripts/2017-09-26_11-09-27.844550/effective
[2017-09-26 11:09:27,846 DEBUG Engine.Configuration] Dumping YAML config into /Users/sauwi01/OneDrive - CA Technologies/Training/scripts/2017-09-26_11-09-27.844550/effective.yml
[2017-09-26 11:09:27,862 DEBUG Engine.Configuration] Dumping JSON config into /Users/sauwi01/OneDrive - CA Technologies/Training/scripts/2017-09-26_11-09-27.844550/effective.json
[2017-09-26 11:09:27,862 DEBUG Engine] New artifact filename: /Users/sauwi01/OneDrive - CA Technologies/Training/scripts/2017-09-26_11-09-27.844550/merged.yml
[2017-09-26 11:09:27,863 DEBUG Engine.Configuration] Dumping YAML config into /Users/sauwi01/OneDrive - CA Technologies/Training/scripts/2017-09-26_11-09-27.844550/merged.yml
[2017-09-26 11:09:27,863 DEBUG Engine] New artifact filename: /Users/sauwi01/OneDrive - CA Technologies/Training/scripts/2017-09-26_11-09-27.844550/merged.json
[2017-09-26 11:09:27,864 DEBUG Engine.Configuration] Dumping JSON config into /Users/sauwi01/OneDrive - CA Technologies/Training/scripts/2017-09-26_11-09-27.844550/merged.json
[2017-09-26 11:09:27,864 DEBUG Engine] Add existing artifact (move=False): /var/folders/mh/6ytxr9zd4_bdy0q8lk1vd9w4k0vvbq/T/jmx__zEm0W.json
[2017-09-26 11:09:27,864 DEBUG Engine] Copying /var/folders/mh/6ytxr9zd4_bdy0q8lk1vd9w4k0vvbq/T/jmx__zEm0W.json to /Users/sauwi01/OneDrive - CA Technologies/Training/scripts/2017-09-26_11-09-27.844550/jmx__zEm0W.json
[2017-09-26 11:09:27,864 DEBUG root] Closing log handler: /var/folders/mh/6ytxr9zd4_bdy0q8lk1vd9w4k0vvbq/T/bzt_1H6AvP.log
[2017-09-26 11:09:27,865 DEBUG root] Switched writing logs to /Users/sauwi01/OneDrive - CA Technologies/Training/scripts/2017-09-26_11-09-27.844550/bzt.log
[2017-09-26 11:09:27,865 INFO Engine] Preparing...
[2017-09-26 11:09:27,865 DEBUG Engine] Module config: consolidator defaultdict(None, {'class': 'bzt.modules.aggregator.ConsolidatingAggregator'})
[2017-09-26 11:09:27,865 DEBUG root] Importing module: bzt.modules.aggregator
[2017-09-26 11:09:27,867 DEBUG root] Loading class: 'ConsolidatingAggregator' from <module 'bzt.modules.aggregator' from '/Library/Frameworks/Python.framework/Versions/2.7/lib/python2.7/site-packages/bzt/modules/aggregator.pyc'>
[2017-09-26 11:09:27,867 DEBUG Engine.consolidator] Exception in dehumanize_time(inf)
[2017-09-26 11:09:27,867 DEBUG Engine.consolidator] Buffer scaling setup: percentile 95.0 from [0.0, 50.0, 90.0, 95.0, 99.0, 99.9, 100.0] selected
[2017-09-26 11:09:27,867 DEBUG Engine] Module config: monitoring defaultdict(None, {'class': 'bzt.modules.monitoring.Monitoring'})
[2017-09-26 11:09:27,867 DEBUG root] Importing module: bzt.modules.monitoring
[2017-09-26 11:09:27,887 DEBUG root] Loading class: 'Monitoring' from <module 'bzt.modules.monitoring' from '/Library/Frameworks/Python.framework/Versions/2.7/lib/python2.7/site-packages/bzt/modules/monitoring.pyc'>
[2017-09-26 11:09:27,887 DEBUG Engine] Module config: local defaultdict(None, {'class': 'bzt.modules.provisioning.Local'})
[2017-09-26 11:09:27,887 DEBUG root] Importing module: bzt.modules.provisioning
[2017-09-26 11:09:27,887 DEBUG root] Loading class: 'Local' from <module 'bzt.modules.provisioning' from '/Library/Frameworks/Python.framework/Versions/2.7/lib/python2.7/site-packages/bzt/modules/provisioning.pyc'>
[2017-09-26 11:09:27,887 DEBUG Engine] Module config: jmeter defaultdict(None, {'properties': defaultdict(None, {'jmeter.save.saveservice.autoflush': 'true', 'summariser.name': '', 'jmeter.save.saveservice.connect_time': 'true', 'mode': 'Stripped', 'jmeterengine.force.system.exit': 'true'}), 'class': 'bzt.modules.jmeter.JMeterExecutor', 'plugins': ['jpgc-casutg', 'jpgc-dummy', 'jpgc-ffw', 'jpgc-fifo', 'jpgc-functions', 'jpgc-json', 'jpgc-perfmon', 'jpgc-prmctl', 'jpgc-tst']})
[2017-09-26 11:09:27,887 DEBUG root] Importing module: bzt.modules.jmeter
[2017-09-26 11:09:27,895 DEBUG root] Loading class: 'JMeterExecutor' from <module 'bzt.modules.jmeter' from '/Library/Frameworks/Python.framework/Versions/2.7/lib/python2.7/site-packages/bzt/modules/jmeter.pyc'>
[2017-09-26 11:09:27,895 DEBUG Engine.local] Preparing executor: jmeter/4428819600
[2017-09-26 11:09:27,895 DEBUG Engine.jmeter] Extract defaultdict(None, {'script': 'DemoTest.jmx'}) into scenarios
[2017-09-26 11:09:27,895 DEBUG Engine] New artifact filename: /Users/sauwi01/OneDrive - CA Technologies/Training/scripts/2017-09-26_11-09-27.844550/jmeter.log
[2017-09-26 11:09:27,895 DEBUG Engine.jmeter] Checking if port 4445 is free
[2017-09-26 11:09:27,896 DEBUG Engine.jmeter] Port 4445 is free
[2017-09-26 11:09:27,896 DEBUG Engine.jmeter] Using port 4445 for management
[2017-09-26 11:09:27,896 DEBUG Engine.jmeter.JavaVM] Trying JavaVM: ['java', '-version']
[2017-09-26 11:09:27,984 DEBUG Engine.jmeter.JavaVM] JavaVM output: java version "1.8.0_141"
Java(TM) SE Runtime Environment (build 1.8.0_141-b15)
Java HotSpot(TM) 64-Bit Server VM (build 25.141-b15, mixed mode)

[2017-09-26 11:09:27,985 DEBUG Engine.jmeter.TclLibrary] We don't need to check tcl library on this platform
[2017-09-26 11:09:27,985 DEBUG Engine.jmeter.JMeter] Trying jmeter: /Users/sauwi01/.bzt/jmeter-taurus/3.2/bin/jmeter.sh
[2017-09-26 11:09:27,985 DEBUG bzt.utils] Executing shell: ['/Users/sauwi01/.bzt/jmeter-taurus/3.2/bin/jmeter.sh', '-j', '/var/folders/mh/6ytxr9zd4_bdy0q8lk1vd9w4k0vvbq/T/jmeterumg8Bzlog', '--version']
[2017-09-26 11:09:28,337 DEBUG Engine] Taurus updates info: {"latest":"1.9.5","needsUpgrade":false}
[2017-09-26 11:09:28,337 DEBUG Engine] Installation is up-to-date
[2017-09-26 11:09:28,750 DEBUG Engine.jmeter.JMeter] JMeter check:     _    ____   _    ____ _   _ _____       _ __  __ _____ _____ _____ ____     
   / \  |  _ \ / \  / ___| | | | ____|     | |  \/  | ____|_   _| ____|  _ \   
  / _ \ | |_) / _ \| |   | |_| |  _|    _  | | |\/| |  _|   | | |  _| | |_) | 
 / ___ \|  __/ ___ \ |___|  _  | |___  | |_| | |  | | |___  | | | |___|  _ <  
/_/   \_\_| /_/   \_\____|_| |_|_____|  \___/|_|  |_|_____| |_| |_____|_| \_\ 3.2 r1790748  

Copyright (c) 1999-2017 The Apache Software Foundation

 / None
[2017-09-26 11:09:28,753 DEBUG Engine.jmeter] Load: LoadSpec(concurrency=None, throughput=None, ramp_up=None, hold=0, iterations=None, duration=0, steps=None)
[2017-09-26 11:09:28,755 DEBUG Engine.jmeter.LoadSettingsProcessor] Thread group detection: duration not found, regular ThreadGroup will be used
[2017-09-26 11:09:28,755 DEBUG Engine.jmeter.LoadSettingsProcessor] No iterations/concurrency/duration found, thread group modification is skipped
[2017-09-26 11:09:28,755 DEBUG Engine] New artifact filename: /Users/sauwi01/OneDrive - CA Technologies/Training/scripts/2017-09-26_11-09-27.844550/kpi.jtl
[2017-09-26 11:09:28,756 DEBUG Engine] New artifact filename: /Users/sauwi01/OneDrive - CA Technologies/Training/scripts/2017-09-26_11-09-27.844550/error.jtl
[2017-09-26 11:09:28,756 DEBUG Engine.jmeter] Enforcing parent sample for transaction controller
[2017-09-26 11:09:28,757 INFO Engine.jmeter] 1 obsolete CookieManagers are found and fixed
[2017-09-26 11:09:28,758 DEBUG JMX] Saving JMX to: /Users/sauwi01/OneDrive - CA Technologies/Training/scripts/modified_DemoTest.jmx
[2017-09-26 11:09:28,758 DEBUG Engine.jmeter] Additional properties: defaultdict(None, {'jmeter.save.saveservice.autoflush': 'true', 'jmeter.save.saveservice.connect_time': 'true', 'user.classpath': '/Users/sauwi01/OneDrive - CA Technologies/Training/scripts/2017-09-26_11-09-27.844550', 'sampleresult.default.encoding': 'UTF-8', 'summariser.name': '', 'jmeterengine.force.system.exit': 'true', 'jmeter.save.saveservice.timestamp_format': 'ms', 'mode': 'Stripped', 'jmeterengine.nongui.maxport': 4445, 'jmeterengine.nongui.port': 4445})
[2017-09-26 11:09:28,759 DEBUG Engine] New artifact filename: /Users/sauwi01/OneDrive - CA Technologies/Training/scripts/2017-09-26_11-09-27.844550/jmeter-bzt.properties
[2017-09-26 11:09:28,759 DEBUG Engine] New artifact filename: /Users/sauwi01/OneDrive - CA Technologies/Training/scripts/2017-09-26_11-09-27.844550/jmeter.out
[2017-09-26 11:09:28,759 DEBUG Engine] New artifact filename: /Users/sauwi01/OneDrive - CA Technologies/Training/scripts/2017-09-26_11-09-27.844550/jmeter.err
[2017-09-26 11:09:28,760 DEBUG Engine] Module config: final-stats defaultdict(None, {'class': 'bzt.modules.reporting.FinalStatus'})
[2017-09-26 11:09:28,760 DEBUG root] Importing module: bzt.modules.reporting
[2017-09-26 11:09:28,790 DEBUG easyprocess] version=0.2.3
[2017-09-26 11:09:28,791 DEBUG pyvirtualdisplay] version=0.2.1
[2017-09-26 11:09:28,792 DEBUG root] Loading class: 'FinalStatus' from <module 'bzt.modules.reporting' from '/Library/Frameworks/Python.framework/Versions/2.7/lib/python2.7/site-packages/bzt/modules/reporting.pyc'>
[2017-09-26 11:09:28,792 DEBUG Engine] Module config: console defaultdict(None, {'class': 'bzt.modules.console.ConsoleStatusReporter'})
[2017-09-26 11:09:28,792 DEBUG root] Importing module: bzt.modules.console
[2017-09-26 11:09:28,792 DEBUG root] Loading class: 'ConsoleStatusReporter' from <module 'bzt.modules.console' from '/Library/Frameworks/Python.framework/Versions/2.7/lib/python2.7/site-packages/bzt/modules/console.pyc'>
[2017-09-26 11:09:28,798 DEBUG Engine.Configuration] Dumping YAML config into /Users/sauwi01/OneDrive - CA Technologies/Training/scripts/2017-09-26_11-09-27.844550/effective.yml
[2017-09-26 11:09:28,817 DEBUG Engine.Configuration] Dumping JSON config into /Users/sauwi01/OneDrive - CA Technologies/Training/scripts/2017-09-26_11-09-27.844550/effective.json
[2017-09-26 11:09:28,818 INFO Engine] Starting...
[2017-09-26 11:09:28,818 DEBUG Engine] Startup <bzt.modules.monitoring.Monitoring object at 0x105180690>
[2017-09-26 11:09:28,818 DEBUG Engine] Startup <bzt.modules.aggregator.ConsolidatingAggregator object at 0x105164b10>
[2017-09-26 11:09:28,818 DEBUG Engine] Startup <bzt.modules.reporting.FinalStatus object at 0x10887e690>
[2017-09-26 11:09:28,818 DEBUG Engine] Startup <bzt.modules.console.ConsoleStatusReporter object at 0x10889dd10>
[2017-09-26 11:09:28,818 INFO Engine.console] Waiting for results...
[2017-09-26 11:09:28,818 DEBUG Engine] Startup <bzt.modules.provisioning.Local object at 0x1051640d0>
[2017-09-26 11:09:28,818 DEBUG Engine.local] Delay setup for jmeter/DemoTest.jmx: 0(start-at) + 0(delay) = 0
[2017-09-26 11:09:28,820 DEBUG Engine.Configuration] Dumping YAML config into /Users/sauwi01/OneDrive - CA Technologies/Training/scripts/2017-09-26_11-09-27.844550/effective.yml
[2017-09-26 11:09:28,838 DEBUG Engine.Configuration] Dumping JSON config into /Users/sauwi01/OneDrive - CA Technologies/Training/scripts/2017-09-26_11-09-27.844550/effective.json
[2017-09-26 11:09:28,839 DEBUG root] Leveling down log file verbosity, use -v option to have DEBUG messages enabled
[2017-09-26 11:09:29,076 INFO Engine.console] Waiting for finish...
[2017-09-26 11:09:47,886 INFO Engine.jmeter.JTLReader] Changed data analysis delay to 6s
[2017-09-26 11:10:40,027 INFO Engine.jmeter.JTLReader] Changed data analysis delay to 115s
[2017-09-26 11:11:55,203 INFO Engine.jmeter.JTLReader] Changed data analysis delay to 267s
[2017-09-26 11:14:13,570 INFO Engine.jmeter.JTLReader] Changed data analysis delay to 423s
[2017-09-26 11:17:36,117 INFO Engine.jmeter.JTLReader] Changed data analysis delay to 453s
[2017-09-26 11:18:51,308 INFO Engine.jmeter.JTLReader] Changed data analysis delay to 447s
[2017-09-26 11:20:25,222 INFO Engine.jmeter.JTLReader] Changed data analysis delay to 425s
[2017-09-26 11:20:26,222 INFO Engine.jmeter.JTLReader] Changed data analysis delay to 398s
[2017-09-26 11:20:28,307 INFO Engine.jmeter.JTLReader] Changed data analysis delay to 397s
[2017-09-26 11:20:54,372 INFO Engine.jmeter.JTLReader] Changed data analysis delay to 396s
[2017-09-26 11:27:52,699 WARNING Engine] Please wait for graceful shutdown...
[2017-09-26 11:27:52,706 DEBUG root] Leveled up log file verbosity
[2017-09-26 11:27:52,706 INFO Engine] Shutting down...
[2017-09-26 11:27:52,713 DEBUG Engine.local] Shutdown jmeter/DemoTest.jmx
[2017-09-26 11:27:53,713 INFO Engine.jmeter] Sending Shutdown command to JMeter on port 4445...
[2017-09-26 11:27:58,729 INFO Engine.jmeter] Sending StopTestNow command to JMeter on port 4445...
[2017-09-26 11:27:59,743 DEBUG Engine.jmeter] JMeter stopped on StopTestNow command
[2017-09-26 11:27:59,744 DEBUG Engine.console] Restoring logging streams, [<logging.StreamHandler object at 0x10392cd90>]/{<logging.StreamHandler object at 0x10392cd90>: <open file '<stdout>', mode 'w' at 0x100058150>}
[2017-09-26 11:27:59,746 DEBUG Engine.Configuration] Dumping YAML config into /Users/sauwi01/OneDrive - CA Technologies/Training/scripts/2017-09-26_11-09-27.844550/effective.yml
[2017-09-26 11:27:59,771 DEBUG Engine.Configuration] Dumping JSON config into /Users/sauwi01/OneDrive - CA Technologies/Training/scripts/2017-09-26_11-09-27.844550/effective.json
[2017-09-26 11:27:59,772 WARNING root] Keyboard interrupt
[2017-09-26 11:27:59,776 DEBUG root] KeyboardInterrupt: 
Traceback (most recent call last):
  File "/Library/Frameworks/Python.framework/Versions/2.7/lib/python2.7/site-packages/bzt/cli.py", line 221, in perform
    self.engine.run()
  File "/Library/Frameworks/Python.framework/Versions/2.7/lib/python2.7/site-packages/bzt/engine.py", line 201, in run
    reraise(exc_info)
  File "/Library/Frameworks/Python.framework/Versions/2.7/lib/python2.7/site-packages/bzt/engine.py", line 183, in run
    self._wait()
  File "/Library/Frameworks/Python.framework/Versions/2.7/lib/python2.7/site-packages/bzt/engine.py", line 226, in _wait
    time.sleep(delay)
KeyboardInterrupt
[2017-09-26 11:27:59,776 INFO Engine] Post-processing...
[2017-09-26 11:27:59,776 DEBUG Engine.local] Post-process jmeter/DemoTest.jmx
[2017-09-26 11:27:59,777 DEBUG Engine] Add existing artifact (move=True): /Users/sauwi01/OneDrive - CA Technologies/Training/scripts/modified_DemoTest.jmx
[2017-09-26 11:27:59,777 DEBUG Engine] Moving /Users/sauwi01/OneDrive - CA Technologies/Training/scripts/modified_DemoTest.jmx to /Users/sauwi01/OneDrive - CA Technologies/Training/scripts/2017-09-26_11-09-27.844550/modified_DemoTest.jmx
[2017-09-26 11:27:59,777 DEBUG Engine.jmeter.JTLReader.IncrementalCSVReader] Reading JTL: /Users/sauwi01/OneDrive - CA Technologies/Training/scripts/2017-09-26_11-09-27.844550/kpi.jtl
[2017-09-26 11:27:59,777 DEBUG Engine.jmeter.JTLReader.IncrementalCSVReader] Read lines: 1 / 101 bytes (at speed 1048576)
[2017-09-26 11:27:59,777 DEBUG Engine.jmeter.JTLReader] Putting sample 1506413370 into 1506413655
[2017-09-26 11:27:59,777 DEBUG Engine.jmeter.JTLReader] Buffer len: 132
[2017-09-26 11:27:59,777 DEBUG Engine.jmeter.JTLReader] Aggregating: 1506413655
[2017-09-26 11:27:59,779 DEBUG root] Compacting 1018 response timing into 1000
[2017-09-26 11:27:59,795 DEBUG Engine.jmeter.JTLReader] Aggregating: 1506413656
[2017-09-26 11:27:59,796 DEBUG root] Compacting 1015 response timing into 1000
[2017-09-26 11:27:59,810 DEBUG Engine.jmeter.JTLReader] Aggregating: 1506413657
[2017-09-26 11:27:59,812 DEBUG root] Compacting 1011 response timing into 1000
[2017-09-26 11:27:59,826 DEBUG Engine.jmeter.JTLReader] Aggregating: 1506413658
[2017-09-26 11:27:59,827 DEBUG root] Compacting 1013 response timing into 1000
[2017-09-26 11:27:59,840 DEBUG Engine.jmeter.JTLReader] Aggregating: 1506413659
[2017-09-26 11:27:59,840 DEBUG root] Compacting 1007 response timing into 1000
[2017-09-26 11:27:59,855 DEBUG Engine.jmeter.JTLReader] Aggregating: 1506413660
[2017-09-26 11:27:59,856 DEBUG root] Compacting 1016 response timing into 1000
[2017-09-26 11:27:59,869 DEBUG Engine.jmeter.JTLReader] Aggregating: 1506413661
[2017-09-26 11:27:59,869 DEBUG root] Compacting 1007 response timing into 1000
[2017-09-26 11:27:59,881 DEBUG Engine.jmeter.JTLReader] Aggregating: 1506413662
[2017-09-26 11:27:59,882 DEBUG root] Compacting 1009 response timing into 1000
[2017-09-26 11:27:59,895 DEBUG Engine.jmeter.JTLReader] Aggregating: 1506413663
[2017-09-26 11:27:59,896 DEBUG root] Compacting 1008 response timing into 1000
[2017-09-26 11:27:59,908 DEBUG Engine.jmeter.JTLReader] Aggregating: 1506413664
[2017-09-26 11:27:59,909 DEBUG root] Compacting 1008 response timing into 1000
[2017-09-26 11:27:59,922 DEBUG Engine.jmeter.JTLReader] Aggregating: 1506413665
[2017-09-26 11:27:59,923 DEBUG root] Compacting 1010 response timing into 1000
[2017-09-26 11:27:59,936 DEBUG Engine.jmeter.JTLReader] Aggregating: 1506413666
[2017-09-26 11:27:59,937 DEBUG root] Compacting 1009 response timing into 1000
[2017-09-26 11:27:59,949 DEBUG Engine.jmeter.JTLReader] Aggregating: 1506413667
[2017-09-26 11:27:59,949 DEBUG root] Compacting 1011 response timing into 1000
[2017-09-26 11:27:59,962 DEBUG Engine.jmeter.JTLReader] Aggregating: 1506413668
[2017-09-26 11:27:59,962 DEBUG root] Compacting 1013 response timing into 1000
[2017-09-26 11:27:59,976 DEBUG Engine.jmeter.JTLReader] Aggregating: 1506413669
[2017-09-26 11:27:59,976 DEBUG root] Compacting 1004 response timing into 1000
[2017-09-26 11:27:59,988 DEBUG Engine.jmeter.JTLReader] Aggregating: 1506413670
[2017-09-26 11:27:59,989 DEBUG root] Compacting 1007 response timing into 1000
[2017-09-26 11:28:00,001 DEBUG Engine.jmeter.JTLReader] Aggregating: 1506413671
[2017-09-26 11:28:00,001 DEBUG root] Compacting 1003 response timing into 1000
[2017-09-26 11:28:00,017 DEBUG Engine.jmeter.JTLReader] Aggregating: 1506413672
[2017-09-26 11:28:00,017 DEBUG root] Compacting 1006 response timing into 1000
[2017-09-26 11:28:00,030 DEBUG Engine.jmeter.JTLReader] Aggregating: 1506413673
[2017-09-26 11:28:00,030 DEBUG root] Compacting 1006 response timing into 1000
[2017-09-26 11:28:00,043 DEBUG Engine.jmeter.JTLReader] Aggregating: 1506413674
[2017-09-26 11:28:00,043 DEBUG root] Compacting 1006 response timing into 1000
[2017-09-26 11:28:00,058 DEBUG Engine.jmeter.JTLReader] Aggregating: 1506413675
[2017-09-26 11:28:00,058 DEBUG root] Compacting 1005 response timing into 1000
[2017-09-26 11:28:00,073 DEBUG Engine.jmeter.JTLReader] Aggregating: 1506413676
[2017-09-26 11:28:00,073 DEBUG root] Compacting 1001 response timing into 1000
[2017-09-26 11:28:00,085 DEBUG Engine.jmeter.JTLReader] Aggregating: 1506413677
[2017-09-26 11:28:00,085 DEBUG root] Compacting 1006 response timing into 1000
[2017-09-26 11:28:00,097 DEBUG Engine.jmeter.JTLReader] Aggregating: 1506413678
[2017-09-26 11:28:00,097 DEBUG root] Compacting 1008 response timing into 1000
[2017-09-26 11:28:00,109 DEBUG Engine.jmeter.JTLReader] Aggregating: 1506413679
[2017-09-26 11:28:00,110 DEBUG root] Compacting 1004 response timing into 1000
[2017-09-26 11:28:00,121 DEBUG Engine.jmeter.JTLReader] Aggregating: 1506413680
[2017-09-26 11:28:00,121 DEBUG root] Compacting 1006 response timing into 1000
[2017-09-26 11:28:00,134 DEBUG Engine.jmeter.JTLReader] Aggregating: 1506413681
[2017-09-26 11:28:00,134 DEBUG root] Compacting 1005 response timing into 1000
[2017-09-26 11:28:00,145 DEBUG Engine.jmeter.JTLReader] Aggregating: 1506413682
[2017-09-26 11:28:00,146 DEBUG root] Compacting 1008 response timing into 1000
[2017-09-26 11:28:00,157 DEBUG Engine.jmeter.JTLReader] Aggregating: 1506413683
[2017-09-26 11:28:00,158 DEBUG root] Compacting 1005 response timing into 1000
[2017-09-26 11:28:00,169 DEBUG Engine.jmeter.JTLReader] Aggregating: 1506413684
[2017-09-26 11:28:00,170 DEBUG root] Compacting 1008 response timing into 1000
[2017-09-26 11:28:00,182 DEBUG Engine.jmeter.JTLReader] Aggregating: 1506413685
[2017-09-26 11:28:00,183 DEBUG root] Compacting 1011 response timing into 1000
[2017-09-26 11:28:00,196 DEBUG Engine.jmeter.JTLReader] Aggregating: 1506413686
[2017-09-26 11:28:00,196 DEBUG root] Compacting 1012 response timing into 1000
[2017-09-26 11:28:00,209 DEBUG Engine.jmeter.JTLReader] Aggregating: 1506413687
[2017-09-26 11:28:00,209 DEBUG root] Compacting 1007 response timing into 1000
[2017-09-26 11:28:00,222 DEBUG Engine.jmeter.JTLReader] Aggregating: 1506413688
[2017-09-26 11:28:00,223 DEBUG root] Compacting 1006 response timing into 1000
[2017-09-26 11:28:00,235 DEBUG Engine.jmeter.JTLReader] Aggregating: 1506413689
[2017-09-26 11:28:00,236 DEBUG root] Compacting 1010 response timing into 1000
[2017-09-26 11:28:00,248 DEBUG Engine.jmeter.JTLReader] Aggregating: 1506413690
[2017-09-26 11:28:00,249 DEBUG root] Compacting 1004 response timing into 1000
[2017-09-26 11:28:00,261 DEBUG Engine.jmeter.JTLReader] Aggregating: 1506413691
[2017-09-26 11:28:00,262 DEBUG root] Compacting 1008 response timing into 1000
[2017-09-26 11:28:00,278 DEBUG Engine.jmeter.JTLReader] Aggregating: 1506413692
[2017-09-26 11:28:00,278 DEBUG root] Compacting 1006 response timing into 1000
[2017-09-26 11:28:00,293 DEBUG Engine.jmeter.JTLReader] Aggregating: 1506413693
[2017-09-26 11:28:00,293 DEBUG root] Compacting 1004 response timing into 1000
[2017-09-26 11:28:00,307 DEBUG Engine.jmeter.JTLReader] Aggregating: 1506413694
[2017-09-26 11:28:00,307 DEBUG root] Compacting 1002 response timing into 1000
[2017-09-26 11:28:00,319 DEBUG Engine.jmeter.JTLReader] Aggregating: 1506413695
[2017-09-26 11:28:00,319 DEBUG root] Compacting 1002 response timing into 1000
[2017-09-26 11:28:00,333 DEBUG Engine.jmeter.JTLReader] Aggregating: 1506413696
[2017-09-26 11:28:00,333 DEBUG root] Compacting 1006 response timing into 1000
[2017-09-26 11:28:00,346 DEBUG Engine.jmeter.JTLReader] Aggregating: 1506413697
[2017-09-26 11:28:00,346 DEBUG root] Compacting 1003 response timing into 1000
[2017-09-26 11:28:00,360 DEBUG Engine.jmeter.JTLReader] Aggregating: 1506413698
[2017-09-26 11:28:00,360 DEBUG root] Compacting 1010 response timing into 1000
[2017-09-26 11:28:00,373 DEBUG Engine.jmeter.JTLReader] Aggregating: 1506413699
[2017-09-26 11:28:00,374 DEBUG root] Compacting 1015 response timing into 1000
[2017-09-26 11:28:00,386 DEBUG Engine.jmeter.JTLReader] Aggregating: 1506413700
[2017-09-26 11:28:00,387 DEBUG root] Compacting 1019 response timing into 1000
[2017-09-26 11:28:00,400 DEBUG Engine.jmeter.JTLReader] Aggregating: 1506413701
[2017-09-26 11:28:00,401 DEBUG root] Compacting 1016 response timing into 1000
[2017-09-26 11:28:00,414 DEBUG Engine.jmeter.JTLReader] Aggregating: 1506413702
[2017-09-26 11:28:00,414 DEBUG root] Compacting 1010 response timing into 1000
[2017-09-26 11:28:00,429 DEBUG Engine.jmeter.JTLReader] Aggregating: 1506413703
[2017-09-26 11:28:00,429 DEBUG root] Compacting 1003 response timing into 1000
[2017-09-26 11:28:00,441 DEBUG Engine.jmeter.JTLReader] Aggregating: 1506413704
[2017-09-26 11:28:00,442 DEBUG root] Compacting 1002 response timing into 1000
[2017-09-26 11:28:00,454 DEBUG Engine.jmeter.JTLReader] Aggregating: 1506413705
[2017-09-26 11:28:00,454 DEBUG root] Compacting 1008 response timing into 1000
[2017-09-26 11:28:00,472 DEBUG Engine.jmeter.JTLReader] Aggregating: 1506413706
[2017-09-26 11:28:00,472 DEBUG root] Compacting 1008 response timing into 1000
[2017-09-26 11:28:00,486 DEBUG Engine.jmeter.JTLReader] Aggregating: 1506413707
[2017-09-26 11:28:00,486 DEBUG root] Compacting 1003 response timing into 1000
[2017-09-26 11:28:00,499 DEBUG Engine.jmeter.JTLReader] Aggregating: 1506413708
[2017-09-26 11:28:00,499 DEBUG root] Compacting 1003 response timing into 1000
[2017-09-26 11:28:00,513 DEBUG Engine.jmeter.JTLReader] Aggregating: 1506413709
[2017-09-26 11:28:00,514 DEBUG root] Compacting 1012 response timing into 1000
[2017-09-26 11:28:00,529 DEBUG Engine.jmeter.JTLReader] Aggregating: 1506413710
[2017-09-26 11:28:00,529 DEBUG root] Compacting 1007 response timing into 1000
[2017-09-26 11:28:00,544 DEBUG Engine.jmeter.JTLReader] Aggregating: 1506413711
[2017-09-26 11:28:00,544 DEBUG root] Compacting 1002 response timing into 1000
[2017-09-26 11:28:00,558 DEBUG Engine.jmeter.JTLReader] Aggregating: 1506413712
[2017-09-26 11:28:00,558 DEBUG root] Compacting 1004 response timing into 1000
[2017-09-26 11:28:00,572 DEBUG Engine.jmeter.JTLReader] Aggregating: 1506413713
[2017-09-26 11:28:00,572 DEBUG root] Compacting 1001 response timing into 1000
[2017-09-26 11:28:00,584 DEBUG Engine.jmeter.JTLReader] Aggregating: 1506413714
[2017-09-26 11:28:00,584 DEBUG root] Compacting 1003 response timing into 1000
[2017-09-26 11:28:00,597 DEBUG Engine.jmeter.JTLReader] Aggregating: 1506413715
[2017-09-26 11:28:00,598 DEBUG root] Compacting 1001 response timing into 1000
[2017-09-26 11:28:00,609 DEBUG Engine.jmeter.JTLReader] Aggregating: 1506413717
[2017-09-26 11:28:00,610 DEBUG root] Compacting 1002 response timing into 1000
[2017-09-26 11:28:00,625 DEBUG Engine.jmeter.JTLReader] Aggregating: 1506413718
[2017-09-26 11:28:00,625 DEBUG root] Compacting 1002 response timing into 1000
[2017-09-26 11:28:00,638 DEBUG Engine.jmeter.JTLReader] Aggregating: 1506413719
[2017-09-26 11:28:00,638 DEBUG root] Compacting 1001 response timing into 1000
[2017-09-26 11:28:00,650 DEBUG Engine.jmeter.JTLReader] Aggregating: 1506413723
[2017-09-26 11:28:00,651 DEBUG root] Compacting 1002 response timing into 1000
[2017-09-26 11:28:00,663 DEBUG Engine.jmeter.JTLReader] Aggregating: 1506413724
[2017-09-26 11:28:00,663 DEBUG root] Compacting 1001 response timing into 1000
[2017-09-26 11:28:00,676 DEBUG Engine.jmeter.JTLReader] Aggregating: 1506413725
[2017-09-26 11:28:00,676 DEBUG root] Compacting 1001 response timing into 1000
[2017-09-26 11:28:00,687 DEBUG Engine.jmeter.JTLReader] Aggregating: 1506413726
[2017-09-26 11:28:00,688 DEBUG root] Compacting 1009 response timing into 1000
[2017-09-26 11:28:00,701 DEBUG Engine.jmeter.JTLReader] Aggregating: 1506413727
[2017-09-26 11:28:00,702 DEBUG root] Compacting 1017 response timing into 1000
[2017-09-26 11:28:00,716 DEBUG Engine.jmeter.JTLReader] Aggregating: 1506413728
[2017-09-26 11:28:00,717 DEBUG root] Compacting 1016 response timing into 1000
[2017-09-26 11:28:00,731 DEBUG Engine.jmeter.JTLReader] Aggregating: 1506413729
[2017-09-26 11:28:00,731 DEBUG root] Compacting 1009 response timing into 1000
[2017-09-26 11:28:00,749 DEBUG Engine.jmeter.JTLReader] Aggregating: 1506413730
[2017-09-26 11:28:00,750 DEBUG root] Compacting 1010 response timing into 1000
[2017-09-26 11:28:00,764 DEBUG Engine.jmeter.JTLReader] Aggregating: 1506413731
[2017-09-26 11:28:00,764 DEBUG root] Compacting 1004 response timing into 1000
[2017-09-26 11:28:00,777 DEBUG Engine.jmeter.JTLReader] Aggregating: 1506413732
[2017-09-26 11:28:00,777 DEBUG root] Compacting 1001 response timing into 1000
[2017-09-26 11:28:00,789 DEBUG Engine.jmeter.JTLReader] Aggregating: 1506413733
[2017-09-26 11:28:00,789 DEBUG root] Compacting 1002 response timing into 1000
[2017-09-26 11:28:00,802 DEBUG Engine.jmeter.JTLReader] Aggregating: 1506413734
[2017-09-26 11:28:00,802 DEBUG root] Compacting 1006 response timing into 1000
[2017-09-26 11:28:00,819 DEBUG Engine.jmeter.JTLReader] Aggregating: 1506413735
[2017-09-26 11:28:00,819 DEBUG root] Compacting 1004 response timing into 1000
[2017-09-26 11:28:00,833 DEBUG Engine.jmeter.JTLReader] Aggregating: 1506413736
[2017-09-26 11:28:00,834 DEBUG root] Compacting 1008 response timing into 1000
[2017-09-26 11:28:00,848 DEBUG Engine.jmeter.JTLReader] Aggregating: 1506413737
[2017-09-26 11:28:00,849 DEBUG root] Compacting 1004 response timing into 1000
[2017-09-26 11:28:00,861 DEBUG Engine.jmeter.JTLReader] Aggregating: 1506413738
[2017-09-26 11:28:00,861 DEBUG root] Compacting 1004 response timing into 1000
[2017-09-26 11:28:00,873 DEBUG Engine.jmeter.JTLReader] Aggregating: 1506413739
[2017-09-26 11:28:00,874 DEBUG root] Compacting 1002 response timing into 1000
[2017-09-26 11:28:00,886 DEBUG Engine.jmeter.JTLReader] Aggregating: 1506413740
[2017-09-26 11:28:00,886 DEBUG root] Compacting 1005 response timing into 1000
[2017-09-26 11:28:00,899 DEBUG Engine.jmeter.JTLReader] Aggregating: 1506413741
[2017-09-26 11:28:00,911 DEBUG Engine.jmeter.JTLReader] Aggregating: 1506413742
[2017-09-26 11:28:00,911 DEBUG root] Compacting 1003 response timing into 1000
[2017-09-26 11:28:00,926 DEBUG Engine.jmeter.JTLReader] Aggregating: 1506413743
[2017-09-26 11:28:00,926 DEBUG root] Compacting 1001 response timing into 1000
[2017-09-26 11:28:00,939 DEBUG Engine.jmeter.JTLReader] Aggregating: 1506413744
[2017-09-26 11:28:00,940 DEBUG root] Compacting 1002 response timing into 1000
[2017-09-26 11:28:00,953 DEBUG Engine.jmeter.JTLReader] Aggregating: 1506413745
[2017-09-26 11:28:00,953 DEBUG root] Compacting 1001 response timing into 1000
[2017-09-26 11:28:00,965 DEBUG Engine.jmeter.JTLReader] Aggregating: 1506413746
[2017-09-26 11:28:00,966 DEBUG root] Compacting 1001 response timing into 1000
[2017-09-26 11:28:00,982 DEBUG Engine.jmeter.JTLReader] Aggregating: 1506413748
[2017-09-26 11:28:00,983 DEBUG root] Compacting 1003 response timing into 1000
[2017-09-26 11:28:01,011 DEBUG Engine.jmeter.JTLReader] Aggregating: 1506413749
[2017-09-26 11:28:01,012 DEBUG root] Compacting 1001 response timing into 1000
[2017-09-26 11:28:01,024 DEBUG Engine.jmeter.JTLReader] Aggregating: 1506413751
[2017-09-26 11:28:01,024 DEBUG root] Compacting 1001 response timing into 1000
[2017-09-26 11:28:01,037 DEBUG Engine.jmeter.JTLReader] Aggregating: 1506413752
[2017-09-26 11:28:01,038 DEBUG root] Compacting 1005 response timing into 1000
[2017-09-26 11:28:01,052 DEBUG Engine.jmeter.JTLReader] Aggregating: 1506413753
[2017-09-26 11:28:01,052 DEBUG root] Compacting 1004 response timing into 1000
[2017-09-26 11:28:01,065 DEBUG Engine.jmeter.JTLReader] Aggregating: 1506413755
[2017-09-26 11:28:01,066 DEBUG root] Compacting 1002 response timing into 1000
[2017-09-26 11:28:01,078 DEBUG Engine.jmeter.JTLReader] Aggregating: 1506413756
[2017-09-26 11:28:01,079 DEBUG root] Compacting 1001 response timing into 1000
[2017-09-26 11:28:01,096 DEBUG Engine.jmeter.JTLReader] Aggregating: 1506413758
[2017-09-26 11:28:01,096 DEBUG root] Compacting 1001 response timing into 1000
[2017-09-26 11:28:01,109 DEBUG Engine.jmeter.JTLReader] Aggregating: 1506413759
[2017-09-26 11:28:01,109 DEBUG root] Compacting 1001 response timing into 1000
[2017-09-26 11:28:01,124 DEBUG Engine.jmeter.JTLReader] Aggregating: 1506413768
[2017-09-26 11:28:01,124 DEBUG root] Compacting 1001 response timing into 1000
[2017-09-26 11:28:01,138 DEBUG Engine.jmeter.JTLReader] Aggregating: 1506413780
[2017-09-26 11:28:01,138 DEBUG root] Compacting 1001 response timing into 1000
[2017-09-26 11:28:01,150 DEBUG Engine.jmeter.JTLReader] Aggregating: 1506413792
[2017-09-26 11:28:01,151 DEBUG root] Compacting 1001 response timing into 1000
[2017-09-26 11:28:01,163 DEBUG Engine.jmeter.JTLReader] Aggregating: 1506413801
[2017-09-26 11:28:01,164 DEBUG root] Compacting 1002 response timing into 1000
[2017-09-26 11:28:01,181 DEBUG Engine.jmeter.JTLReader] Aggregating: 1506413802
[2017-09-26 11:28:01,181 DEBUG root] Compacting 1003 response timing into 1000
[2017-09-26 11:28:01,194 DEBUG Engine.jmeter.JTLReader] Aggregating: 1506413803
[2017-09-26 11:28:01,194 DEBUG root] Compacting 1001 response timing into 1000
[2017-09-26 11:28:01,206 DEBUG Engine.jmeter.JTLReader] Aggregating: 1506413804
[2017-09-26 11:28:01,206 DEBUG root] Compacting 1002 response timing into 1000
[2017-09-26 11:28:01,219 DEBUG Engine.jmeter.JTLReader] Aggregating: 1506413805
[2017-09-26 11:28:01,219 DEBUG root] Compacting 1001 response timing into 1000
[2017-09-26 11:28:01,231 DEBUG Engine.jmeter.JTLReader] Aggregating: 1506413820
[2017-09-26 11:28:01,232 DEBUG root] Compacting 1001 response timing into 1000
[2017-09-26 11:28:01,244 DEBUG Engine.jmeter.JTLReader] Aggregating: 1506413822
[2017-09-26 11:28:01,245 DEBUG root] Compacting 1002 response timing into 1000
[2017-09-26 11:28:01,261 DEBUG Engine.jmeter.JTLReader] Aggregating: 1506413856
[2017-09-26 11:28:01,275 DEBUG Engine.jmeter.JTLReader] Aggregating: 1506413857
[2017-09-26 11:28:01,287 DEBUG Engine.jmeter.JTLReader] Aggregating: 1506413863
[2017-09-26 11:28:01,301 DEBUG Engine.jmeter.JTLReader] Aggregating: 1506413866
[2017-09-26 11:28:01,301 DEBUG root] Compacting 1001 response timing into 1000
[2017-09-26 11:28:01,314 DEBUG Engine.jmeter.JTLReader] Aggregating: 1506413867
[2017-09-26 11:28:01,314 DEBUG root] Compacting 1002 response timing into 1000
[2017-09-26 11:28:01,326 DEBUG Engine.jmeter.JTLReader] Aggregating: 1506413879
[2017-09-26 11:28:01,326 DEBUG root] Compacting 1001 response timing into 1000
[2017-09-26 11:28:01,341 DEBUG Engine.jmeter.JTLReader] Aggregating: 1506413899
[2017-09-26 11:28:01,342 DEBUG root] Compacting 1001 response timing into 1000
[2017-09-26 11:28:01,355 DEBUG Engine.jmeter.JTLReader] Aggregating: 1506413901
[2017-09-26 11:28:01,355 DEBUG root] Compacting 1001 response timing into 1000
[2017-09-26 11:28:01,368 DEBUG Engine.jmeter.JTLReader] Aggregating: 1506414003
[2017-09-26 11:28:01,368 DEBUG root] Compacting 1002 response timing into 1000
[2017-09-26 11:28:01,380 DEBUG Engine.jmeter.JTLReader] Aggregating: 1506414004
[2017-09-26 11:28:01,381 DEBUG root] Compacting 1002 response timing into 1000
[2017-09-26 11:28:01,393 DEBUG Engine.jmeter.JTLReader] Aggregating: 1506414005
[2017-09-26 11:28:01,394 DEBUG root] Compacting 1001 response timing into 1000
[2017-09-26 11:28:01,406 DEBUG Engine.jmeter.JTLReader] Aggregating: 1506414010
[2017-09-26 11:28:01,406 DEBUG root] Compacting 1002 response timing into 1000
[2017-09-26 11:28:01,408 DEBUG root] Compacting 1001 response timing into 1000
[2017-09-26 11:28:01,421 DEBUG Engine.jmeter.JTLReader] Aggregating: 1506414023
[2017-09-26 11:28:01,421 DEBUG root] Compacting 1002 response timing into 1000
[2017-09-26 11:28:01,424 DEBUG root] Compacting 1002 response timing into 1000
[2017-09-26 11:28:01,435 DEBUG Engine.jmeter.JTLReader] Aggregating: 1506414024
[2017-09-26 11:28:01,435 DEBUG root] Compacting 1002 response timing into 1000
[2017-09-26 11:28:01,437 DEBUG root] Compacting 1002 response timing into 1000
[2017-09-26 11:28:01,452 DEBUG Engine.jmeter.JTLReader] Aggregating: 1506414025
[2017-09-26 11:28:01,453 DEBUG root] Compacting 1003 response timing into 1000
[2017-09-26 11:28:01,455 DEBUG root] Compacting 1002 response timing into 1000
[2017-09-26 11:28:01,467 DEBUG Engine.jmeter.JTLReader] Aggregating: 1506414028
[2017-09-26 11:28:01,467 DEBUG root] Compacting 1002 response timing into 1000
[2017-09-26 11:28:01,469 DEBUG root] Compacting 1001 response timing into 1000
[2017-09-26 11:28:01,481 DEBUG Engine.jmeter.JTLReader] Aggregating: 1506414029
[2017-09-26 11:28:01,481 DEBUG root] Compacting 1001 response timing into 1000
[2017-09-26 11:28:01,495 DEBUG Engine.jmeter.JTLReader] Aggregating: 1506414030
[2017-09-26 11:28:01,497 DEBUG root] Compacting 1002 response timing into 1000
[2017-09-26 11:28:01,510 DEBUG Engine.jmeter.JTLReader] Aggregating: 1506414031
[2017-09-26 11:28:01,510 DEBUG root] Compacting 1001 response timing into 1000
[2017-09-26 11:28:01,522 DEBUG Engine.jmeter.JTLReader] Aggregating: 1506414033
[2017-09-26 11:28:01,523 DEBUG root] Compacting 1002 response timing into 1000
[2017-09-26 11:28:01,524 DEBUG root] Compacting 1001 response timing into 1000
[2017-09-26 11:28:01,536 DEBUG Engine.jmeter.JTLReader] Aggregating: 1506414036
[2017-09-26 11:28:01,536 DEBUG root] Compacting 1001 response timing into 1000
[2017-09-26 11:28:01,538 DEBUG root] Compacting 1001 response timing into 1000
[2017-09-26 11:28:01,549 DEBUG Engine.jmeter.JTLReader] Aggregating: 1506414037
[2017-09-26 11:28:01,549 DEBUG root] Compacting 1002 response timing into 1000
[2017-09-26 11:28:01,551 DEBUG root] Compacting 1002 response timing into 1000
[2017-09-26 11:28:01,563 DEBUG Engine.jmeter.JTLReader] Aggregating: 1506414040
[2017-09-26 11:28:01,563 DEBUG root] Compacting 1001 response timing into 1000
[2017-09-26 11:28:01,564 DEBUG root] Compacting 1001 response timing into 1000
[2017-09-26 11:28:01,576 DEBUG Engine.jmeter.JTLReader] Aggregating: 1506414045
[2017-09-26 11:28:01,577 DEBUG root] Compacting 1001 response timing into 1000
[2017-09-26 11:28:01,588 DEBUG Engine.jmeter.JTLReader] Aggregating: 1506414050
[2017-09-26 11:28:01,588 DEBUG root] Compacting 1001 response timing into 1000
[2017-09-26 11:28:01,590 DEBUG root] Compacting 1001 response timing into 1000
[2017-09-26 11:28:01,601 DEBUG Engine.consolidator] Consolidator buffer[134]: [1506413856, 1506413857, 1506413863, 1506413866, 1506413867, 1506413879, 1506414004, 1506414005, 1506413899, 1506413901, 1506413653, 1506413654, 1506413655, 1506413656, 1506413657, 1506413658, 1506413659, 1506413660, 1506413661, 1506413662, 1506413663, 1506413664, 1506413665, 1506413666, 1506413667, 1506413668, 1506413669, 1506413670, 1506413671, 1506413672, 1506413673, 1506413674, 1506413675, 1506413676, 1506413677, 1506413678, 1506413679, 1506413680, 1506413681, 1506413682, 1506413683, 1506413684, 1506413685, 1506413686, 1506413687, 1506413688, 1506413689, 1506413690, 1506413691, 1506413692, 1506413693, 1506413694, 1506413695, 1506413696, 1506413697, 1506413698, 1506413699, 1506413700, 1506413701, 1506413702, 1506413703, 1506413704, 1506413705, 1506413706, 1506413707, 1506413708, 1506413709, 1506413710, 1506413711, 1506413712, 1506413713, 1506413714, 1506413715, 1506413717, 1506413718, 1506413719, 1506413723, 1506413724, 1506413725, 1506413726, 1506413727, 1506413728, 1506413729, 1506413730, 1506413731, 1506413732, 1506413733, 1506413734, 1506413735, 1506413736, 1506413737, 1506413738, 1506413739, 1506413740, 1506413741, 1506413742, 1506413743, 1506413744, 1506413745, 1506413746, 1506414003, 1506413748, 1506413749, 1506413751, 1506413752, 1506413753, 1506414010, 1506413755, 1506413756, 1506413758, 1506413759, 1506414023, 1506413768, 1506414025, 1506414028, 1506414029, 1506414030, 1506414031, 1506414033, 1506413780, 1506414037, 1506414040, 1506414045, 1506413792, 1506414050, 1506414024, 1506413801, 1506413802, 1506413803, 1506413804, 1506413805, 1506414036, 1506413820, 1506413822]
[2017-09-26 11:28:01,601 DEBUG Engine.consolidator] Merging into 1506413653
[2017-09-26 11:28:01,601 DEBUG Engine.consolidator] Merging 1506413653
[2017-09-26 11:28:01,612 DEBUG root] Compacting 1012 response timing into 1000
[2017-09-26 11:28:01,627 DEBUG Engine.consolidator] Processed datapoint: 1506413653/None
[2017-09-26 11:28:01,627 DEBUG Engine.consolidator] Merging into 1506413654
[2017-09-26 11:28:01,627 DEBUG Engine.consolidator] Merging 1506413654
[2017-09-26 11:28:01,638 DEBUG root] Compacting 1014 response timing into 1000
[2017-09-26 11:28:01,652 DEBUG Engine.consolidator] Processed datapoint: 1506413654/None
[2017-09-26 11:28:01,652 DEBUG Engine.consolidator] Merging into 1506413655
[2017-09-26 11:28:01,652 DEBUG Engine.consolidator] Merging 1506413655
[2017-09-26 11:28:01,663 DEBUG root] Compacting 1018 response timing into 1000
[2017-09-26 11:28:01,681 DEBUG Engine.consolidator] Processed datapoint: 1506413655/None
[2017-09-26 11:28:01,681 DEBUG Engine.consolidator] Merging into 1506413656
[2017-09-26 11:28:01,681 DEBUG Engine.consolidator] Merging 1506413656
[2017-09-26 11:28:01,692 DEBUG root] Compacting 1015 response timing into 1000
[2017-09-26 11:28:01,709 DEBUG Engine.consolidator] Processed datapoint: 1506413656/None
[2017-09-26 11:28:01,709 DEBUG Engine.consolidator] Merging into 1506413657
[2017-09-26 11:28:01,709 DEBUG Engine.consolidator] Merging 1506413657
[2017-09-26 11:28:01,721 DEBUG root] Compacting 1011 response timing into 1000
[2017-09-26 11:28:01,736 DEBUG Engine.consolidator] Processed datapoint: 1506413657/None
[2017-09-26 11:28:01,736 DEBUG Engine.consolidator] Merging into 1506413658
[2017-09-26 11:28:01,736 DEBUG Engine.consolidator] Merging 1506413658
[2017-09-26 11:28:01,747 DEBUG root] Compacting 1013 response timing into 1000
[2017-09-26 11:28:01,761 DEBUG Engine.consolidator] Processed datapoint: 1506413658/None
[2017-09-26 11:28:01,761 DEBUG Engine.consolidator] Merging into 1506413659
[2017-09-26 11:28:01,761 DEBUG Engine.consolidator] Merging 1506413659
[2017-09-26 11:28:01,772 DEBUG root] Compacting 1007 response timing into 1000
[2017-09-26 11:28:01,785 DEBUG Engine.consolidator] Processed datapoint: 1506413659/None
[2017-09-26 11:28:01,785 DEBUG Engine.consolidator] Merging into 1506413660
[2017-09-26 11:28:01,785 DEBUG Engine.consolidator] Merging 1506413660
[2017-09-26 11:28:01,795 DEBUG root] Compacting 1016 response timing into 1000
[2017-09-26 11:28:01,811 DEBUG Engine.consolidator] Processed datapoint: 1506413660/None
[2017-09-26 11:28:01,811 DEBUG Engine.consolidator] Merging into 1506413661
[2017-09-26 11:28:01,811 DEBUG Engine.consolidator] Merging 1506413661
[2017-09-26 11:28:01,824 DEBUG root] Compacting 1007 response timing into 1000
[2017-09-26 11:28:01,838 DEBUG Engine.consolidator] Processed datapoint: 1506413661/None
[2017-09-26 11:28:01,838 DEBUG Engine.consolidator] Merging into 1506413662
[2017-09-26 11:28:01,838 DEBUG Engine.consolidator] Merging 1506413662
[2017-09-26 11:28:01,850 DEBUG root] Compacting 1009 response timing into 1000
[2017-09-26 11:28:01,864 DEBUG Engine.consolidator] Processed datapoint: 1506413662/None
[2017-09-26 11:28:01,864 DEBUG Engine.consolidator] Merging into 1506413663
[2017-09-26 11:28:01,864 DEBUG Engine.consolidator] Merging 1506413663
[2017-09-26 11:28:01,875 DEBUG root] Compacting 1008 response timing into 1000
[2017-09-26 11:28:01,887 DEBUG Engine.consolidator] Processed datapoint: 1506413663/None
[2017-09-26 11:28:01,887 DEBUG Engine.consolidator] Merging into 1506413664
[2017-09-26 11:28:01,887 DEBUG Engine.consolidator] Merging 1506413664
[2017-09-26 11:28:01,898 DEBUG root] Compacting 1008 response timing into 1000
[2017-09-26 11:28:01,911 DEBUG Engine.consolidator] Processed datapoint: 1506413664/None
[2017-09-26 11:28:01,911 DEBUG Engine.consolidator] Merging into 1506413665
[2017-09-26 11:28:01,911 DEBUG Engine.consolidator] Merging 1506413665
[2017-09-26 11:28:01,924 DEBUG root] Compacting 1010 response timing into 1000
[2017-09-26 11:28:01,940 DEBUG Engine.consolidator] Processed datapoint: 1506413665/None
[2017-09-26 11:28:01,940 DEBUG Engine.consolidator] Merging into 1506413666
[2017-09-26 11:28:01,940 DEBUG Engine.consolidator] Merging 1506413666
[2017-09-26 11:28:01,951 DEBUG root] Compacting 1009 response timing into 1000
[2017-09-26 11:28:01,965 DEBUG Engine.consolidator] Processed datapoint: 1506413666/None
[2017-09-26 11:28:01,965 DEBUG Engine.consolidator] Merging into 1506413667
[2017-09-26 11:28:01,965 DEBUG Engine.consolidator] Merging 1506413667
[2017-09-26 11:28:01,976 DEBUG root] Compacting 1011 response timing into 1000
[2017-09-26 11:28:01,991 DEBUG Engine.consolidator] Processed datapoint: 1506413667/None
[2017-09-26 11:28:01,991 DEBUG Engine.consolidator] Merging into 1506413668
[2017-09-26 11:28:01,991 DEBUG Engine.consolidator] Merging 1506413668
[2017-09-26 11:28:02,003 DEBUG root] Compacting 1013 response timing into 1000
[2017-09-26 11:28:02,018 DEBUG Engine.consolidator] Processed datapoint: 1506413668/None
[2017-09-26 11:28:02,018 DEBUG Engine.consolidator] Merging into 1506413669
[2017-09-26 11:28:02,018 DEBUG Engine.consolidator] Merging 1506413669
[2017-09-26 11:28:02,030 DEBUG root] Compacting 1004 response timing into 1000
[2017-09-26 11:28:02,045 DEBUG Engine.consolidator] Processed datapoint: 1506413669/None
[2017-09-26 11:28:02,045 DEBUG Engine.consolidator] Merging into 1506413670
[2017-09-26 11:28:02,045 DEBUG Engine.consolidator] Merging 1506413670
[2017-09-26 11:28:02,057 DEBUG root] Compacting 1007 response timing into 1000
[2017-09-26 11:28:02,071 DEBUG Engine.consolidator] Processed datapoint: 1506413670/None
[2017-09-26 11:28:02,072 DEBUG Engine.consolidator] Merging into 1506413671
[2017-09-26 11:28:02,072 DEBUG Engine.consolidator] Merging 1506413671
[2017-09-26 11:28:02,083 DEBUG root] Compacting 1003 response timing into 1000
[2017-09-26 11:28:02,096 DEBUG Engine.consolidator] Processed datapoint: 1506413671/None
[2017-09-26 11:28:02,096 DEBUG Engine.consolidator] Merging into 1506413672
[2017-09-26 11:28:02,096 DEBUG Engine.consolidator] Merging 1506413672
[2017-09-26 11:28:02,107 DEBUG root] Compacting 1006 response timing into 1000
[2017-09-26 11:28:02,120 DEBUG Engine.consolidator] Processed datapoint: 1506413672/None
[2017-09-26 11:28:02,120 DEBUG Engine.consolidator] Merging into 1506413673
[2017-09-26 11:28:02,120 DEBUG Engine.consolidator] Merging 1506413673
[2017-09-26 11:28:02,135 DEBUG root] Compacting 1006 response timing into 1000
[2017-09-26 11:28:02,148 DEBUG Engine.consolidator] Processed datapoint: 1506413673/None
[2017-09-26 11:28:02,148 DEBUG Engine.consolidator] Merging into 1506413674
[2017-09-26 11:28:02,148 DEBUG Engine.consolidator] Merging 1506413674
[2017-09-26 11:28:02,163 DEBUG root] Compacting 1006 response timing into 1000
[2017-09-26 11:28:02,176 DEBUG Engine.consolidator] Processed datapoint: 1506413674/None
[2017-09-26 11:28:02,177 DEBUG Engine.consolidator] Merging into 1506413675
[2017-09-26 11:28:02,177 DEBUG Engine.consolidator] Merging 1506413675
[2017-09-26 11:28:02,188 DEBUG root] Compacting 1005 response timing into 1000
[2017-09-26 11:28:02,201 DEBUG Engine.consolidator] Processed datapoint: 1506413675/None
[2017-09-26 11:28:02,201 DEBUG Engine.consolidator] Merging into 1506413676
[2017-09-26 11:28:02,201 DEBUG Engine.consolidator] Merging 1506413676
[2017-09-26 11:28:02,212 DEBUG root] Compacting 1001 response timing into 1000
[2017-09-26 11:28:02,225 DEBUG Engine.consolidator] Processed datapoint: 1506413676/None
[2017-09-26 11:28:02,225 DEBUG Engine.consolidator] Merging into 1506413677
[2017-09-26 11:28:02,225 DEBUG Engine.consolidator] Merging 1506413677
[2017-09-26 11:28:02,240 DEBUG root] Compacting 1006 response timing into 1000
[2017-09-26 11:28:02,254 DEBUG Engine.consolidator] Processed datapoint: 1506413677/None
[2017-09-26 11:28:02,254 DEBUG Engine.consolidator] Merging into 1506413678
[2017-09-26 11:28:02,255 DEBUG Engine.consolidator] Merging 1506413678
[2017-09-26 11:28:02,269 DEBUG root] Compacting 1008 response timing into 1000
[2017-09-26 11:28:02,284 DEBUG Engine.consolidator] Processed datapoint: 1506413678/None
[2017-09-26 11:28:02,284 DEBUG Engine.consolidator] Merging into 1506413679
[2017-09-26 11:28:02,284 DEBUG Engine.consolidator] Merging 1506413679
[2017-09-26 11:28:02,295 DEBUG root] Compacting 1004 response timing into 1000
[2017-09-26 11:28:02,309 DEBUG Engine.consolidator] Processed datapoint: 1506413679/None
[2017-09-26 11:28:02,309 DEBUG Engine.consolidator] Merging into 1506413680
[2017-09-26 11:28:02,309 DEBUG Engine.consolidator] Merging 1506413680
[2017-09-26 11:28:02,323 DEBUG root] Compacting 1006 response timing into 1000
[2017-09-26 11:28:02,337 DEBUG Engine.consolidator] Processed datapoint: 1506413680/None
[2017-09-26 11:28:02,337 DEBUG Engine.consolidator] Merging into 1506413681
[2017-09-26 11:28:02,337 DEBUG Engine.consolidator] Merging 1506413681
[2017-09-26 11:28:02,348 DEBUG root] Compacting 1005 response timing into 1000
[2017-09-26 11:28:02,361 DEBUG Engine.consolidator] Processed datapoint: 1506413681/None
[2017-09-26 11:28:02,361 DEBUG Engine.consolidator] Merging into 1506413682
[2017-09-26 11:28:02,361 DEBUG Engine.consolidator] Merging 1506413682
[2017-09-26 11:28:02,372 DEBUG root] Compacting 1008 response timing into 1000
[2017-09-26 11:28:02,385 DEBUG Engine.consolidator] Processed datapoint: 1506413682/None
[2017-09-26 11:28:02,385 DEBUG Engine.consolidator] Merging into 1506413683
[2017-09-26 11:28:02,385 DEBUG Engine.consolidator] Merging 1506413683
[2017-09-26 11:28:02,395 DEBUG root] Compacting 1005 response timing into 1000
[2017-09-26 11:28:02,407 DEBUG Engine.consolidator] Processed datapoint: 1506413683/None
[2017-09-26 11:28:02,407 DEBUG Engine.consolidator] Merging into 1506413684
[2017-09-26 11:28:02,407 DEBUG Engine.consolidator] Merging 1506413684
[2017-09-26 11:28:02,418 DEBUG root] Compacting 1008 response timing into 1000
[2017-09-26 11:28:02,431 DEBUG Engine.consolidator] Processed datapoint: 1506413684/None
[2017-09-26 11:28:02,431 DEBUG Engine.consolidator] Merging into 1506413685
[2017-09-26 11:28:02,431 DEBUG Engine.consolidator] Merging 1506413685
[2017-09-26 11:28:02,443 DEBUG root] Compacting 1011 response timing into 1000
[2017-09-26 11:28:02,457 DEBUG Engine.consolidator] Processed datapoint: 1506413685/None
[2017-09-26 11:28:02,457 DEBUG Engine.consolidator] Merging into 1506413686
[2017-09-26 11:28:02,457 DEBUG Engine.consolidator] Merging 1506413686
[2017-09-26 11:28:02,471 DEBUG root] Compacting 1012 response timing into 1000
[2017-09-26 11:28:02,485 DEBUG Engine.consolidator] Processed datapoint: 1506413686/None
[2017-09-26 11:28:02,485 DEBUG Engine.consolidator] Merging into 1506413687
[2017-09-26 11:28:02,485 DEBUG Engine.consolidator] Merging 1506413687
[2017-09-26 11:28:02,497 DEBUG root] Compacting 1007 response timing into 1000
[2017-09-26 11:28:02,510 DEBUG Engine.consolidator] Processed datapoint: 1506413687/None
[2017-09-26 11:28:02,510 DEBUG Engine.consolidator] Merging into 1506413688
[2017-09-26 11:28:02,510 DEBUG Engine.consolidator] Merging 1506413688
[2017-09-26 11:28:02,521 DEBUG root] Compacting 1006 response timing into 1000
[2017-09-26 11:28:02,534 DEBUG Engine.consolidator] Processed datapoint: 1506413688/None
[2017-09-26 11:28:02,534 DEBUG Engine.consolidator] Merging into 1506413689
[2017-09-26 11:28:02,534 DEBUG Engine.consolidator] Merging 1506413689
[2017-09-26 11:28:02,546 DEBUG root] Compacting 1010 response timing into 1000
[2017-09-26 11:28:02,559 DEBUG Engine.consolidator] Processed datapoint: 1506413689/None
[2017-09-26 11:28:02,559 DEBUG Engine.consolidator] Merging into 1506413690
[2017-09-26 11:28:02,559 DEBUG Engine.consolidator] Merging 1506413690
[2017-09-26 11:28:02,571 DEBUG root] Compacting 1004 response timing into 1000
[2017-09-26 11:28:02,584 DEBUG Engine.consolidator] Processed datapoint: 1506413690/None
[2017-09-26 11:28:02,584 DEBUG Engine.consolidator] Merging into 1506413691
[2017-09-26 11:28:02,584 DEBUG Engine.consolidator] Merging 1506413691
[2017-09-26 11:28:02,594 DEBUG root] Compacting 1008 response timing into 1000
[2017-09-26 11:28:02,608 DEBUG Engine.consolidator] Processed datapoint: 1506413691/None
[2017-09-26 11:28:02,608 DEBUG Engine.consolidator] Merging into 1506413692
[2017-09-26 11:28:02,608 DEBUG Engine.consolidator] Merging 1506413692
[2017-09-26 11:28:02,619 DEBUG root] Compacting 1006 response timing into 1000
[2017-09-26 11:28:02,632 DEBUG Engine.consolidator] Processed datapoint: 1506413692/None
[2017-09-26 11:28:02,632 DEBUG Engine.consolidator] Merging into 1506413693
[2017-09-26 11:28:02,632 DEBUG Engine.consolidator] Merging 1506413693
[2017-09-26 11:28:02,643 DEBUG root] Compacting 1004 response timing into 1000
[2017-09-26 11:28:02,657 DEBUG Engine.consolidator] Processed datapoint: 1506413693/None
[2017-09-26 11:28:02,657 DEBUG Engine.consolidator] Merging into 1506413694
[2017-09-26 11:28:02,657 DEBUG Engine.consolidator] Merging 1506413694
[2017-09-26 11:28:02,668 DEBUG root] Compacting 1002 response timing into 1000
[2017-09-26 11:28:02,682 DEBUG Engine.consolidator] Processed datapoint: 1506413694/None
[2017-09-26 11:28:02,682 DEBUG Engine.consolidator] Merging into 1506413695
[2017-09-26 11:28:02,682 DEBUG Engine.consolidator] Merging 1506413695
[2017-09-26 11:28:02,692 DEBUG root] Compacting 1002 response timing into 1000
[2017-09-26 11:28:02,705 DEBUG Engine.consolidator] Processed datapoint: 1506413695/None
[2017-09-26 11:28:02,705 DEBUG Engine.consolidator] Merging into 1506413696
[2017-09-26 11:28:02,705 DEBUG Engine.consolidator] Merging 1506413696
[2017-09-26 11:28:02,717 DEBUG root] Compacting 1006 response timing into 1000
[2017-09-26 11:28:02,731 DEBUG Engine.consolidator] Processed datapoint: 1506413696/None
[2017-09-26 11:28:02,732 DEBUG Engine.consolidator] Merging into 1506413697
[2017-09-26 11:28:02,732 DEBUG Engine.consolidator] Merging 1506413697
[2017-09-26 11:28:02,743 DEBUG root] Compacting 1003 response timing into 1000
[2017-09-26 11:28:02,757 DEBUG Engine.consolidator] Processed datapoint: 1506413697/None
[2017-09-26 11:28:02,757 DEBUG Engine.consolidator] Merging into 1506413698
[2017-09-26 11:28:02,757 DEBUG Engine.consolidator] Merging 1506413698
[2017-09-26 11:28:02,768 DEBUG root] Compacting 1010 response timing into 1000
[2017-09-26 11:28:02,782 DEBUG Engine.consolidator] Processed datapoint: 1506413698/None
[2017-09-26 11:28:02,782 DEBUG Engine.consolidator] Merging into 1506413699
[2017-09-26 11:28:02,782 DEBUG Engine.consolidator] Merging 1506413699
[2017-09-26 11:28:02,794 DEBUG root] Compacting 1015 response timing into 1000
[2017-09-26 11:28:02,808 DEBUG Engine.consolidator] Processed datapoint: 1506413699/None
[2017-09-26 11:28:02,808 DEBUG Engine.consolidator] Merging into 1506413700
[2017-09-26 11:28:02,808 DEBUG Engine.consolidator] Merging 1506413700
[2017-09-26 11:28:02,820 DEBUG root] Compacting 1019 response timing into 1000
[2017-09-26 11:28:02,835 DEBUG Engine.consolidator] Processed datapoint: 1506413700/None
[2017-09-26 11:28:02,835 DEBUG Engine.consolidator] Merging into 1506413701
[2017-09-26 11:28:02,836 DEBUG Engine.consolidator] Merging 1506413701
[2017-09-26 11:28:02,847 DEBUG root] Compacting 1016 response timing into 1000
[2017-09-26 11:28:02,861 DEBUG Engine.consolidator] Processed datapoint: 1506413701/None
[2017-09-26 11:28:02,861 DEBUG Engine.consolidator] Merging into 1506413702
[2017-09-26 11:28:02,861 DEBUG Engine.consolidator] Merging 1506413702
[2017-09-26 11:28:02,872 DEBUG root] Compacting 1010 response timing into 1000
[2017-09-26 11:28:02,886 DEBUG Engine.consolidator] Processed datapoint: 1506413702/None
[2017-09-26 11:28:02,886 DEBUG Engine.consolidator] Merging into 1506413703
[2017-09-26 11:28:02,886 DEBUG Engine.consolidator] Merging 1506413703
[2017-09-26 11:28:02,897 DEBUG root] Compacting 1003 response timing into 1000
[2017-09-26 11:28:02,910 DEBUG Engine.consolidator] Processed datapoint: 1506413703/None
[2017-09-26 11:28:02,910 DEBUG Engine.consolidator] Merging into 1506413704
[2017-09-26 11:28:02,910 DEBUG Engine.consolidator] Merging 1506413704
[2017-09-26 11:28:02,921 DEBUG root] Compacting 1002 response timing into 1000
[2017-09-26 11:28:02,935 DEBUG Engine.consolidator] Processed datapoint: 1506413704/None
[2017-09-26 11:28:02,935 DEBUG Engine.consolidator] Merging into 1506413705
[2017-09-26 11:28:02,935 DEBUG Engine.consolidator] Merging 1506413705
[2017-09-26 11:28:02,950 DEBUG root] Compacting 1008 response timing into 1000
[2017-09-26 11:28:02,965 DEBUG Engine.consolidator] Processed datapoint: 1506413705/None
[2017-09-26 11:28:02,965 DEBUG Engine.consolidator] Merging into 1506413706
[2017-09-26 11:28:02,965 DEBUG Engine.consolidator] Merging 1506413706
[2017-09-26 11:28:02,977 DEBUG root] Compacting 1008 response timing into 1000
[2017-09-26 11:28:02,990 DEBUG Engine.consolidator] Processed datapoint: 1506413706/None
[2017-09-26 11:28:02,990 DEBUG Engine.consolidator] Merging into 1506413707
[2017-09-26 11:28:02,990 DEBUG Engine.consolidator] Merging 1506413707
[2017-09-26 11:28:03,001 DEBUG root] Compacting 1003 response timing into 1000
[2017-09-26 11:28:03,015 DEBUG Engine.consolidator] Processed datapoint: 1506413707/None
[2017-09-26 11:28:03,015 DEBUG Engine.consolidator] Merging into 1506413708
[2017-09-26 11:28:03,015 DEBUG Engine.consolidator] Merging 1506413708
[2017-09-26 11:28:03,026 DEBUG root] Compacting 1003 response timing into 1000
[2017-09-26 11:28:03,040 DEBUG Engine.consolidator] Processed datapoint: 1506413708/None
[2017-09-26 11:28:03,040 DEBUG Engine.consolidator] Merging into 1506413709
[2017-09-26 11:28:03,040 DEBUG Engine.consolidator] Merging 1506413709
[2017-09-26 11:28:03,055 DEBUG root] Compacting 1012 response timing into 1000
[2017-09-26 11:28:03,069 DEBUG Engine.consolidator] Processed datapoint: 1506413709/None
[2017-09-26 11:28:03,069 DEBUG Engine.consolidator] Merging into 1506413710
[2017-09-26 11:28:03,069 DEBUG Engine.consolidator] Merging 1506413710
[2017-09-26 11:28:03,081 DEBUG root] Compacting 1007 response timing into 1000
[2017-09-26 11:28:03,095 DEBUG Engine.consolidator] Processed datapoint: 1506413710/None
[2017-09-26 11:28:03,095 DEBUG Engine.consolidator] Merging into 1506413711
[2017-09-26 11:28:03,095 DEBUG Engine.consolidator] Merging 1506413711
[2017-09-26 11:28:03,107 DEBUG root] Compacting 1002 response timing into 1000
[2017-09-26 11:28:03,120 DEBUG Engine.consolidator] Processed datapoint: 1506413711/None
[2017-09-26 11:28:03,120 DEBUG Engine.consolidator] Merging into 1506413712
[2017-09-26 11:28:03,120 DEBUG Engine.consolidator] Merging 1506413712
[2017-09-26 11:28:03,131 DEBUG root] Compacting 1004 response timing into 1000
[2017-09-26 11:28:03,145 DEBUG Engine.consolidator] Processed datapoint: 1506413712/None
[2017-09-26 11:28:03,145 DEBUG Engine.consolidator] Merging into 1506413713
[2017-09-26 11:28:03,145 DEBUG Engine.consolidator] Merging 1506413713
[2017-09-26 11:28:03,156 DEBUG root] Compacting 1001 response timing into 1000
[2017-09-26 11:28:03,169 DEBUG Engine.consolidator] Processed datapoint: 1506413713/None
[2017-09-26 11:28:03,169 DEBUG Engine.consolidator] Merging into 1506413714
[2017-09-26 11:28:03,169 DEBUG Engine.consolidator] Merging 1506413714
[2017-09-26 11:28:03,181 DEBUG root] Compacting 1003 response timing into 1000
[2017-09-26 11:28:03,193 DEBUG Engine.consolidator] Processed datapoint: 1506413714/None
[2017-09-26 11:28:03,193 DEBUG Engine.consolidator] Merging into 1506413715
[2017-09-26 11:28:03,193 DEBUG Engine.consolidator] Merging 1506413715
[2017-09-26 11:28:03,209 DEBUG root] Compacting 1001 response timing into 1000
[2017-09-26 11:28:03,223 DEBUG Engine.consolidator] Processed datapoint: 1506413715/None
[2017-09-26 11:28:03,224 DEBUG Engine.consolidator] Merging into 1506413717
[2017-09-26 11:28:03,224 DEBUG Engine.consolidator] Merging 1506413717
[2017-09-26 11:28:03,235 DEBUG root] Compacting 1002 response timing into 1000
[2017-09-26 11:28:03,253 DEBUG Engine.consolidator] Processed datapoint: 1506413717/None
[2017-09-26 11:28:03,253 DEBUG Engine.consolidator] Merging into 1506413718
[2017-09-26 11:28:03,253 DEBUG Engine.consolidator] Merging 1506413718
[2017-09-26 11:28:03,266 DEBUG root] Compacting 1002 response timing into 1000
[2017-09-26 11:28:03,280 DEBUG Engine.consolidator] Processed datapoint: 1506413718/None
[2017-09-26 11:28:03,280 DEBUG Engine.consolidator] Merging into 1506413719
[2017-09-26 11:28:03,280 DEBUG Engine.consolidator] Merging 1506413719
[2017-09-26 11:28:03,292 DEBUG root] Compacting 1001 response timing into 1000
[2017-09-26 11:28:03,305 DEBUG Engine.consolidator] Processed datapoint: 1506413719/None
[2017-09-26 11:28:03,305 DEBUG Engine.consolidator] Merging into 1506413723
[2017-09-26 11:28:03,305 DEBUG Engine.consolidator] Merging 1506413723
[2017-09-26 11:28:03,320 DEBUG root] Compacting 1002 response timing into 1000
[2017-09-26 11:28:03,335 DEBUG Engine.consolidator] Processed datapoint: 1506413723/None
[2017-09-26 11:28:03,335 DEBUG Engine.consolidator] Merging into 1506413724
[2017-09-26 11:28:03,335 DEBUG Engine.consolidator] Merging 1506413724
[2017-09-26 11:28:03,347 DEBUG root] Compacting 1001 response timing into 1000
[2017-09-26 11:28:03,361 DEBUG Engine.consolidator] Processed datapoint: 1506413724/None
[2017-09-26 11:28:03,361 DEBUG Engine.consolidator] Merging into 1506413725
[2017-09-26 11:28:03,361 DEBUG Engine.consolidator] Merging 1506413725
[2017-09-26 11:28:03,373 DEBUG root] Compacting 1001 response timing into 1000
[2017-09-26 11:28:03,386 DEBUG Engine.consolidator] Processed datapoint: 1506413725/None
[2017-09-26 11:28:03,386 DEBUG Engine.consolidator] Merging into 1506413726
[2017-09-26 11:28:03,386 DEBUG Engine.consolidator] Merging 1506413726
[2017-09-26 11:28:03,398 DEBUG root] Compacting 1009 response timing into 1000
[2017-09-26 11:28:03,414 DEBUG Engine.consolidator] Processed datapoint: 1506413726/None
[2017-09-26 11:28:03,414 DEBUG Engine.consolidator] Merging into 1506413727
[2017-09-26 11:28:03,414 DEBUG Engine.consolidator] Merging 1506413727
[2017-09-26 11:28:03,427 DEBUG root] Compacting 1017 response timing into 1000
[2017-09-26 11:28:03,444 DEBUG Engine.consolidator] Processed datapoint: 1506413727/None
[2017-09-26 11:28:03,444 DEBUG Engine.consolidator] Merging into 1506413728
[2017-09-26 11:28:03,444 DEBUG Engine.consolidator] Merging 1506413728
[2017-09-26 11:28:03,456 DEBUG root] Compacting 1016 response timing into 1000
[2017-09-26 11:28:03,471 DEBUG Engine.consolidator] Processed datapoint: 1506413728/None
[2017-09-26 11:28:03,471 DEBUG Engine.consolidator] Merging into 1506413729
[2017-09-26 11:28:03,472 DEBUG Engine.consolidator] Merging 1506413729
[2017-09-26 11:28:03,484 DEBUG root] Compacting 1009 response timing into 1000
[2017-09-26 11:28:03,500 DEBUG Engine.consolidator] Processed datapoint: 1506413729/None
[2017-09-26 11:28:03,500 DEBUG Engine.consolidator] Merging into 1506413730
[2017-09-26 11:28:03,500 DEBUG Engine.consolidator] Merging 1506413730
[2017-09-26 11:28:03,515 DEBUG root] Compacting 1010 response timing into 1000
[2017-09-26 11:28:03,531 DEBUG Engine.consolidator] Processed datapoint: 1506413730/None
[2017-09-26 11:28:03,531 DEBUG Engine.consolidator] Merging into 1506413731
[2017-09-26 11:28:03,531 DEBUG Engine.consolidator] Merging 1506413731
[2017-09-26 11:28:03,544 DEBUG root] Compacting 1004 response timing into 1000
[2017-09-26 11:28:03,557 DEBUG Engine.consolidator] Processed datapoint: 1506413731/None
[2017-09-26 11:28:03,557 DEBUG Engine.consolidator] Merging into 1506413732
[2017-09-26 11:28:03,557 DEBUG Engine.consolidator] Merging 1506413732
[2017-09-26 11:28:03,569 DEBUG root] Compacting 1001 response timing into 1000
[2017-09-26 11:28:03,583 DEBUG Engine.consolidator] Processed datapoint: 1506413732/None
[2017-09-26 11:28:03,583 DEBUG Engine.consolidator] Merging into 1506413733
[2017-09-26 11:28:03,583 DEBUG Engine.consolidator] Merging 1506413733
[2017-09-26 11:28:03,594 DEBUG root] Compacting 1002 response timing into 1000
[2017-09-26 11:28:03,609 DEBUG Engine.consolidator] Processed datapoint: 1506413733/None
[2017-09-26 11:28:03,609 DEBUG Engine.consolidator] Merging into 1506413734
[2017-09-26 11:28:03,609 DEBUG Engine.consolidator] Merging 1506413734
[2017-09-26 11:28:03,621 DEBUG root] Compacting 1006 response timing into 1000
[2017-09-26 11:28:03,636 DEBUG Engine.consolidator] Processed datapoint: 1506413734/None
[2017-09-26 11:28:03,636 DEBUG Engine.consolidator] Merging into 1506413735
[2017-09-26 11:28:03,636 DEBUG Engine.consolidator] Merging 1506413735
[2017-09-26 11:28:03,649 DEBUG root] Compacting 1004 response timing into 1000
[2017-09-26 11:28:03,663 DEBUG Engine.consolidator] Processed datapoint: 1506413735/None
[2017-09-26 11:28:03,663 DEBUG Engine.consolidator] Merging into 1506413736
[2017-09-26 11:28:03,663 DEBUG Engine.consolidator] Merging 1506413736
[2017-09-26 11:28:03,675 DEBUG root] Compacting 1008 response timing into 1000
[2017-09-26 11:28:03,690 DEBUG Engine.consolidator] Processed datapoint: 1506413736/None
[2017-09-26 11:28:03,690 DEBUG Engine.consolidator] Merging into 1506413737
[2017-09-26 11:28:03,690 DEBUG Engine.consolidator] Merging 1506413737
[2017-09-26 11:28:03,703 DEBUG root] Compacting 1004 response timing into 1000
[2017-09-26 11:28:03,717 DEBUG Engine.consolidator] Processed datapoint: 1506413737/None
[2017-09-26 11:28:03,717 DEBUG Engine.consolidator] Merging into 1506413738
[2017-09-26 11:28:03,717 DEBUG Engine.consolidator] Merging 1506413738
[2017-09-26 11:28:03,730 DEBUG root] Compacting 1004 response timing into 1000
[2017-09-26 11:28:03,744 DEBUG Engine.consolidator] Processed datapoint: 1506413738/None
[2017-09-26 11:28:03,744 DEBUG Engine.consolidator] Merging into 1506413739
[2017-09-26 11:28:03,744 DEBUG Engine.consolidator] Merging 1506413739
[2017-09-26 11:28:03,756 DEBUG root] Compacting 1002 response timing into 1000
[2017-09-26 11:28:03,772 DEBUG Engine.consolidator] Processed datapoint: 1506413739/None
[2017-09-26 11:28:03,772 DEBUG Engine.consolidator] Merging into 1506413740
[2017-09-26 11:28:03,773 DEBUG Engine.consolidator] Merging 1506413740
[2017-09-26 11:28:03,785 DEBUG root] Compacting 1005 response timing into 1000
[2017-09-26 11:28:03,799 DEBUG Engine.consolidator] Processed datapoint: 1506413740/None
[2017-09-26 11:28:03,799 DEBUG Engine.consolidator] Merging into 1506413741
[2017-09-26 11:28:03,799 DEBUG Engine.consolidator] Merging 1506413741
[2017-09-26 11:28:03,823 DEBUG Engine.consolidator] Processed datapoint: 1506413741/None
[2017-09-26 11:28:03,823 DEBUG Engine.consolidator] Merging into 1506413742
[2017-09-26 11:28:03,823 DEBUG Engine.consolidator] Merging 1506413742
[2017-09-26 11:28:03,837 DEBUG root] Compacting 1003 response timing into 1000
[2017-09-26 11:28:03,851 DEBUG Engine.consolidator] Processed datapoint: 1506413742/None
[2017-09-26 11:28:03,851 DEBUG Engine.consolidator] Merging into 1506413743
[2017-09-26 11:28:03,851 DEBUG Engine.consolidator] Merging 1506413743
[2017-09-26 11:28:03,863 DEBUG root] Compacting 1001 response timing into 1000
[2017-09-26 11:28:03,877 DEBUG Engine.consolidator] Processed datapoint: 1506413743/None
[2017-09-26 11:28:03,877 DEBUG Engine.consolidator] Merging into 1506413744
[2017-09-26 11:28:03,877 DEBUG Engine.consolidator] Merging 1506413744
[2017-09-26 11:28:03,889 DEBUG root] Compacting 1002 response timing into 1000
[2017-09-26 11:28:03,903 DEBUG Engine.consolidator] Processed datapoint: 1506413744/None
[2017-09-26 11:28:03,903 DEBUG Engine.consolidator] Merging into 1506413745
[2017-09-26 11:28:03,903 DEBUG Engine.consolidator] Merging 1506413745
[2017-09-26 11:28:03,915 DEBUG root] Compacting 1001 response timing into 1000
[2017-09-26 11:28:03,929 DEBUG Engine.consolidator] Processed datapoint: 1506413745/None
[2017-09-26 11:28:03,929 DEBUG Engine.consolidator] Merging into 1506413746
[2017-09-26 11:28:03,929 DEBUG Engine.consolidator] Merging 1506413746
[2017-09-26 11:28:03,941 DEBUG root] Compacting 1001 response timing into 1000
[2017-09-26 11:28:03,958 DEBUG Engine.consolidator] Processed datapoint: 1506413746/None
[2017-09-26 11:28:03,958 DEBUG Engine.consolidator] Merging into 1506413748
[2017-09-26 11:28:03,958 DEBUG Engine.consolidator] Merging 1506413748
[2017-09-26 11:28:03,971 DEBUG root] Compacting 1003 response timing into 1000
[2017-09-26 11:28:03,985 DEBUG Engine.consolidator] Processed datapoint: 1506413748/None
[2017-09-26 11:28:03,985 DEBUG Engine.consolidator] Merging into 1506413749
[2017-09-26 11:28:03,985 DEBUG Engine.consolidator] Merging 1506413749
[2017-09-26 11:28:03,998 DEBUG root] Compacting 1001 response timing into 1000
[2017-09-26 11:28:04,014 DEBUG Engine.consolidator] Processed datapoint: 1506413749/None
[2017-09-26 11:28:04,014 DEBUG Engine.consolidator] Merging into 1506413751
[2017-09-26 11:28:04,014 DEBUG Engine.consolidator] Merging 1506413751
[2017-09-26 11:28:04,027 DEBUG root] Compacting 1001 response timing into 1000
[2017-09-26 11:28:04,040 DEBUG Engine.consolidator] Processed datapoint: 1506413751/None
[2017-09-26 11:28:04,040 DEBUG Engine.consolidator] Merging into 1506413752
[2017-09-26 11:28:04,041 DEBUG Engine.consolidator] Merging 1506413752
[2017-09-26 11:28:04,053 DEBUG root] Compacting 1005 response timing into 1000
[2017-09-26 11:28:04,067 DEBUG Engine.consolidator] Processed datapoint: 1506413752/None
[2017-09-26 11:28:04,067 DEBUG Engine.consolidator] Merging into 1506413753
[2017-09-26 11:28:04,067 DEBUG Engine.consolidator] Merging 1506413753
[2017-09-26 11:28:04,078 DEBUG root] Compacting 1004 response timing into 1000
[2017-09-26 11:28:04,092 DEBUG Engine.consolidator] Processed datapoint: 1506413753/None
[2017-09-26 11:28:04,092 DEBUG Engine.consolidator] Merging into 1506413755
[2017-09-26 11:28:04,092 DEBUG Engine.consolidator] Merging 1506413755
[2017-09-26 11:28:04,104 DEBUG root] Compacting 1002 response timing into 1000
[2017-09-26 11:28:04,117 DEBUG Engine.consolidator] Processed datapoint: 1506413755/None
[2017-09-26 11:28:04,117 DEBUG Engine.consolidator] Merging into 1506413756
[2017-09-26 11:28:04,117 DEBUG Engine.consolidator] Merging 1506413756
[2017-09-26 11:28:04,133 DEBUG root] Compacting 1001 response timing into 1000
[2017-09-26 11:28:04,148 DEBUG Engine.consolidator] Processed datapoint: 1506413756/None
[2017-09-26 11:28:04,148 DEBUG Engine.consolidator] Merging into 1506413758
[2017-09-26 11:28:04,148 DEBUG Engine.consolidator] Merging 1506413758
[2017-09-26 11:28:04,160 DEBUG root] Compacting 1001 response timing into 1000
[2017-09-26 11:28:04,173 DEBUG Engine.consolidator] Processed datapoint: 1506413758/None
[2017-09-26 11:28:04,173 DEBUG Engine.consolidator] Merging into 1506413759
[2017-09-26 11:28:04,173 DEBUG Engine.consolidator] Merging 1506413759
[2017-09-26 11:28:04,185 DEBUG root] Compacting 1001 response timing into 1000
[2017-09-26 11:28:04,198 DEBUG Engine.consolidator] Processed datapoint: 1506413759/None
[2017-09-26 11:28:04,198 DEBUG Engine.consolidator] Merging into 1506413768
[2017-09-26 11:28:04,198 DEBUG Engine.consolidator] Merging 1506413768
[2017-09-26 11:28:04,211 DEBUG root] Compacting 1001 response timing into 1000
[2017-09-26 11:28:04,225 DEBUG Engine.consolidator] Processed datapoint: 1506413768/None
[2017-09-26 11:28:04,225 DEBUG Engine.consolidator] Merging into 1506413780
[2017-09-26 11:28:04,225 DEBUG Engine.consolidator] Merging 1506413780
[2017-09-26 11:28:04,237 DEBUG root] Compacting 1001 response timing into 1000
[2017-09-26 11:28:04,251 DEBUG Engine.consolidator] Processed datapoint: 1506413780/None
[2017-09-26 11:28:04,251 DEBUG Engine.consolidator] Merging into 1506413792
[2017-09-26 11:28:04,251 DEBUG Engine.consolidator] Merging 1506413792
[2017-09-26 11:28:04,263 DEBUG root] Compacting 1001 response timing into 1000
[2017-09-26 11:28:04,277 DEBUG Engine.consolidator] Processed datapoint: 1506413792/None
[2017-09-26 11:28:04,277 DEBUG Engine.consolidator] Merging into 1506413801
[2017-09-26 11:28:04,277 DEBUG Engine.consolidator] Merging 1506413801
[2017-09-26 11:28:04,289 DEBUG root] Compacting 1002 response timing into 1000
[2017-09-26 11:28:04,303 DEBUG Engine.consolidator] Processed datapoint: 1506413801/None
[2017-09-26 11:28:04,303 DEBUG Engine.consolidator] Merging into 1506413802
[2017-09-26 11:28:04,303 DEBUG Engine.consolidator] Merging 1506413802
[2017-09-26 11:28:04,316 DEBUG root] Compacting 1003 response timing into 1000
[2017-09-26 11:28:04,330 DEBUG Engine.consolidator] Processed datapoint: 1506413802/None
[2017-09-26 11:28:04,330 DEBUG Engine.consolidator] Merging into 1506413803
[2017-09-26 11:28:04,330 DEBUG Engine.consolidator] Merging 1506413803
[2017-09-26 11:28:04,342 DEBUG root] Compacting 1001 response timing into 1000
[2017-09-26 11:28:04,355 DEBUG Engine.consolidator] Processed datapoint: 1506413803/None
[2017-09-26 11:28:04,355 DEBUG Engine.consolidator] Merging into 1506413804
[2017-09-26 11:28:04,355 DEBUG Engine.consolidator] Merging 1506413804
[2017-09-26 11:28:04,367 DEBUG root] Compacting 1002 response timing into 1000
[2017-09-26 11:28:04,380 DEBUG Engine.consolidator] Processed datapoint: 1506413804/None
[2017-09-26 11:28:04,380 DEBUG Engine.consolidator] Merging into 1506413805
[2017-09-26 11:28:04,380 DEBUG Engine.consolidator] Merging 1506413805
[2017-09-26 11:28:04,393 DEBUG root] Compacting 1001 response timing into 1000
[2017-09-26 11:28:04,407 DEBUG Engine.consolidator] Processed datapoint: 1506413805/None
[2017-09-26 11:28:04,407 DEBUG Engine.consolidator] Merging into 1506413820
[2017-09-26 11:28:04,407 DEBUG Engine.consolidator] Merging 1506413820
[2017-09-26 11:28:04,419 DEBUG root] Compacting 1001 response timing into 1000
[2017-09-26 11:28:04,433 DEBUG Engine.consolidator] Processed datapoint: 1506413820/None
[2017-09-26 11:28:04,433 DEBUG Engine.consolidator] Merging into 1506413822
[2017-09-26 11:28:04,433 DEBUG Engine.consolidator] Merging 1506413822
[2017-09-26 11:28:04,445 DEBUG root] Compacting 1002 response timing into 1000
[2017-09-26 11:28:04,459 DEBUG Engine.consolidator] Processed datapoint: 1506413822/None
[2017-09-26 11:28:04,459 DEBUG Engine.consolidator] Merging into 1506413856
[2017-09-26 11:28:04,459 DEBUG Engine.consolidator] Merging 1506413856
[2017-09-26 11:28:04,484 DEBUG Engine.consolidator] Processed datapoint: 1506413856/None
[2017-09-26 11:28:04,484 DEBUG Engine.consolidator] Merging into 1506413857
[2017-09-26 11:28:04,484 DEBUG Engine.consolidator] Merging 1506413857
[2017-09-26 11:28:04,513 DEBUG Engine.consolidator] Processed datapoint: 1506413857/None
[2017-09-26 11:28:04,513 DEBUG Engine.consolidator] Merging into 1506413863
[2017-09-26 11:28:04,513 DEBUG Engine.consolidator] Merging 1506413863
[2017-09-26 11:28:04,538 DEBUG Engine.consolidator] Processed datapoint: 1506413863/None
[2017-09-26 11:28:04,539 DEBUG Engine.consolidator] Merging into 1506413866
[2017-09-26 11:28:04,539 DEBUG Engine.consolidator] Merging 1506413866
[2017-09-26 11:28:04,551 DEBUG root] Compacting 1001 response timing into 1000
[2017-09-26 11:28:04,564 DEBUG Engine.consolidator] Processed datapoint: 1506413866/None
[2017-09-26 11:28:04,564 DEBUG Engine.consolidator] Merging into 1506413867
[2017-09-26 11:28:04,564 DEBUG Engine.consolidator] Merging 1506413867
[2017-09-26 11:28:04,577 DEBUG root] Compacting 1002 response timing into 1000
[2017-09-26 11:28:04,590 DEBUG Engine.consolidator] Processed datapoint: 1506413867/None
[2017-09-26 11:28:04,590 DEBUG Engine.consolidator] Merging into 1506413879
[2017-09-26 11:28:04,590 DEBUG Engine.consolidator] Merging 1506413879
[2017-09-26 11:28:04,602 DEBUG root] Compacting 1001 response timing into 1000
[2017-09-26 11:28:04,614 DEBUG Engine.consolidator] Processed datapoint: 1506413879/None
[2017-09-26 11:28:04,614 DEBUG Engine.consolidator] Merging into 1506413899
[2017-09-26 11:28:04,614 DEBUG Engine.consolidator] Merging 1506413899
[2017-09-26 11:28:04,626 DEBUG root] Compacting 1001 response timing into 1000
[2017-09-26 11:28:04,640 DEBUG Engine.consolidator] Processed datapoint: 1506413899/None
[2017-09-26 11:28:04,640 DEBUG Engine.consolidator] Merging into 1506413901
[2017-09-26 11:28:04,640 DEBUG Engine.consolidator] Merging 1506413901
[2017-09-26 11:28:04,652 DEBUG root] Compacting 1001 response timing into 1000
[2017-09-26 11:28:04,665 DEBUG Engine.consolidator] Processed datapoint: 1506413901/None
[2017-09-26 11:28:04,665 DEBUG Engine.consolidator] Merging into 1506414003
[2017-09-26 11:28:04,665 DEBUG Engine.consolidator] Merging 1506414003
[2017-09-26 11:28:04,677 DEBUG root] Compacting 1002 response timing into 1000
[2017-09-26 11:28:04,690 DEBUG Engine.consolidator] Processed datapoint: 1506414003/None
[2017-09-26 11:28:04,690 DEBUG Engine.consolidator] Merging into 1506414004
[2017-09-26 11:28:04,690 DEBUG Engine.consolidator] Merging 1506414004
[2017-09-26 11:28:04,701 DEBUG root] Compacting 1002 response timing into 1000
[2017-09-26 11:28:04,715 DEBUG Engine.consolidator] Processed datapoint: 1506414004/None
[2017-09-26 11:28:04,715 DEBUG Engine.consolidator] Merging into 1506414005
[2017-09-26 11:28:04,715 DEBUG Engine.consolidator] Merging 1506414005
[2017-09-26 11:28:04,728 DEBUG root] Compacting 1001 response timing into 1000
[2017-09-26 11:28:04,741 DEBUG Engine.consolidator] Processed datapoint: 1506414005/None
[2017-09-26 11:28:04,741 DEBUG Engine.consolidator] Merging into 1506414010
[2017-09-26 11:28:04,741 DEBUG Engine.consolidator] Merging 1506414010
[2017-09-26 11:28:04,754 DEBUG root] Compacting 1002 response timing into 1000
[2017-09-26 11:28:04,755 DEBUG root] Compacting 1001 response timing into 1000
[2017-09-26 11:28:04,769 DEBUG Engine.consolidator] Processed datapoint: 1506414010/None
[2017-09-26 11:28:04,769 DEBUG Engine.consolidator] Merging into 1506414023
[2017-09-26 11:28:04,769 DEBUG Engine.consolidator] Merging 1506414023
[2017-09-26 11:28:04,781 DEBUG root] Compacting 1002 response timing into 1000
[2017-09-26 11:28:04,783 DEBUG root] Compacting 1002 response timing into 1000
[2017-09-26 11:28:04,796 DEBUG Engine.consolidator] Processed datapoint: 1506414023/None
[2017-09-26 11:28:04,796 DEBUG Engine.consolidator] Merging into 1506414024
[2017-09-26 11:28:04,796 DEBUG Engine.consolidator] Merging 1506414024
[2017-09-26 11:28:04,808 DEBUG root] Compacting 1002 response timing into 1000
[2017-09-26 11:28:04,809 DEBUG root] Compacting 1002 response timing into 1000
[2017-09-26 11:28:04,822 DEBUG Engine.consolidator] Processed datapoint: 1506414024/None
[2017-09-26 11:28:04,822 DEBUG Engine.consolidator] Merging into 1506414025
[2017-09-26 11:28:04,822 DEBUG Engine.consolidator] Merging 1506414025
[2017-09-26 11:28:04,835 DEBUG root] Compacting 1003 response timing into 1000
[2017-09-26 11:28:04,838 DEBUG root] Compacting 1002 response timing into 1000
[2017-09-26 11:28:04,853 DEBUG Engine.consolidator] Processed datapoint: 1506414025/None
[2017-09-26 11:28:04,853 DEBUG Engine.consolidator] Merging into 1506414028
[2017-09-26 11:28:04,853 DEBUG Engine.consolidator] Merging 1506414028
[2017-09-26 11:28:04,865 DEBUG root] Compacting 1002 response timing into 1000
[2017-09-26 11:28:04,867 DEBUG root] Compacting 1001 response timing into 1000
[2017-09-26 11:28:04,879 DEBUG Engine.consolidator] Processed datapoint: 1506414028/None
[2017-09-26 11:28:04,879 DEBUG Engine.consolidator] Merging into 1506414029
[2017-09-26 11:28:04,879 DEBUG Engine.consolidator] Merging 1506414029
[2017-09-26 11:28:04,891 DEBUG root] Compacting 1001 response timing into 1000
[2017-09-26 11:28:04,904 DEBUG Engine.consolidator] Processed datapoint: 1506414029/None
[2017-09-26 11:28:04,904 DEBUG Engine.consolidator] Merging into 1506414030
[2017-09-26 11:28:04,904 DEBUG Engine.consolidator] Merging 1506414030
[2017-09-26 11:28:04,916 DEBUG root] Compacting 1002 response timing into 1000
[2017-09-26 11:28:04,930 DEBUG Engine.consolidator] Processed datapoint: 1506414030/None
[2017-09-26 11:28:04,930 DEBUG Engine.consolidator] Merging into 1506414031
[2017-09-26 11:28:04,930 DEBUG Engine.consolidator] Merging 1506414031
[2017-09-26 11:28:04,941 DEBUG root] Compacting 1001 response timing into 1000
[2017-09-26 11:28:04,954 DEBUG Engine.consolidator] Processed datapoint: 1506414031/None
[2017-09-26 11:28:04,954 DEBUG Engine.consolidator] Merging into 1506414033
[2017-09-26 11:28:04,954 DEBUG Engine.consolidator] Merging 1506414033
[2017-09-26 11:28:04,966 DEBUG root] Compacting 1002 response timing into 1000
[2017-09-26 11:28:04,968 DEBUG root] Compacting 1001 response timing into 1000
[2017-09-26 11:28:04,980 DEBUG Engine.consolidator] Processed datapoint: 1506414033/None
[2017-09-26 11:28:04,980 DEBUG Engine.consolidator] Merging into 1506414036
[2017-09-26 11:28:04,980 DEBUG Engine.consolidator] Merging 1506414036
[2017-09-26 11:28:04,992 DEBUG root] Compacting 1001 response timing into 1000
[2017-09-26 11:28:04,993 DEBUG root] Compacting 1001 response timing into 1000
[2017-09-26 11:28:05,005 DEBUG Engine.consolidator] Processed datapoint: 1506414036/None
[2017-09-26 11:28:05,005 DEBUG Engine.consolidator] Merging into 1506414037
[2017-09-26 11:28:05,005 DEBUG Engine.consolidator] Merging 1506414037
[2017-09-26 11:28:05,017 DEBUG root] Compacting 1002 response timing into 1000
[2017-09-26 11:28:05,019 DEBUG root] Compacting 1002 response timing into 1000
[2017-09-26 11:28:05,032 DEBUG Engine.consolidator] Processed datapoint: 1506414037/None
[2017-09-26 11:28:05,032 DEBUG Engine.consolidator] Merging into 1506414040
[2017-09-26 11:28:05,032 DEBUG Engine.consolidator] Merging 1506414040
[2017-09-26 11:28:05,044 DEBUG root] Compacting 1001 response timing into 1000
[2017-09-26 11:28:05,045 DEBUG root] Compacting 1001 response timing into 1000
[2017-09-26 11:28:05,058 DEBUG Engine.consolidator] Processed datapoint: 1506414040/None
[2017-09-26 11:28:05,058 DEBUG Engine.consolidator] Merging into 1506414045
[2017-09-26 11:28:05,059 DEBUG Engine.consolidator] Merging 1506414045
[2017-09-26 11:28:05,070 DEBUG root] Compacting 1001 response timing into 1000
[2017-09-26 11:28:05,083 DEBUG Engine.consolidator] Processed datapoint: 1506414045/None
[2017-09-26 11:28:05,083 DEBUG Engine.consolidator] Merging into 1506414050
[2017-09-26 11:28:05,083 DEBUG Engine.consolidator] Merging 1506414050
[2017-09-26 11:28:05,095 DEBUG root] Compacting 1001 response timing into 1000
[2017-09-26 11:28:05,096 DEBUG root] Compacting 1001 response timing into 1000
[2017-09-26 11:28:05,109 DEBUG Engine.consolidator] Processed datapoint: 1506414050/None
[2017-09-26 11:28:05,109 INFO Engine.final-stats] Test duration: 0:18:37
[2017-09-26 11:28:05,109 INFO Engine.final-stats] Samples count: 4515, 58.36% failures
[2017-09-26 11:28:05,109 INFO Engine.final-stats] Average times: total 50.308, latency 14.215, connect 0.000
[2017-09-26 11:28:05,109 INFO Engine.final-stats] Percentile 0.0%: 0.000
[2017-09-26 11:28:05,109 INFO Engine.final-stats] Percentile 50.0%: 13.933
[2017-09-26 11:28:05,109 INFO Engine.final-stats] Percentile 90.0%: 155.049
[2017-09-26 11:28:05,109 INFO Engine.final-stats] Percentile 95.0%: 194.027
[2017-09-26 11:28:05,110 INFO Engine.final-stats] Percentile 99.0%: 251.451
[2017-09-26 11:28:05,110 INFO Engine.final-stats] Percentile 99.9%: 632.721
[2017-09-26 11:28:05,110 INFO Engine.final-stats] Percentile 100.0%: 661.836
[2017-09-26 11:28:05,110 DEBUG Engine.console] No logger_handler or orig_stream was detected
[2017-09-26 11:28:05,112 DEBUG Engine.Configuration] Dumping YAML config into /Users/sauwi01/OneDrive - CA Technologies/Training/scripts/2017-09-26_11-09-27.844550/effective.yml
[2017-09-26 11:28:05,133 DEBUG Engine.Configuration] Dumping JSON config into /Users/sauwi01/OneDrive - CA Technologies/Training/scripts/2017-09-26_11-09-27.844550/effective.json
[2017-09-26 11:28:05,134 INFO root] Artifacts dir: /Users/sauwi01/OneDrive - CA Technologies/Training/scripts/2017-09-26_11-09-27.844550
[2017-09-26 11:28:05,134 WARNING root] Done performing with code: 1
[2017-09-26 11:28:05,134 DEBUG root] Closing log handler: /Users/sauwi01/OneDrive - CA Technologies/Training/scripts/2017-09-26_11-09-27.844550/bzt.log
