2017-09-26 11:09:13,282 INFO o.a.j.u.JMeterUtils: Setting Locale to en_GB
2017-09-26 11:09:13,292 INFO o.a.j.JMeter: Loading user properties from: /Users/sauwi01/.bzt/jmeter-taurus/3.2/bin/user.properties
2017-09-26 11:09:13,292 INFO o.a.j.JMeter: Loading system properties from: /Users/sauwi01/.bzt/jmeter-taurus/3.2/bin/system.properties
2017-09-26 11:09:13,296 INFO o.a.j.JMeter: Copyright (c) 1998-2017 The Apache Software Foundation
2017-09-26 11:09:13,296 INFO o.a.j.JMeter: Version 3.2 r1790748
2017-09-26 11:09:13,296 INFO o.a.j.JMeter: java.version=1.8.0_141
2017-09-26 11:09:13,296 INFO o.a.j.JMeter: java.vm.name=Java HotSpot(TM) 64-Bit Server VM
2017-09-26 11:09:13,296 INFO o.a.j.JMeter: os.name=Mac OS X
2017-09-26 11:09:13,296 INFO o.a.j.JMeter: os.arch=x86_64
2017-09-26 11:09:13,296 INFO o.a.j.JMeter: os.version=10.12.6
2017-09-26 11:09:13,296 INFO o.a.j.JMeter: file.encoding=UTF-8
2017-09-26 11:09:13,296 INFO o.a.j.JMeter: Max memory     =3817865216
2017-09-26 11:09:13,296 INFO o.a.j.JMeter: Available Processors =8
2017-09-26 11:09:13,299 INFO o.a.j.JMeter: Default Locale=English (United Kingdom)
2017-09-26 11:09:13,299 INFO o.a.j.JMeter: JMeter  Locale=English (United Kingdom)
2017-09-26 11:09:13,299 INFO o.a.j.JMeter: JMeterHome=/Users/sauwi01/.bzt/jmeter-taurus/3.2
2017-09-26 11:09:13,299 INFO o.a.j.JMeter: user.dir  =/Users/sauwi01/OneDrive - CA Technologies/Training/scripts
2017-09-26 11:09:13,299 INFO o.a.j.JMeter: PWD       =/Users/sauwi01/OneDrive - CA Technologies/Training/scripts
2017-09-26 11:09:13,300 INFO o.a.j.JMeter: IP: 10.129.66.229 Name: sauwi01mac1712 FullName: 10.129.66.229
2017-09-26 11:09:13,300 INFO o.a.j.JMeter: user.classpath=/Users/sauwi01/OneDrive - CA Technologies/Training/scripts/2017-09-26_11-09-11.548823
2017-09-26 11:09:13,301 INFO o.a.j.JMeter: Adding to classpath and loader: /Users/sauwi01/OneDrive - CA Technologies/Training/scripts/2017-09-26_11-09-11.548823
2017-09-26 11:09:13,303 INFO o.a.j.s.FileServer: Default base='/Users/sauwi01/OneDrive - CA Technologies/Training/scripts'
2017-09-26 11:09:13,303 INFO o.a.j.s.FileServer: Set new base='/Users/sauwi01/OneDrive - CA Technologies/Training/scripts'
2017-09-26 11:09:13,373 INFO o.a.j.s.SaveService: Testplan (JMX) version: 2.2. Testlog (JTL) version: 2.2
2017-09-26 11:09:13,381 INFO o.a.j.s.SaveService: Using SaveService properties file encoding UTF-8
2017-09-26 11:09:13,384 INFO o.a.j.s.SaveService: Using SaveService properties version 3.2
2017-09-26 11:09:13,389 INFO o.a.j.s.SaveService: Loading file: /Users/sauwi01/OneDrive - CA Technologies/Training/scripts/modified_DummyTest.jmx
2017-09-26 11:09:13,436 INFO o.a.j.e.StandardJMeterEngine: Running the test!
2017-09-26 11:09:13,437 INFO o.a.j.s.SampleEvent: List of sample_variables: []
2017-09-26 11:09:13,437 INFO o.a.j.s.SampleEvent: List of sample_variables: []
2017-09-26 11:09:13,440 INFO o.a.j.e.u.CompoundVariable: Note: Function class names must contain the string: '.functions.'
2017-09-26 11:09:13,440 INFO o.a.j.e.u.CompoundVariable: Note: Function class names must not contain the string: '.gui.'
2017-09-26 11:09:13,682 INFO o.a.j.JMeter: Running test (1506413353682)
2017-09-26 11:09:13,712 INFO o.a.j.e.StandardJMeterEngine: Starting ThreadGroup: 1 : Thread Group
2017-09-26 11:09:13,712 INFO o.a.j.e.StandardJMeterEngine: Starting 10 threads for group Thread Group.
2017-09-26 11:09:13,712 INFO o.a.j.e.StandardJMeterEngine: Thread will continue on error
2017-09-26 11:09:13,712 INFO o.a.j.t.ThreadGroup: Starting thread group... number=1 threads=10 ramp-up=1 perThread=100.0 delayedStart=false
2017-09-26 11:09:13,717 INFO o.a.j.t.ThreadGroup: Started thread group number 1
2017-09-26 11:09:13,717 INFO o.a.j.e.StandardJMeterEngine: All thread groups have been started
2017-09-26 11:09:13,717 INFO o.a.j.t.JMeterThread: Thread started: Thread Group 1-1
2017-09-26 11:09:13,719 INFO o.a.j.s.SampleResult: Note: Sample TimeStamps are START times
2017-09-26 11:09:13,719 INFO o.a.j.s.SampleResult: sampleresult.default.encoding is set to UTF-8
2017-09-26 11:09:13,721 INFO o.a.j.s.SampleResult: sampleresult.useNanoTime=true
2017-09-26 11:09:13,721 INFO o.a.j.s.SampleResult: sampleresult.nanoThreadSleep=5000
2017-09-26 11:09:13,819 INFO o.a.j.t.JMeterThread: Thread started: Thread Group 1-2
2017-09-26 11:09:13,920 INFO o.a.j.t.JMeterThread: Thread started: Thread Group 1-3
2017-09-26 11:09:14,022 INFO o.a.j.t.JMeterThread: Thread started: Thread Group 1-4
2017-09-26 11:09:14,085 INFO o.a.j.t.JMeterThread: Thread is done: Thread Group 1-3
2017-09-26 11:09:14,085 INFO o.a.j.t.JMeterThread: Thread finished: Thread Group 1-3
2017-09-26 11:09:14,112 INFO o.a.j.t.JMeterThread: Thread is done: Thread Group 1-1
2017-09-26 11:09:14,113 INFO o.a.j.t.JMeterThread: Thread finished: Thread Group 1-1
2017-09-26 11:09:14,118 INFO o.a.j.t.JMeterThread: Thread started: Thread Group 1-5
2017-09-26 11:09:14,201 INFO o.a.j.t.JMeterThread: Thread is done: Thread Group 1-2
2017-09-26 11:09:14,201 INFO o.a.j.t.JMeterThread: Thread finished: Thread Group 1-2
2017-09-26 11:09:14,222 INFO o.a.j.t.JMeterThread: Thread started: Thread Group 1-6
2017-09-26 11:09:14,320 INFO o.a.j.t.JMeterThread: Thread started: Thread Group 1-7
2017-09-26 11:09:14,421 INFO o.a.j.t.JMeterThread: Thread started: Thread Group 1-8
2017-09-26 11:09:14,446 INFO o.a.j.t.JMeterThread: Thread is done: Thread Group 1-5
2017-09-26 11:09:14,446 INFO o.a.j.t.JMeterThread: Thread finished: Thread Group 1-5
2017-09-26 11:09:14,457 INFO o.a.j.t.JMeterThread: Thread is done: Thread Group 1-4
2017-09-26 11:09:14,457 INFO o.a.j.t.JMeterThread: Thread finished: Thread Group 1-4
2017-09-26 11:09:14,497 INFO o.a.j.t.JMeterThread: Thread is done: Thread Group 1-6
2017-09-26 11:09:14,497 INFO o.a.j.t.JMeterThread: Thread finished: Thread Group 1-6
2017-09-26 11:09:14,517 INFO o.a.j.t.JMeterThread: Thread started: Thread Group 1-9
2017-09-26 11:09:14,621 INFO o.a.j.t.JMeterThread: Thread started: Thread Group 1-10
2017-09-26 11:09:14,724 INFO o.a.j.t.JMeterThread: Thread is done: Thread Group 1-10
2017-09-26 11:09:14,724 INFO o.a.j.t.JMeterThread: Thread finished: Thread Group 1-10
2017-09-26 11:09:14,808 INFO o.a.j.t.JMeterThread: Thread is done: Thread Group 1-7
2017-09-26 11:09:14,808 INFO o.a.j.t.JMeterThread: Thread finished: Thread Group 1-7
2017-09-26 11:09:14,844 INFO o.a.j.t.JMeterThread: Thread is done: Thread Group 1-8
2017-09-26 11:09:14,845 INFO o.a.j.t.JMeterThread: Thread finished: Thread Group 1-8
2017-09-26 11:09:14,884 INFO o.a.j.t.JMeterThread: Thread is done: Thread Group 1-9
2017-09-26 11:09:14,885 INFO o.a.j.t.JMeterThread: Thread finished: Thread Group 1-9
2017-09-26 11:09:14,885 INFO o.a.j.e.StandardJMeterEngine: Notifying test listeners of end of test
2017-09-26 11:09:14,886 INFO o.a.j.e.StandardJMeterEngine: Forced JVM shutdown requested at end of test
