2017-09-26 11:05:42,468 INFO o.a.j.u.JMeterUtils: Setting Locale to en_GB
2017-09-26 11:05:42,477 INFO o.a.j.JMeter: Loading user properties from: /Users/sauwi01/.bzt/jmeter-taurus/3.2/bin/user.properties
2017-09-26 11:05:42,477 INFO o.a.j.JMeter: Loading system properties from: /Users/sauwi01/.bzt/jmeter-taurus/3.2/bin/system.properties
2017-09-26 11:05:42,477 INFO o.a.j.JMeter: Setting System properties from file: /Users/sauwi01/OneDrive - CA Technologies/Training/scripts/2017-09-26_11-05-40.342482/system.properties
2017-09-26 11:05:42,480 INFO o.a.j.JMeter: Copyright (c) 1998-2017 The Apache Software Foundation
2017-09-26 11:05:42,480 INFO o.a.j.JMeter: Version 3.2 r1790748
2017-09-26 11:05:42,480 INFO o.a.j.JMeter: java.version=1.8.0_141
2017-09-26 11:05:42,480 INFO o.a.j.JMeter: java.vm.name=Java HotSpot(TM) 64-Bit Server VM
2017-09-26 11:05:42,480 INFO o.a.j.JMeter: os.name=Mac OS X
2017-09-26 11:05:42,481 INFO o.a.j.JMeter: os.arch=x86_64
2017-09-26 11:05:42,481 INFO o.a.j.JMeter: os.version=10.12.6
2017-09-26 11:05:42,481 INFO o.a.j.JMeter: file.encoding=UTF-8
2017-09-26 11:05:42,481 INFO o.a.j.JMeter: Max memory     =3817865216
2017-09-26 11:05:42,481 INFO o.a.j.JMeter: Available Processors =8
2017-09-26 11:05:42,484 INFO o.a.j.JMeter: Default Locale=English (United Kingdom)
2017-09-26 11:05:42,484 INFO o.a.j.JMeter: JMeter  Locale=English (United Kingdom)
2017-09-26 11:05:42,484 INFO o.a.j.JMeter: JMeterHome=/Users/sauwi01/.bzt/jmeter-taurus/3.2
2017-09-26 11:05:42,484 INFO o.a.j.JMeter: user.dir  =/Users/sauwi01/OneDrive - CA Technologies/Training/scripts
2017-09-26 11:05:42,484 INFO o.a.j.JMeter: PWD       =/Users/sauwi01/OneDrive - CA Technologies/Training/scripts
2017-09-26 11:05:42,485 INFO o.a.j.JMeter: IP: 10.129.66.229 Name: sauwi01mac1712 FullName: 10.129.66.229
2017-09-26 11:05:42,485 INFO o.a.j.JMeter: user.classpath=/Users/sauwi01/OneDrive - CA Technologies/Training/scripts/2017-09-26_11-05-40.342482
2017-09-26 11:05:42,485 INFO o.a.j.JMeter: Adding to classpath and loader: /Users/sauwi01/OneDrive - CA Technologies/Training/scripts/2017-09-26_11-05-40.342482
2017-09-26 11:05:42,488 INFO o.a.j.s.FileServer: Default base='/Users/sauwi01/OneDrive - CA Technologies/Training/scripts'
2017-09-26 11:05:42,488 INFO o.a.j.s.FileServer: Set new base='/Users/sauwi01/OneDrive - CA Technologies/Training/scripts/2017-09-26_11-05-40.342482'
2017-09-26 11:05:42,561 INFO o.a.j.s.SaveService: Testplan (JMX) version: 2.2. Testlog (JTL) version: 2.2
2017-09-26 11:05:42,569 INFO o.a.j.s.SaveService: Using SaveService properties file encoding UTF-8
2017-09-26 11:05:42,572 INFO o.a.j.s.SaveService: Using SaveService properties version 3.2
2017-09-26 11:05:42,577 INFO o.a.j.s.SaveService: Loading file: /Users/sauwi01/OneDrive - CA Technologies/Training/scripts/2017-09-26_11-05-40.342482/modified_requests.jmx
2017-09-26 11:05:42,615 INFO o.a.j.p.h.c.CacheManager: Will only cache the following methods: [GET]
2017-09-26 11:05:42,617 INFO o.a.j.p.h.c.CookieManager: Settings: Delete null: true Check: true Allow variable: true Save: false Prefix: COOKIE_
2017-09-26 11:05:42,627 INFO o.a.j.p.h.s.HTTPSamplerBase: Parser for text/html is org.apache.jmeter.protocol.http.parser.LagartoBasedHtmlParser
2017-09-26 11:05:42,627 INFO o.a.j.p.h.s.HTTPSamplerBase: Parser for application/xhtml+xml is org.apache.jmeter.protocol.http.parser.LagartoBasedHtmlParser
2017-09-26 11:05:42,628 INFO o.a.j.p.h.s.HTTPSamplerBase: Parser for application/xml is org.apache.jmeter.protocol.http.parser.LagartoBasedHtmlParser
2017-09-26 11:05:42,628 INFO o.a.j.p.h.s.HTTPSamplerBase: Parser for text/xml is org.apache.jmeter.protocol.http.parser.LagartoBasedHtmlParser
2017-09-26 11:05:42,628 INFO o.a.j.p.h.s.HTTPSamplerBase: Parser for text/vnd.wap.wml is org.apache.jmeter.protocol.http.parser.RegexpHTMLParser
2017-09-26 11:05:42,628 INFO o.a.j.p.h.s.HTTPSamplerBase: Parser for text/css is org.apache.jmeter.protocol.http.parser.CssParser
2017-09-26 11:05:42,652 INFO o.a.j.e.StandardJMeterEngine: Running the test!
2017-09-26 11:05:42,653 INFO o.a.j.s.SampleEvent: List of sample_variables: []
2017-09-26 11:05:42,653 INFO o.a.j.s.SampleEvent: List of sample_variables: []
2017-09-26 11:05:42,657 INFO o.a.j.e.u.CompoundVariable: Note: Function class names must contain the string: '.functions.'
2017-09-26 11:05:42,657 INFO o.a.j.e.u.CompoundVariable: Note: Function class names must not contain the string: '.gui.'
2017-09-26 11:05:43,033 INFO o.a.j.JMeter: Running test (1506413143033)
2017-09-26 11:05:43,084 INFO o.a.j.e.StandardJMeterEngine: Starting ThreadGroup: 1 : Thread Group
2017-09-26 11:05:43,084 INFO o.a.j.e.StandardJMeterEngine: Starting 10 threads for group Thread Group.
2017-09-26 11:05:43,084 INFO o.a.j.e.StandardJMeterEngine: Thread will continue on error
2017-09-26 11:05:43,088 INFO o.a.j.e.StandardJMeterEngine: All thread groups have been started
2017-09-26 11:05:43,088 INFO c.b.j.t.c.ConcurrencyThreadStarter: Start supplying threads
2017-09-26 11:05:45,091 INFO o.a.j.s.SampleResult: Note: Sample TimeStamps are START times
2017-09-26 11:05:45,091 INFO o.a.j.s.SampleResult: sampleresult.default.encoding is set to UTF-8
2017-09-26 11:05:45,092 INFO o.a.j.s.SampleResult: sampleresult.useNanoTime=true
2017-09-26 11:05:45,091 INFO o.a.j.t.JMeterThread: Thread started: Thread Group 1-1
2017-09-26 11:05:45,092 INFO o.a.j.s.SampleResult: sampleresult.nanoThreadSleep=5000
2017-09-26 11:05:45,104 INFO o.a.j.p.h.s.HTTPHCAbstractImpl: Local host = sauwi01mac1712
2017-09-26 11:05:45,106 INFO o.a.j.p.h.s.HTTPHC4Impl: HTTP request retry count = 0
2017-09-26 11:05:45,732 INFO o.a.j.p.h.p.BaseParser: Created org.apache.jmeter.protocol.http.parser.LagartoBasedHtmlParser
2017-09-26 11:05:45,765 INFO o.a.j.p.h.s.ResourcesDownloader: Creating ResourcesDownloader with keepalive_inseconds : 60
2017-09-26 11:05:46,639 INFO o.a.j.p.h.p.BaseParser: Created org.apache.jmeter.protocol.http.parser.CssParser
2017-09-26 11:05:49,106 INFO o.a.j.t.JMeterThread: Thread started: Thread Group 1-2
2017-09-26 11:05:53,118 INFO o.a.j.t.JMeterThread: Thread started: Thread Group 1-3
2017-09-26 11:05:57,134 INFO o.a.j.t.JMeterThread: Thread started: Thread Group 1-4
2017-09-26 11:06:01,140 INFO o.a.j.t.JMeterThread: Thread started: Thread Group 1-5
2017-09-26 11:06:05,154 INFO o.a.j.t.JMeterThread: Thread started: Thread Group 1-6
2017-09-26 11:06:09,170 INFO o.a.j.t.JMeterThread: Thread started: Thread Group 1-7
2017-09-26 11:06:13,179 INFO o.a.j.t.JMeterThread: Thread started: Thread Group 1-8
2017-09-26 11:06:17,192 INFO o.a.j.t.JMeterThread: Thread started: Thread Group 1-9
2017-09-26 11:06:21,200 INFO o.a.j.t.JMeterThread: Thread started: Thread Group 1-10
2017-09-26 11:06:57,300 INFO o.a.j.JMeter: Command: Shutdown received from /127.0.0.1
2017-09-26 11:06:57,302 INFO c.b.j.t.c.ConcurrencyThreadStarter: Done supplying threads
2017-09-26 11:06:57,301 WARN o.a.j.t.JMeterThread: Interrupting: Thread Group 1-3 sampler: reserve
2017-09-26 11:06:57,302 WARN o.a.j.t.JMeterThread: Interrupting: Thread Group 1-7 sampler: reserve
2017-09-26 11:06:57,302 WARN o.a.j.t.JMeterThread: No operation pending
2017-09-26 11:06:57,302 WARN o.a.j.t.JMeterThread: Interrupting: Thread Group 1-1 sampler: blazedemo
2017-09-26 11:06:57,302 WARN o.a.j.t.JMeterThread: Interrupting: Thread Group 1-2 sampler: blazedemo
2017-09-26 11:06:57,302 WARN o.a.j.t.JMeterThread: No operation pending
2017-09-26 11:06:57,303 WARN o.a.j.t.JMeterThread: Interrupting: Thread Group 1-10 sampler: reserve
2017-09-26 11:06:57,303 WARN o.a.j.t.JMeterThread: No operation pending
2017-09-26 11:06:57,303 WARN o.a.j.t.JMeterThread: Interrupting: Thread Group 1-4 sampler: reserve
2017-09-26 11:06:57,303 WARN o.a.j.t.JMeterThread: Interrupting: Thread Group 1-6 sampler: blazedemo
2017-09-26 11:06:57,303 WARN o.a.j.t.JMeterThread: No operation pending
2017-09-26 11:06:57,303 WARN o.a.j.t.JMeterThread: Interrupting: Thread Group 1-8 sampler: reserve
2017-09-26 11:06:57,303 WARN o.a.j.t.JMeterThread: No operation pending
2017-09-26 11:06:57,303 WARN o.a.j.t.JMeterThread: Interrupting: Thread Group 1-9 sampler: blazedemo
2017-09-26 11:06:57,303 WARN o.a.j.t.JMeterThread: No operation pending
2017-09-26 11:06:57,303 WARN o.a.j.t.JMeterThread: Interrupting: Thread Group 1-5 sampler: blazedemo
2017-09-26 11:06:57,304 WARN o.a.j.t.JMeterThread: No operation pending
2017-09-26 11:06:57,304 WARN o.a.j.p.h.s.HTTPSamplerBase: Interrupted fetching embedded resources
java.lang.InterruptedException: null
	at java.util.concurrent.locks.AbstractQueuedSynchronizer$ConditionObject.reportInterruptAfterWait(AbstractQueuedSynchronizer.java:2014) ~[?:1.8.0_141]
	at java.util.concurrent.locks.AbstractQueuedSynchronizer$ConditionObject.await(AbstractQueuedSynchronizer.java:2048) ~[?:1.8.0_141]
	at java.util.concurrent.LinkedBlockingQueue.take(LinkedBlockingQueue.java:442) ~[?:1.8.0_141]
	at java.util.concurrent.ExecutorCompletionService.take(ExecutorCompletionService.java:193) ~[?:1.8.0_141]
	at org.apache.jmeter.protocol.http.sampler.ResourcesDownloader.invokeAllAndAwaitTermination(ResourcesDownloader.java:186) ~[ApacheJMeter_http.jar:3.2 r1790748]
	at org.apache.jmeter.protocol.http.sampler.HTTPSamplerBase.downloadPageResources(HTTPSamplerBase.java:1343) [ApacheJMeter_http.jar:3.2 r1790748]
	at org.apache.jmeter.protocol.http.sampler.HTTPSamplerBase.resultProcessing(HTTPSamplerBase.java:1657) [ApacheJMeter_http.jar:3.2 r1790748]
	at org.apache.jmeter.protocol.http.sampler.HTTPAbstractImpl.resultProcessing(HTTPAbstractImpl.java:519) [ApacheJMeter_http.jar:3.2 r1790748]
	at org.apache.jmeter.protocol.http.sampler.HTTPHC4Impl.sample(HTTPHC4Impl.java:493) [ApacheJMeter_http.jar:3.2 r1790748]
	at org.apache.jmeter.protocol.http.sampler.HTTPSamplerProxy.sample(HTTPSamplerProxy.java:74) [ApacheJMeter_http.jar:3.2 r1790748]
	at org.apache.jmeter.protocol.http.sampler.HTTPSamplerBase.sample(HTTPSamplerBase.java:1189) [ApacheJMeter_http.jar:3.2 r1790748]
	at org.apache.jmeter.protocol.http.sampler.HTTPSamplerBase.sample(HTTPSamplerBase.java:1178) [ApacheJMeter_http.jar:3.2 r1790748]
	at org.apache.jmeter.threads.JMeterThread.executeSamplePackage(JMeterThread.java:491) [ApacheJMeter_core.jar:3.2 r1790748]
	at org.apache.jmeter.threads.JMeterThread.processSampler(JMeterThread.java:425) [ApacheJMeter_core.jar:3.2 r1790748]
	at org.apache.jmeter.threads.JMeterThread.run(JMeterThread.java:254) [ApacheJMeter_core.jar:3.2 r1790748]
	at java.lang.Thread.run(Thread.java:748) [?:1.8.0_141]
2017-09-26 11:06:57,303 WARN o.a.j.p.h.s.HTTPSamplerBase: Interrupted fetching embedded resources
java.lang.InterruptedException: null
	at java.util.concurrent.locks.AbstractQueuedSynchronizer$ConditionObject.reportInterruptAfterWait(AbstractQueuedSynchronizer.java:2014) ~[?:1.8.0_141]
	at java.util.concurrent.locks.AbstractQueuedSynchronizer$ConditionObject.await(AbstractQueuedSynchronizer.java:2048) ~[?:1.8.0_141]
	at java.util.concurrent.LinkedBlockingQueue.take(LinkedBlockingQueue.java:442) ~[?:1.8.0_141]
	at java.util.concurrent.ExecutorCompletionService.take(ExecutorCompletionService.java:193) ~[?:1.8.0_141]
	at org.apache.jmeter.protocol.http.sampler.ResourcesDownloader.invokeAllAndAwaitTermination(ResourcesDownloader.java:186) ~[ApacheJMeter_http.jar:3.2 r1790748]
	at org.apache.jmeter.protocol.http.sampler.HTTPSamplerBase.downloadPageResources(HTTPSamplerBase.java:1343) [ApacheJMeter_http.jar:3.2 r1790748]
	at org.apache.jmeter.protocol.http.sampler.HTTPSamplerBase.resultProcessing(HTTPSamplerBase.java:1657) [ApacheJMeter_http.jar:3.2 r1790748]
	at org.apache.jmeter.protocol.http.sampler.HTTPAbstractImpl.resultProcessing(HTTPAbstractImpl.java:519) [ApacheJMeter_http.jar:3.2 r1790748]
	at org.apache.jmeter.protocol.http.sampler.HTTPHC4Impl.sample(HTTPHC4Impl.java:493) [ApacheJMeter_http.jar:3.2 r1790748]
	at org.apache.jmeter.protocol.http.sampler.HTTPSamplerProxy.sample(HTTPSamplerProxy.java:74) [ApacheJMeter_http.jar:3.2 r1790748]
	at org.apache.jmeter.protocol.http.sampler.HTTPSamplerBase.sample(HTTPSamplerBase.java:1189) [ApacheJMeter_http.jar:3.2 r1790748]
	at org.apache.jmeter.protocol.http.sampler.HTTPSamplerBase.sample(HTTPSamplerBase.java:1178) [ApacheJMeter_http.jar:3.2 r1790748]
	at org.apache.jmeter.threads.JMeterThread.executeSamplePackage(JMeterThread.java:491) [ApacheJMeter_core.jar:3.2 r1790748]
	at org.apache.jmeter.threads.JMeterThread.processSampler(JMeterThread.java:425) [ApacheJMeter_core.jar:3.2 r1790748]
	at org.apache.jmeter.threads.JMeterThread.run(JMeterThread.java:254) [ApacheJMeter_core.jar:3.2 r1790748]
	at java.lang.Thread.run(Thread.java:748) [?:1.8.0_141]
2017-09-26 11:06:57,303 WARN o.a.j.p.h.s.HTTPSamplerBase: Interrupted fetching embedded resources
java.lang.InterruptedException: null
	at java.util.concurrent.locks.AbstractQueuedSynchronizer$ConditionObject.reportInterruptAfterWait(AbstractQueuedSynchronizer.java:2014) ~[?:1.8.0_141]
	at java.util.concurrent.locks.AbstractQueuedSynchronizer$ConditionObject.await(AbstractQueuedSynchronizer.java:2048) ~[?:1.8.0_141]
	at java.util.concurrent.LinkedBlockingQueue.take(LinkedBlockingQueue.java:442) ~[?:1.8.0_141]
	at java.util.concurrent.ExecutorCompletionService.take(ExecutorCompletionService.java:193) ~[?:1.8.0_141]
	at org.apache.jmeter.protocol.http.sampler.ResourcesDownloader.invokeAllAndAwaitTermination(ResourcesDownloader.java:186) ~[ApacheJMeter_http.jar:3.2 r1790748]
	at org.apache.jmeter.protocol.http.sampler.HTTPSamplerBase.downloadPageResources(HTTPSamplerBase.java:1343) [ApacheJMeter_http.jar:3.2 r1790748]
	at org.apache.jmeter.protocol.http.sampler.HTTPSamplerBase.resultProcessing(HTTPSamplerBase.java:1657) [ApacheJMeter_http.jar:3.2 r1790748]
	at org.apache.jmeter.protocol.http.sampler.HTTPAbstractImpl.resultProcessing(HTTPAbstractImpl.java:519) [ApacheJMeter_http.jar:3.2 r1790748]
	at org.apache.jmeter.protocol.http.sampler.HTTPHC4Impl.sample(HTTPHC4Impl.java:493) [ApacheJMeter_http.jar:3.2 r1790748]
	at org.apache.jmeter.protocol.http.sampler.HTTPSamplerProxy.sample(HTTPSamplerProxy.java:74) [ApacheJMeter_http.jar:3.2 r1790748]
	at org.apache.jmeter.protocol.http.sampler.HTTPSamplerBase.sample(HTTPSamplerBase.java:1189) [ApacheJMeter_http.jar:3.2 r1790748]
	at org.apache.jmeter.protocol.http.sampler.HTTPSamplerBase.sample(HTTPSamplerBase.java:1178) [ApacheJMeter_http.jar:3.2 r1790748]
	at org.apache.jmeter.threads.JMeterThread.executeSamplePackage(JMeterThread.java:491) [ApacheJMeter_core.jar:3.2 r1790748]
	at org.apache.jmeter.threads.JMeterThread.processSampler(JMeterThread.java:425) [ApacheJMeter_core.jar:3.2 r1790748]
	at org.apache.jmeter.threads.JMeterThread.run(JMeterThread.java:254) [ApacheJMeter_core.jar:3.2 r1790748]
	at java.lang.Thread.run(Thread.java:748) [?:1.8.0_141]
2017-09-26 11:06:57,303 WARN o.a.j.p.h.s.HTTPSamplerBase: Interrupted fetching embedded resources
java.lang.InterruptedException: null
	at java.util.concurrent.locks.AbstractQueuedSynchronizer$ConditionObject.reportInterruptAfterWait(AbstractQueuedSynchronizer.java:2014) ~[?:1.8.0_141]
	at java.util.concurrent.locks.AbstractQueuedSynchronizer$ConditionObject.await(AbstractQueuedSynchronizer.java:2048) ~[?:1.8.0_141]
	at java.util.concurrent.LinkedBlockingQueue.take(LinkedBlockingQueue.java:442) ~[?:1.8.0_141]
	at java.util.concurrent.ExecutorCompletionService.take(ExecutorCompletionService.java:193) ~[?:1.8.0_141]
	at org.apache.jmeter.protocol.http.sampler.ResourcesDownloader.invokeAllAndAwaitTermination(ResourcesDownloader.java:186) ~[ApacheJMeter_http.jar:3.2 r1790748]
	at org.apache.jmeter.protocol.http.sampler.HTTPSamplerBase.downloadPageResources(HTTPSamplerBase.java:1343) [ApacheJMeter_http.jar:3.2 r1790748]
	at org.apache.jmeter.protocol.http.sampler.HTTPSamplerBase.resultProcessing(HTTPSamplerBase.java:1657) [ApacheJMeter_http.jar:3.2 r1790748]
	at org.apache.jmeter.protocol.http.sampler.HTTPAbstractImpl.resultProcessing(HTTPAbstractImpl.java:519) [ApacheJMeter_http.jar:3.2 r1790748]
	at org.apache.jmeter.protocol.http.sampler.HTTPHC4Impl.sample(HTTPHC4Impl.java:493) [ApacheJMeter_http.jar:3.2 r1790748]
	at org.apache.jmeter.protocol.http.sampler.HTTPSamplerProxy.sample(HTTPSamplerProxy.java:74) [ApacheJMeter_http.jar:3.2 r1790748]
	at org.apache.jmeter.protocol.http.sampler.HTTPSamplerBase.sample(HTTPSamplerBase.java:1189) [ApacheJMeter_http.jar:3.2 r1790748]
	at org.apache.jmeter.protocol.http.sampler.HTTPSamplerBase.sample(HTTPSamplerBase.java:1178) [ApacheJMeter_http.jar:3.2 r1790748]
	at org.apache.jmeter.threads.JMeterThread.executeSamplePackage(JMeterThread.java:491) [ApacheJMeter_core.jar:3.2 r1790748]
	at org.apache.jmeter.threads.JMeterThread.processSampler(JMeterThread.java:425) [ApacheJMeter_core.jar:3.2 r1790748]
	at org.apache.jmeter.threads.JMeterThread.run(JMeterThread.java:254) [ApacheJMeter_core.jar:3.2 r1790748]
	at java.lang.Thread.run(Thread.java:748) [?:1.8.0_141]
2017-09-26 11:06:57,303 WARN o.a.j.p.h.s.HTTPSamplerBase: Interrupted fetching embedded resources
java.lang.InterruptedException: null
	at java.util.concurrent.locks.AbstractQueuedSynchronizer$ConditionObject.reportInterruptAfterWait(AbstractQueuedSynchronizer.java:2014) ~[?:1.8.0_141]
	at java.util.concurrent.locks.AbstractQueuedSynchronizer$ConditionObject.await(AbstractQueuedSynchronizer.java:2048) ~[?:1.8.0_141]
	at java.util.concurrent.LinkedBlockingQueue.take(LinkedBlockingQueue.java:442) ~[?:1.8.0_141]
	at java.util.concurrent.ExecutorCompletionService.take(ExecutorCompletionService.java:193) ~[?:1.8.0_141]
	at org.apache.jmeter.protocol.http.sampler.ResourcesDownloader.invokeAllAndAwaitTermination(ResourcesDownloader.java:178) ~[ApacheJMeter_http.jar:3.2 r1790748]
	at org.apache.jmeter.protocol.http.sampler.HTTPSamplerBase.downloadPageResources(HTTPSamplerBase.java:1343) [ApacheJMeter_http.jar:3.2 r1790748]
	at org.apache.jmeter.protocol.http.sampler.HTTPSamplerBase.resultProcessing(HTTPSamplerBase.java:1657) [ApacheJMeter_http.jar:3.2 r1790748]
	at org.apache.jmeter.protocol.http.sampler.HTTPAbstractImpl.resultProcessing(HTTPAbstractImpl.java:519) [ApacheJMeter_http.jar:3.2 r1790748]
	at org.apache.jmeter.protocol.http.sampler.HTTPHC4Impl.sample(HTTPHC4Impl.java:493) [ApacheJMeter_http.jar:3.2 r1790748]
	at org.apache.jmeter.protocol.http.sampler.HTTPSamplerProxy.sample(HTTPSamplerProxy.java:74) [ApacheJMeter_http.jar:3.2 r1790748]
	at org.apache.jmeter.protocol.http.sampler.HTTPSamplerBase.sample(HTTPSamplerBase.java:1189) [ApacheJMeter_http.jar:3.2 r1790748]
	at org.apache.jmeter.protocol.http.sampler.HTTPSamplerBase.sample(HTTPSamplerBase.java:1178) [ApacheJMeter_http.jar:3.2 r1790748]
	at org.apache.jmeter.threads.JMeterThread.executeSamplePackage(JMeterThread.java:491) [ApacheJMeter_core.jar:3.2 r1790748]
	at org.apache.jmeter.threads.JMeterThread.processSampler(JMeterThread.java:425) [ApacheJMeter_core.jar:3.2 r1790748]
	at org.apache.jmeter.threads.JMeterThread.run(JMeterThread.java:254) [ApacheJMeter_core.jar:3.2 r1790748]
	at java.lang.Thread.run(Thread.java:748) [?:1.8.0_141]
2017-09-26 11:06:57,303 WARN o.a.j.p.h.s.HTTPSamplerBase: Interrupted fetching embedded resources
java.lang.InterruptedException: null
	at java.util.concurrent.locks.AbstractQueuedSynchronizer$ConditionObject.reportInterruptAfterWait(AbstractQueuedSynchronizer.java:2014) ~[?:1.8.0_141]
	at java.util.concurrent.locks.AbstractQueuedSynchronizer$ConditionObject.await(AbstractQueuedSynchronizer.java:2048) ~[?:1.8.0_141]
	at java.util.concurrent.LinkedBlockingQueue.take(LinkedBlockingQueue.java:442) ~[?:1.8.0_141]
	at java.util.concurrent.ExecutorCompletionService.take(ExecutorCompletionService.java:193) ~[?:1.8.0_141]
	at org.apache.jmeter.protocol.http.sampler.ResourcesDownloader.invokeAllAndAwaitTermination(ResourcesDownloader.java:178) ~[ApacheJMeter_http.jar:3.2 r1790748]
	at org.apache.jmeter.protocol.http.sampler.HTTPSamplerBase.downloadPageResources(HTTPSamplerBase.java:1343) [ApacheJMeter_http.jar:3.2 r1790748]
	at org.apache.jmeter.protocol.http.sampler.HTTPSamplerBase.resultProcessing(HTTPSamplerBase.java:1657) [ApacheJMeter_http.jar:3.2 r1790748]
	at org.apache.jmeter.protocol.http.sampler.HTTPAbstractImpl.resultProcessing(HTTPAbstractImpl.java:519) [ApacheJMeter_http.jar:3.2 r1790748]
	at org.apache.jmeter.protocol.http.sampler.HTTPHC4Impl.sample(HTTPHC4Impl.java:493) [ApacheJMeter_http.jar:3.2 r1790748]
	at org.apache.jmeter.protocol.http.sampler.HTTPSamplerProxy.sample(HTTPSamplerProxy.java:74) [ApacheJMeter_http.jar:3.2 r1790748]
	at org.apache.jmeter.protocol.http.sampler.HTTPSamplerBase.sample(HTTPSamplerBase.java:1189) [ApacheJMeter_http.jar:3.2 r1790748]
	at org.apache.jmeter.protocol.http.sampler.HTTPSamplerBase.sample(HTTPSamplerBase.java:1178) [ApacheJMeter_http.jar:3.2 r1790748]
	at org.apache.jmeter.threads.JMeterThread.executeSamplePackage(JMeterThread.java:491) [ApacheJMeter_core.jar:3.2 r1790748]
	at org.apache.jmeter.threads.JMeterThread.processSampler(JMeterThread.java:425) [ApacheJMeter_core.jar:3.2 r1790748]
	at org.apache.jmeter.threads.JMeterThread.run(JMeterThread.java:254) [ApacheJMeter_core.jar:3.2 r1790748]
	at java.lang.Thread.run(Thread.java:748) [?:1.8.0_141]
2017-09-26 11:06:57,303 WARN o.a.j.p.h.s.HTTPSamplerBase: Interrupted fetching embedded resources
java.lang.InterruptedException: null
	at java.util.concurrent.locks.AbstractQueuedSynchronizer$ConditionObject.reportInterruptAfterWait(AbstractQueuedSynchronizer.java:2014) ~[?:1.8.0_141]
	at java.util.concurrent.locks.AbstractQueuedSynchronizer$ConditionObject.await(AbstractQueuedSynchronizer.java:2048) ~[?:1.8.0_141]
	at java.util.concurrent.LinkedBlockingQueue.take(LinkedBlockingQueue.java:442) ~[?:1.8.0_141]
	at java.util.concurrent.ExecutorCompletionService.take(ExecutorCompletionService.java:193) ~[?:1.8.0_141]
	at org.apache.jmeter.protocol.http.sampler.ResourcesDownloader.invokeAllAndAwaitTermination(ResourcesDownloader.java:178) ~[ApacheJMeter_http.jar:3.2 r1790748]
	at org.apache.jmeter.protocol.http.sampler.HTTPSamplerBase.downloadPageResources(HTTPSamplerBase.java:1343) [ApacheJMeter_http.jar:3.2 r1790748]
	at org.apache.jmeter.protocol.http.sampler.HTTPSamplerBase.resultProcessing(HTTPSamplerBase.java:1657) [ApacheJMeter_http.jar:3.2 r1790748]
	at org.apache.jmeter.protocol.http.sampler.HTTPAbstractImpl.resultProcessing(HTTPAbstractImpl.java:519) [ApacheJMeter_http.jar:3.2 r1790748]
	at org.apache.jmeter.protocol.http.sampler.HTTPHC4Impl.sample(HTTPHC4Impl.java:493) [ApacheJMeter_http.jar:3.2 r1790748]
	at org.apache.jmeter.protocol.http.sampler.HTTPSamplerProxy.sample(HTTPSamplerProxy.java:74) [ApacheJMeter_http.jar:3.2 r1790748]
	at org.apache.jmeter.protocol.http.sampler.HTTPSamplerBase.sample(HTTPSamplerBase.java:1189) [ApacheJMeter_http.jar:3.2 r1790748]
	at org.apache.jmeter.protocol.http.sampler.HTTPSamplerBase.sample(HTTPSamplerBase.java:1178) [ApacheJMeter_http.jar:3.2 r1790748]
	at org.apache.jmeter.threads.JMeterThread.executeSamplePackage(JMeterThread.java:491) [ApacheJMeter_core.jar:3.2 r1790748]
	at org.apache.jmeter.threads.JMeterThread.processSampler(JMeterThread.java:425) [ApacheJMeter_core.jar:3.2 r1790748]
	at org.apache.jmeter.threads.JMeterThread.run(JMeterThread.java:254) [ApacheJMeter_core.jar:3.2 r1790748]
	at java.lang.Thread.run(Thread.java:748) [?:1.8.0_141]
2017-09-26 11:06:57,311 INFO o.a.j.t.JMeterThread: Thread is done: Thread Group 1-8
2017-09-26 11:06:57,311 INFO o.a.j.t.JMeterThread: Thread is done: Thread Group 1-7
2017-09-26 11:06:57,311 INFO o.a.j.t.JMeterThread: Thread is done: Thread Group 1-6
2017-09-26 11:06:57,311 INFO o.a.j.t.JMeterThread: Thread is done: Thread Group 1-5
2017-09-26 11:06:57,311 INFO o.a.j.t.JMeterThread: Thread finished: Thread Group 1-8
2017-09-26 11:06:57,311 INFO o.a.j.t.JMeterThread: Thread finished: Thread Group 1-6
2017-09-26 11:06:57,311 INFO o.a.j.t.JMeterThread: Thread is done: Thread Group 1-2
2017-09-26 11:06:57,311 INFO o.a.j.t.JMeterThread: Thread is done: Thread Group 1-10
2017-09-26 11:06:57,311 INFO o.a.j.t.JMeterThread: Thread finished: Thread Group 1-2
2017-09-26 11:06:57,311 INFO o.a.j.t.JMeterThread: Thread finished: Thread Group 1-10
2017-09-26 11:06:57,311 INFO o.a.j.t.JMeterThread: Thread is done: Thread Group 1-9
2017-09-26 11:06:57,311 INFO o.a.j.t.JMeterThread: Thread finished: Thread Group 1-9
2017-09-26 11:06:57,311 INFO o.a.j.t.JMeterThread: Thread finished: Thread Group 1-7
2017-09-26 11:06:57,311 INFO o.a.j.t.JMeterThread: Thread finished: Thread Group 1-5
2017-09-26 11:06:57,316 INFO o.a.j.t.JMeterThread: Thread is done: Thread Group 1-4
2017-09-26 11:06:57,316 INFO o.a.j.t.JMeterThread: Thread finished: Thread Group 1-4
2017-09-26 11:06:57,317 INFO o.a.j.t.JMeterThread: Thread is done: Thread Group 1-3
2017-09-26 11:06:57,317 INFO o.a.j.t.JMeterThread: Thread finished: Thread Group 1-3
2017-09-26 11:06:57,317 INFO o.a.j.e.StandardJMeterEngine: Notifying test listeners of end of test
2017-09-26 11:06:57,318 INFO o.a.j.t.JMeterThread: Thread is done: Thread Group 1-1
2017-09-26 11:06:57,318 INFO o.a.j.t.JMeterThread: Thread finished: Thread Group 1-1
2017-09-26 11:06:57,318 INFO o.a.j.e.StandardJMeterEngine: Forced JVM shutdown requested at end of test
