[2017-09-26 11:36:38,883 INFO root] Taurus CLI Tool v1.9.5
[2017-09-26 11:36:38,884 DEBUG root] Command-line options: {'verbose': None, 'no_system_configs': None, 'quiet': None, 'log': '/var/folders/mh/6ytxr9zd4_bdy0q8lk1vd9w4k0vvbq/T/bzt_9JZJba.log', 'option': None, 'aliases': []}
[2017-09-26 11:36:38,884 DEBUG root] Python: CPython 2.7.13
[2017-09-26 11:36:38,884 DEBUG root] OS: ('Darwin', 'sauwi01mac1712', '16.7.0', 'Darwin Kernel Version 16.7.0: Thu Jun 15 17:36:27 PDT 2017; root:xnu-3789.70.16~2/RELEASE_X86_64', 'x86_64', 'i386')
[2017-09-26 11:36:38,884 INFO root] Starting with configs: ['WillTestExceution.yml']
[2017-09-26 11:36:38,885 DEBUG root] Using personal config: /Users/sauwi01/.bzt-rc
[2017-09-26 11:36:38,885 INFO Engine] Configuring...
[2017-09-26 11:36:38,885 DEBUG Engine] No machine configs dir: /usr/local/etc/bzt.d
[2017-09-26 11:36:38,885 DEBUG Engine.Configuration] Configs: ['/Library/Frameworks/Python.framework/Versions/2.7/lib/python2.7/site-packages/bzt/resources/base-config.yml']
[2017-09-26 11:36:38,885 DEBUG Engine.Configuration] Reading /Library/Frameworks/Python.framework/Versions/2.7/lib/python2.7/site-packages/bzt/resources/base-config.yml as YAML
[2017-09-26 11:36:38,907 DEBUG Engine.Configuration] Configs: ['/Users/sauwi01/.bzt-rc', 'WillTestExceution.yml']
[2017-09-26 11:36:38,907 DEBUG Engine.Configuration] Reading /Users/sauwi01/.bzt-rc as YAML
[2017-09-26 11:36:38,910 DEBUG Engine.Configuration] Reading WillTestExceution.yml as YAML
[2017-09-26 11:36:38,911 DEBUG Engine.Configuration] Configs: ['/Users/sauwi01/.bzt-rc', 'WillTestExceution.yml']
[2017-09-26 11:36:38,912 DEBUG Engine.Configuration] Reading /Users/sauwi01/.bzt-rc as YAML
[2017-09-26 11:36:38,915 DEBUG Engine.Configuration] Reading WillTestExceution.yml as YAML
[2017-09-26 11:36:38,924 DEBUG Engine] Requesting updates info: http://gettaurus.org/updates/?version=1.9.5&installID=macos-8c85900d1a09
[2017-09-26 11:36:38,930 INFO Engine] Artifacts dir: /Users/sauwi01/OneDrive - CA Technologies/Training/scripts/2017-09-26_11-36-38.924884
[2017-09-26 11:36:38,931 DEBUG Engine] New artifact filename: /Users/sauwi01/OneDrive - CA Technologies/Training/scripts/2017-09-26_11-36-38.924884/effective
[2017-09-26 11:36:38,934 DEBUG Engine.Configuration] Dumping YAML config into /Users/sauwi01/OneDrive - CA Technologies/Training/scripts/2017-09-26_11-36-38.924884/effective.yml
[2017-09-26 11:36:38,950 DEBUG Engine.Configuration] Dumping JSON config into /Users/sauwi01/OneDrive - CA Technologies/Training/scripts/2017-09-26_11-36-38.924884/effective.json
[2017-09-26 11:36:38,950 DEBUG Engine] New artifact filename: /Users/sauwi01/OneDrive - CA Technologies/Training/scripts/2017-09-26_11-36-38.924884/merged.yml
[2017-09-26 11:36:38,951 DEBUG Engine.Configuration] Dumping YAML config into /Users/sauwi01/OneDrive - CA Technologies/Training/scripts/2017-09-26_11-36-38.924884/merged.yml
[2017-09-26 11:36:38,952 DEBUG Engine] New artifact filename: /Users/sauwi01/OneDrive - CA Technologies/Training/scripts/2017-09-26_11-36-38.924884/merged.json
[2017-09-26 11:36:38,952 DEBUG Engine.Configuration] Dumping JSON config into /Users/sauwi01/OneDrive - CA Technologies/Training/scripts/2017-09-26_11-36-38.924884/merged.json
[2017-09-26 11:36:38,952 DEBUG Engine] Add existing artifact (move=False): WillTestExceution.yml
[2017-09-26 11:36:38,952 DEBUG Engine] Copying WillTestExceution.yml to /Users/sauwi01/OneDrive - CA Technologies/Training/scripts/2017-09-26_11-36-38.924884/WillTestExceution.yml
[2017-09-26 11:36:38,952 DEBUG root] Closing log handler: /var/folders/mh/6ytxr9zd4_bdy0q8lk1vd9w4k0vvbq/T/bzt_9JZJba.log
[2017-09-26 11:36:38,953 DEBUG root] Switched writing logs to /Users/sauwi01/OneDrive - CA Technologies/Training/scripts/2017-09-26_11-36-38.924884/bzt.log
[2017-09-26 11:36:38,953 INFO Engine] Preparing...
[2017-09-26 11:36:38,953 DEBUG Engine] Module config: consolidator defaultdict(None, {'class': 'bzt.modules.aggregator.ConsolidatingAggregator'})
[2017-09-26 11:36:38,953 DEBUG root] Importing module: bzt.modules.aggregator
[2017-09-26 11:36:38,955 DEBUG root] Loading class: 'ConsolidatingAggregator' from <module 'bzt.modules.aggregator' from '/Library/Frameworks/Python.framework/Versions/2.7/lib/python2.7/site-packages/bzt/modules/aggregator.pyc'>
[2017-09-26 11:36:38,955 DEBUG Engine.consolidator] Exception in dehumanize_time(inf)
[2017-09-26 11:36:38,955 DEBUG Engine.consolidator] Buffer scaling setup: percentile 95.0 from [0.0, 50.0, 90.0, 95.0, 99.0, 99.9, 100.0] selected
[2017-09-26 11:36:38,955 DEBUG Engine] Module config: monitoring defaultdict(None, {'class': 'bzt.modules.monitoring.Monitoring'})
[2017-09-26 11:36:38,955 DEBUG root] Importing module: bzt.modules.monitoring
[2017-09-26 11:36:38,972 DEBUG root] Loading class: 'Monitoring' from <module 'bzt.modules.monitoring' from '/Library/Frameworks/Python.framework/Versions/2.7/lib/python2.7/site-packages/bzt/modules/monitoring.pyc'>
[2017-09-26 11:36:38,973 DEBUG Engine] Module config: local defaultdict(None, {'class': 'bzt.modules.provisioning.Local'})
[2017-09-26 11:36:38,973 DEBUG root] Importing module: bzt.modules.provisioning
[2017-09-26 11:36:38,973 DEBUG root] Loading class: 'Local' from <module 'bzt.modules.provisioning' from '/Library/Frameworks/Python.framework/Versions/2.7/lib/python2.7/site-packages/bzt/modules/provisioning.pyc'>
[2017-09-26 11:36:38,973 DEBUG Engine] Module config: jmeter defaultdict(None, {'properties': defaultdict(None, {'jmeter.save.saveservice.autoflush': 'true', 'summariser.name': '', 'jmeter.save.saveservice.connect_time': 'true', 'mode': 'Stripped', 'jmeterengine.force.system.exit': 'true'}), 'class': 'bzt.modules.jmeter.JMeterExecutor', 'plugins': ['jpgc-casutg', 'jpgc-dummy', 'jpgc-ffw', 'jpgc-fifo', 'jpgc-functions', 'jpgc-json', 'jpgc-perfmon', 'jpgc-prmctl', 'jpgc-tst']})
[2017-09-26 11:36:38,973 DEBUG root] Importing module: bzt.modules.jmeter
[2017-09-26 11:36:38,980 DEBUG root] Loading class: 'JMeterExecutor' from <module 'bzt.modules.jmeter' from '/Library/Frameworks/Python.framework/Versions/2.7/lib/python2.7/site-packages/bzt/modules/jmeter.pyc'>
[2017-09-26 11:36:38,980 DEBUG Engine.local] Preparing executor: jmeter/4420418768
[2017-09-26 11:36:38,980 DEBUG Engine.jmeter] Extract DemoTest.jmx into scenarios
[2017-09-26 11:36:38,980 DEBUG Engine] New artifact filename: /Users/sauwi01/OneDrive - CA Technologies/Training/scripts/2017-09-26_11-36-38.924884/jmeter.log
[2017-09-26 11:36:38,980 DEBUG Engine.jmeter] Checking if port 4445 is free
[2017-09-26 11:36:38,981 DEBUG Engine.jmeter] Port 4445 is free
[2017-09-26 11:36:38,981 DEBUG Engine.jmeter] Using port 4445 for management
[2017-09-26 11:36:38,981 DEBUG Engine.jmeter.JavaVM] Trying JavaVM: ['java', '-version']
[2017-09-26 11:36:39,076 DEBUG Engine.jmeter.JavaVM] JavaVM output: java version "1.8.0_141"
Java(TM) SE Runtime Environment (build 1.8.0_141-b15)
Java HotSpot(TM) 64-Bit Server VM (build 25.141-b15, mixed mode)

[2017-09-26 11:36:39,076 DEBUG Engine.jmeter.TclLibrary] We don't need to check tcl library on this platform
[2017-09-26 11:36:39,076 DEBUG Engine.jmeter.JMeter] Trying jmeter: /Users/sauwi01/.bzt/jmeter-taurus/3.2/bin/jmeter.sh
[2017-09-26 11:36:39,077 DEBUG bzt.utils] Executing shell: ['/Users/sauwi01/.bzt/jmeter-taurus/3.2/bin/jmeter.sh', '-j', '/var/folders/mh/6ytxr9zd4_bdy0q8lk1vd9w4k0vvbq/T/jmeter_vf7OPlog', '--version']
[2017-09-26 11:36:39,704 DEBUG Engine] Taurus updates info: {"latest":"1.9.5","needsUpgrade":false}
[2017-09-26 11:36:39,705 DEBUG Engine] Installation is up-to-date
[2017-09-26 11:36:40,003 DEBUG Engine.jmeter.JMeter] JMeter check:     _    ____   _    ____ _   _ _____       _ __  __ _____ _____ _____ ____     
   / \  |  _ \ / \  / ___| | | | ____|     | |  \/  | ____|_   _| ____|  _ \   
  / _ \ | |_) / _ \| |   | |_| |  _|    _  | | |\/| |  _|   | | |  _| | |_) | 
 / ___ \|  __/ ___ \ |___|  _  | |___  | |_| | |  | | |___  | | | |___|  _ <  
/_/   \_\_| /_/   \_\____|_| |_|_____|  \___/|_|  |_|_____| |_| |_____|_| \_\ 3.2 r1790748  

Copyright (c) 1999-2017 The Apache Software Foundation

 / None
[2017-09-26 11:36:40,010 DEBUG Engine.jmeter] Load: LoadSpec(concurrency=10, throughput=None, ramp_up=5.0, hold=40.0, iterations=0, duration=45.0, steps=None)
[2017-09-26 11:36:40,015 DEBUG Engine.jmeter.LoadSettingsProcessor.ThreadGroupHandler] Converting ThreadGroup (Thread Group) to ConcurrencyThreadGroup and apply load parameters
[2017-09-26 11:36:40,015 DEBUG Engine] New artifact filename: /Users/sauwi01/OneDrive - CA Technologies/Training/scripts/2017-09-26_11-36-38.924884/kpi.jtl
[2017-09-26 11:36:40,016 DEBUG Engine] New artifact filename: /Users/sauwi01/OneDrive - CA Technologies/Training/scripts/2017-09-26_11-36-38.924884/error.jtl
[2017-09-26 11:36:40,017 DEBUG Engine.jmeter] Enforcing parent sample for transaction controller
[2017-09-26 11:36:40,018 INFO Engine.jmeter] 1 obsolete CookieManagers are found and fixed
[2017-09-26 11:36:40,018 DEBUG JMX] Saving JMX to: /Users/sauwi01/OneDrive - CA Technologies/Training/scripts/modified_DemoTest.jmx
[2017-09-26 11:36:40,019 DEBUG Engine.jmeter] Additional properties: defaultdict(None, {'jmeter.save.saveservice.autoflush': 'true', 'jmeter.save.saveservice.connect_time': 'true', 'user.classpath': '/Users/sauwi01/OneDrive - CA Technologies/Training/scripts/2017-09-26_11-36-38.924884', 'sampleresult.default.encoding': 'UTF-8', 'summariser.name': '', 'jmeterengine.force.system.exit': 'true', 'jmeter.save.saveservice.timestamp_format': 'ms', 'mode': 'Stripped', 'jmeterengine.nongui.maxport': 4445, 'jmeterengine.nongui.port': 4445})
[2017-09-26 11:36:40,019 DEBUG Engine] New artifact filename: /Users/sauwi01/OneDrive - CA Technologies/Training/scripts/2017-09-26_11-36-38.924884/jmeter-bzt.properties
[2017-09-26 11:36:40,021 DEBUG Engine] New artifact filename: /Users/sauwi01/OneDrive - CA Technologies/Training/scripts/2017-09-26_11-36-38.924884/jmeter.out
[2017-09-26 11:36:40,021 DEBUG Engine] New artifact filename: /Users/sauwi01/OneDrive - CA Technologies/Training/scripts/2017-09-26_11-36-38.924884/jmeter.err
[2017-09-26 11:36:40,022 DEBUG Engine] Module config: final-stats defaultdict(None, {'class': 'bzt.modules.reporting.FinalStatus'})
[2017-09-26 11:36:40,022 DEBUG root] Importing module: bzt.modules.reporting
[2017-09-26 11:36:40,060 DEBUG easyprocess] version=0.2.3
[2017-09-26 11:36:40,061 DEBUG pyvirtualdisplay] version=0.2.1
[2017-09-26 11:36:40,062 DEBUG root] Loading class: 'FinalStatus' from <module 'bzt.modules.reporting' from '/Library/Frameworks/Python.framework/Versions/2.7/lib/python2.7/site-packages/bzt/modules/reporting.pyc'>
[2017-09-26 11:36:40,062 DEBUG Engine] Module config: console defaultdict(None, {'class': 'bzt.modules.console.ConsoleStatusReporter'})
[2017-09-26 11:36:40,062 DEBUG root] Importing module: bzt.modules.console
[2017-09-26 11:36:40,062 DEBUG root] Loading class: 'ConsoleStatusReporter' from <module 'bzt.modules.console' from '/Library/Frameworks/Python.framework/Versions/2.7/lib/python2.7/site-packages/bzt/modules/console.pyc'>
[2017-09-26 11:36:40,069 DEBUG Engine.Configuration] Dumping YAML config into /Users/sauwi01/OneDrive - CA Technologies/Training/scripts/2017-09-26_11-36-38.924884/effective.yml
[2017-09-26 11:36:40,089 DEBUG Engine.Configuration] Dumping JSON config into /Users/sauwi01/OneDrive - CA Technologies/Training/scripts/2017-09-26_11-36-38.924884/effective.json
[2017-09-26 11:36:40,089 INFO Engine] Starting...
[2017-09-26 11:36:40,090 DEBUG Engine] Startup <bzt.modules.monitoring.Monitoring object at 0x104789a10>
[2017-09-26 11:36:40,090 DEBUG Engine] Startup <bzt.modules.aggregator.ConsolidatingAggregator object at 0x1047a6110>
[2017-09-26 11:36:40,090 DEBUG Engine] Startup <bzt.modules.reporting.FinalStatus object at 0x10807e6d0>
[2017-09-26 11:36:40,090 DEBUG Engine] Startup <bzt.modules.console.ConsoleStatusReporter object at 0x108098f50>
[2017-09-26 11:36:40,090 INFO Engine.console] Waiting for results...
[2017-09-26 11:36:40,090 DEBUG Engine] Startup <bzt.modules.provisioning.Local object at 0x1047a6650>
[2017-09-26 11:36:40,090 DEBUG Engine.local] Delay setup for jmeter/DemoTest.jmx: 0(start-at) + 0(delay) = 0
[2017-09-26 11:36:40,091 DEBUG Engine.Configuration] Dumping YAML config into /Users/sauwi01/OneDrive - CA Technologies/Training/scripts/2017-09-26_11-36-38.924884/effective.yml
[2017-09-26 11:36:40,111 DEBUG Engine.Configuration] Dumping JSON config into /Users/sauwi01/OneDrive - CA Technologies/Training/scripts/2017-09-26_11-36-38.924884/effective.json
[2017-09-26 11:36:40,111 DEBUG root] Leveling down log file verbosity, use -v option to have DEBUG messages enabled
[2017-09-26 11:36:40,325 INFO Engine.console] Waiting for finish...
[2017-09-26 11:36:47,131 INFO Engine.jmeter.JTLReader] Changed data analysis delay to 4s
[2017-09-26 11:36:49,141 INFO Engine.jmeter.JTLReader] Changed data analysis delay to 5s
[2017-09-26 11:36:55,159 INFO Engine.jmeter.JTLReader] Changed data analysis delay to 8s
[2017-09-26 11:37:03,173 INFO Engine.jmeter.JTLReader] Changed data analysis delay to 7s
[2017-09-26 11:37:08,187 INFO Engine.jmeter.JTLReader] Changed data analysis delay to 6s
[2017-09-26 11:37:10,196 INFO Engine.jmeter.JTLReader] Changed data analysis delay to 7s
[2017-09-26 11:37:14,208 INFO Engine.jmeter.JTLReader] Changed data analysis delay to 8s
[2017-09-26 11:37:16,208 INFO Engine.jmeter.JTLReader] Changed data analysis delay to 7s
[2017-09-26 11:37:30,253 INFO Engine.jmeter.JTLReader] Changed data analysis delay to 8s
[2017-09-26 11:37:32,254 INFO Engine.jmeter.JTLReader] Changed data analysis delay to 7s
[2017-09-26 11:37:35,256 INFO Engine.jmeter.JTLReader] Changed data analysis delay to 8s
[2017-09-26 11:37:39,264 INFO Engine.jmeter.JTLReader] Changed data analysis delay to 7s
[2017-09-26 11:37:44,278 INFO Engine.jmeter.JTLReader] Changed data analysis delay to 8s
[2017-09-26 11:37:44,317 WARNING Engine] Please wait for graceful shutdown...
[2017-09-26 11:37:44,322 DEBUG root] Leveled up log file verbosity
[2017-09-26 11:37:44,322 INFO Engine] Shutting down...
[2017-09-26 11:37:44,327 DEBUG Engine.local] Shutdown jmeter/DemoTest.jmx
[2017-09-26 11:37:44,328 DEBUG Engine.console] Restoring logging streams, [<logging.StreamHandler object at 0x10282cdd0>]/{<logging.StreamHandler object at 0x10282cdd0>: <open file '<stdout>', mode 'w' at 0x1002ad150>}
[2017-09-26 11:37:44,329 DEBUG Engine.Configuration] Dumping YAML config into /Users/sauwi01/OneDrive - CA Technologies/Training/scripts/2017-09-26_11-36-38.924884/effective.yml
[2017-09-26 11:37:44,350 DEBUG Engine.Configuration] Dumping JSON config into /Users/sauwi01/OneDrive - CA Technologies/Training/scripts/2017-09-26_11-36-38.924884/effective.json
[2017-09-26 11:37:44,351 INFO Engine] Post-processing...
[2017-09-26 11:37:44,351 DEBUG Engine.local] Post-process jmeter/DemoTest.jmx
[2017-09-26 11:37:44,351 DEBUG Engine] Add existing artifact (move=True): /Users/sauwi01/OneDrive - CA Technologies/Training/scripts/modified_DemoTest.jmx
[2017-09-26 11:37:44,351 DEBUG Engine] Moving /Users/sauwi01/OneDrive - CA Technologies/Training/scripts/modified_DemoTest.jmx to /Users/sauwi01/OneDrive - CA Technologies/Training/scripts/2017-09-26_11-36-38.924884/modified_DemoTest.jmx
[2017-09-26 11:37:44,352 DEBUG Engine.jmeter.JTLReader.IncrementalCSVReader] Reading JTL: /Users/sauwi01/OneDrive - CA Technologies/Training/scripts/2017-09-26_11-36-38.924884/kpi.jtl
[2017-09-26 11:37:44,352 DEBUG Engine.jmeter.JTLReader.IncrementalCSVReader] Read lines: 0 / 0 bytes (at speed 1048576)
[2017-09-26 11:37:44,352 DEBUG Engine.jmeter.JTLReader] Buffer len: 5
[2017-09-26 11:37:44,352 DEBUG Engine.jmeter.JTLReader] Aggregating: 1506415054
[2017-09-26 11:37:44,353 DEBUG Engine.jmeter.JTLReader] Aggregating: 1506415055
[2017-09-26 11:37:44,355 DEBUG Engine.jmeter.JTLReader] Aggregating: 1506415056
[2017-09-26 11:37:44,357 DEBUG Engine.jmeter.JTLReader] Aggregating: 1506415057
[2017-09-26 11:37:44,360 DEBUG Engine.jmeter.JTLReader] Aggregating: 1506415059
[2017-09-26 11:37:44,364 DEBUG Engine.consolidator] Consolidator buffer[7]: [1506415051, 1506415052, 1506415054, 1506415055, 1506415056, 1506415057, 1506415059]
[2017-09-26 11:37:44,364 DEBUG Engine.consolidator] Merging into 1506415051
[2017-09-26 11:37:44,364 DEBUG Engine.consolidator] Merging 1506415051
[2017-09-26 11:37:44,370 DEBUG Engine.consolidator] Processed datapoint: 1506415051/None
[2017-09-26 11:37:44,370 DEBUG Engine.consolidator] Merging into 1506415052
[2017-09-26 11:37:44,370 DEBUG Engine.consolidator] Merging 1506415052
[2017-09-26 11:37:44,374 DEBUG Engine.consolidator] Processed datapoint: 1506415052/None
[2017-09-26 11:37:44,374 DEBUG Engine.consolidator] Merging into 1506415054
[2017-09-26 11:37:44,375 DEBUG Engine.consolidator] Merging 1506415054
[2017-09-26 11:37:44,379 DEBUG Engine.consolidator] Processed datapoint: 1506415054/None
[2017-09-26 11:37:44,379 DEBUG Engine.consolidator] Merging into 1506415055
[2017-09-26 11:37:44,379 DEBUG Engine.consolidator] Merging 1506415055
[2017-09-26 11:37:44,386 DEBUG Engine.consolidator] Processed datapoint: 1506415055/None
[2017-09-26 11:37:44,386 DEBUG Engine.consolidator] Merging into 1506415056
[2017-09-26 11:37:44,386 DEBUG Engine.consolidator] Merging 1506415056
[2017-09-26 11:37:44,392 DEBUG Engine.consolidator] Processed datapoint: 1506415056/None
[2017-09-26 11:37:44,392 DEBUG Engine.consolidator] Merging into 1506415057
[2017-09-26 11:37:44,392 DEBUG Engine.consolidator] Merging 1506415057
[2017-09-26 11:37:44,396 DEBUG Engine.consolidator] Processed datapoint: 1506415057/None
[2017-09-26 11:37:44,396 DEBUG Engine.consolidator] Merging into 1506415059
[2017-09-26 11:37:44,396 DEBUG Engine.consolidator] Merging 1506415059
[2017-09-26 11:37:44,400 DEBUG Engine.consolidator] Processed datapoint: 1506415059/None
[2017-09-26 11:37:44,401 INFO Engine.final-stats] Test duration: 0:01:04
[2017-09-26 11:37:44,401 INFO Engine.final-stats] Samples count: 140, 0.00% failures
[2017-09-26 11:37:44,401 INFO Engine.final-stats] Average times: total 2.503, latency 0.571, connect 0.000
[2017-09-26 11:37:44,401 INFO Engine.final-stats] Percentile 0.0%: 1.245
[2017-09-26 11:37:44,401 INFO Engine.final-stats] Percentile 50.0%: 2.533
[2017-09-26 11:37:44,401 INFO Engine.final-stats] Percentile 90.0%: 3.441
[2017-09-26 11:37:44,401 INFO Engine.final-stats] Percentile 95.0%: 3.808
[2017-09-26 11:37:44,401 INFO Engine.final-stats] Percentile 99.0%: 4.095
[2017-09-26 11:37:44,401 INFO Engine.final-stats] Percentile 99.9%: 4.295
[2017-09-26 11:37:44,401 INFO Engine.final-stats] Percentile 100.0%: 4.295
[2017-09-26 11:37:44,401 DEBUG Engine.console] No logger_handler or orig_stream was detected
[2017-09-26 11:37:44,403 DEBUG Engine.Configuration] Dumping YAML config into /Users/sauwi01/OneDrive - CA Technologies/Training/scripts/2017-09-26_11-36-38.924884/effective.yml
[2017-09-26 11:37:44,427 DEBUG Engine.Configuration] Dumping JSON config into /Users/sauwi01/OneDrive - CA Technologies/Training/scripts/2017-09-26_11-36-38.924884/effective.json
[2017-09-26 11:37:44,428 INFO root] Artifacts dir: /Users/sauwi01/OneDrive - CA Technologies/Training/scripts/2017-09-26_11-36-38.924884
[2017-09-26 11:37:44,428 INFO root] Done performing with code: 0
[2017-09-26 11:37:44,428 DEBUG root] Closing log handler: /Users/sauwi01/OneDrive - CA Technologies/Training/scripts/2017-09-26_11-36-38.924884/bzt.log
