2017-09-26 11:36:40,844 INFO o.a.j.u.JMeterUtils: Setting Locale to en_GB
2017-09-26 11:36:40,853 INFO o.a.j.JMeter: Loading user properties from: /Users/sauwi01/.bzt/jmeter-taurus/3.2/bin/user.properties
2017-09-26 11:36:40,853 INFO o.a.j.JMeter: Loading system properties from: /Users/sauwi01/.bzt/jmeter-taurus/3.2/bin/system.properties
2017-09-26 11:36:40,856 INFO o.a.j.JMeter: Copyright (c) 1998-2017 The Apache Software Foundation
2017-09-26 11:36:40,856 INFO o.a.j.JMeter: Version 3.2 r1790748
2017-09-26 11:36:40,857 INFO o.a.j.JMeter: java.version=1.8.0_141
2017-09-26 11:36:40,857 INFO o.a.j.JMeter: java.vm.name=Java HotSpot(TM) 64-Bit Server VM
2017-09-26 11:36:40,857 INFO o.a.j.JMeter: os.name=Mac OS X
2017-09-26 11:36:40,857 INFO o.a.j.JMeter: os.arch=x86_64
2017-09-26 11:36:40,857 INFO o.a.j.JMeter: os.version=10.12.6
2017-09-26 11:36:40,857 INFO o.a.j.JMeter: file.encoding=UTF-8
2017-09-26 11:36:40,857 INFO o.a.j.JMeter: Max memory     =3817865216
2017-09-26 11:36:40,857 INFO o.a.j.JMeter: Available Processors =8
2017-09-26 11:36:40,860 INFO o.a.j.JMeter: Default Locale=English (United Kingdom)
2017-09-26 11:36:40,860 INFO o.a.j.JMeter: JMeter  Locale=English (United Kingdom)
2017-09-26 11:36:40,860 INFO o.a.j.JMeter: JMeterHome=/Users/sauwi01/.bzt/jmeter-taurus/3.2
2017-09-26 11:36:40,860 INFO o.a.j.JMeter: user.dir  =/Users/sauwi01/OneDrive - CA Technologies/Training/scripts
2017-09-26 11:36:40,860 INFO o.a.j.JMeter: PWD       =/Users/sauwi01/OneDrive - CA Technologies/Training/scripts
2017-09-26 11:36:40,861 INFO o.a.j.JMeter: IP: 10.129.66.229 Name: sauwi01mac1712 FullName: 10.129.66.229
2017-09-26 11:36:40,862 INFO o.a.j.JMeter: user.classpath=/Users/sauwi01/OneDrive - CA Technologies/Training/scripts/2017-09-26_11-36-38.924884
2017-09-26 11:36:40,862 INFO o.a.j.JMeter: Adding to classpath and loader: /Users/sauwi01/OneDrive - CA Technologies/Training/scripts/2017-09-26_11-36-38.924884
2017-09-26 11:36:40,864 INFO o.a.j.s.FileServer: Default base='/Users/sauwi01/OneDrive - CA Technologies/Training/scripts'
2017-09-26 11:36:40,865 INFO o.a.j.s.FileServer: Set new base='/Users/sauwi01/OneDrive - CA Technologies/Training/scripts'
2017-09-26 11:36:40,938 INFO o.a.j.s.SaveService: Testplan (JMX) version: 2.2. Testlog (JTL) version: 2.2
2017-09-26 11:36:40,946 INFO o.a.j.s.SaveService: Using SaveService properties file encoding UTF-8
2017-09-26 11:36:40,950 INFO o.a.j.s.SaveService: Using SaveService properties version 3.2
2017-09-26 11:36:40,954 INFO o.a.j.s.SaveService: Loading file: /Users/sauwi01/OneDrive - CA Technologies/Training/scripts/modified_DemoTest.jmx
2017-09-26 11:36:40,982 INFO o.a.j.p.h.c.CookieManager: Settings: Delete null: true Check: true Allow variable: true Save: false Prefix: COOKIE_
2017-09-26 11:36:40,983 INFO o.a.j.p.h.c.CacheManager: Will only cache the following methods: [GET]
2017-09-26 11:36:40,998 INFO o.a.j.p.h.s.HTTPSamplerBase: Parser for text/html is org.apache.jmeter.protocol.http.parser.LagartoBasedHtmlParser
2017-09-26 11:36:40,998 INFO o.a.j.p.h.s.HTTPSamplerBase: Parser for application/xhtml+xml is org.apache.jmeter.protocol.http.parser.LagartoBasedHtmlParser
2017-09-26 11:36:40,999 INFO o.a.j.p.h.s.HTTPSamplerBase: Parser for application/xml is org.apache.jmeter.protocol.http.parser.LagartoBasedHtmlParser
2017-09-26 11:36:40,999 INFO o.a.j.p.h.s.HTTPSamplerBase: Parser for text/xml is org.apache.jmeter.protocol.http.parser.LagartoBasedHtmlParser
2017-09-26 11:36:40,999 INFO o.a.j.p.h.s.HTTPSamplerBase: Parser for text/vnd.wap.wml is org.apache.jmeter.protocol.http.parser.RegexpHTMLParser
2017-09-26 11:36:40,999 INFO o.a.j.p.h.s.HTTPSamplerBase: Parser for text/css is org.apache.jmeter.protocol.http.parser.CssParser
2017-09-26 11:36:41,042 INFO o.a.j.e.StandardJMeterEngine: Running the test!
2017-09-26 11:36:41,042 INFO o.a.j.s.SampleEvent: List of sample_variables: []
2017-09-26 11:36:41,043 INFO o.a.j.s.SampleEvent: List of sample_variables: []
2017-09-26 11:36:41,046 INFO o.a.j.e.u.CompoundVariable: Note: Function class names must contain the string: '.functions.'
2017-09-26 11:36:41,046 INFO o.a.j.e.u.CompoundVariable: Note: Function class names must not contain the string: '.gui.'
2017-09-26 11:36:41,298 INFO o.a.j.JMeter: Running test (1506415001298)
2017-09-26 11:36:41,332 INFO o.a.j.e.StandardJMeterEngine: Starting ThreadGroup: 1 : Thread Group
2017-09-26 11:36:41,332 INFO o.a.j.e.StandardJMeterEngine: Starting 10 threads for group Thread Group.
2017-09-26 11:36:41,332 INFO o.a.j.e.StandardJMeterEngine: Thread will continue on error
2017-09-26 11:36:41,335 INFO o.a.j.e.StandardJMeterEngine: All thread groups have been started
2017-09-26 11:36:41,335 INFO c.b.j.t.c.ConcurrencyThreadStarter: Start supplying threads
2017-09-26 11:36:41,589 INFO o.a.j.t.JMeterThread: Thread started: Thread Group 1-1
2017-09-26 11:36:41,590 INFO o.a.j.s.SampleResult: Note: Sample TimeStamps are START times
2017-09-26 11:36:41,590 INFO o.a.j.s.SampleResult: sampleresult.default.encoding is set to UTF-8
2017-09-26 11:36:41,590 INFO o.a.j.s.SampleResult: sampleresult.useNanoTime=true
2017-09-26 11:36:41,590 INFO o.a.j.s.SampleResult: sampleresult.nanoThreadSleep=5000
2017-09-26 11:36:41,601 INFO o.a.j.p.h.s.HTTPHCAbstractImpl: Local host = sauwi01mac1712
2017-09-26 11:36:41,604 INFO o.a.j.p.h.s.HTTPHC4Impl: HTTP request retry count = 0
2017-09-26 11:36:41,974 INFO o.a.j.p.h.p.BaseParser: Created org.apache.jmeter.protocol.http.parser.LagartoBasedHtmlParser
2017-09-26 11:36:42,001 INFO o.a.j.p.h.s.ResourcesDownloader: Creating ResourcesDownloader with keepalive_inseconds : 60
2017-09-26 11:36:42,594 INFO o.a.j.t.JMeterThread: Thread started: Thread Group 1-2
2017-09-26 11:36:42,595 INFO o.a.j.t.JMeterThread: Thread started: Thread Group 1-3
2017-09-26 11:36:43,188 INFO o.a.j.p.h.p.BaseParser: Created org.apache.jmeter.protocol.http.parser.CssParser
2017-09-26 11:36:43,597 INFO o.a.j.t.JMeterThread: Thread started: Thread Group 1-4
2017-09-26 11:36:43,597 INFO o.a.j.t.JMeterThread: Thread started: Thread Group 1-5
2017-09-26 11:36:44,604 INFO o.a.j.t.JMeterThread: Thread started: Thread Group 1-6
2017-09-26 11:36:44,608 INFO o.a.j.t.JMeterThread: Thread started: Thread Group 1-7
2017-09-26 11:36:45,614 INFO o.a.j.t.JMeterThread: Thread started: Thread Group 1-8
2017-09-26 11:36:45,615 INFO o.a.j.t.JMeterThread: Thread started: Thread Group 1-9
2017-09-26 11:36:46,621 INFO o.a.j.t.JMeterThread: Thread started: Thread Group 1-10
2017-09-26 11:37:26,771 INFO c.b.j.t.c.ConcurrencyThreadStarter: Done supplying threads
2017-09-26 11:37:27,203 INFO c.b.j.c.VirtualUserController: Test limit reached, thread is done: Thread Group 1-4
2017-09-26 11:37:27,203 INFO o.a.j.t.JMeterThread: Thread is done: Thread Group 1-4
2017-09-26 11:37:27,204 INFO o.a.j.t.JMeterThread: Thread finished: Thread Group 1-4
2017-09-26 11:37:28,758 INFO c.b.j.c.VirtualUserController: Test limit reached, thread is done: Thread Group 1-8
2017-09-26 11:37:28,758 INFO o.a.j.t.JMeterThread: Thread is done: Thread Group 1-8
2017-09-26 11:37:28,758 INFO o.a.j.t.JMeterThread: Thread finished: Thread Group 1-8
2017-09-26 11:37:35,258 INFO c.b.j.c.VirtualUserController: Test limit reached, thread is done: Thread Group 1-2
2017-09-26 11:37:35,259 INFO o.a.j.t.JMeterThread: Thread is done: Thread Group 1-2
2017-09-26 11:37:35,259 INFO o.a.j.t.JMeterThread: Thread finished: Thread Group 1-2
2017-09-26 11:37:36,543 INFO c.b.j.c.VirtualUserController: Test limit reached, thread is done: Thread Group 1-9
2017-09-26 11:37:36,543 INFO o.a.j.t.JMeterThread: Thread is done: Thread Group 1-9
2017-09-26 11:37:36,543 INFO o.a.j.t.JMeterThread: Thread finished: Thread Group 1-9
2017-09-26 11:37:38,257 INFO c.b.j.c.VirtualUserController: Test limit reached, thread is done: Thread Group 1-3
2017-09-26 11:37:38,257 INFO o.a.j.t.JMeterThread: Thread is done: Thread Group 1-3
2017-09-26 11:37:38,257 INFO o.a.j.t.JMeterThread: Thread finished: Thread Group 1-3
2017-09-26 11:37:38,791 INFO c.b.j.c.VirtualUserController: Test limit reached, thread is done: Thread Group 1-6
2017-09-26 11:37:38,792 INFO o.a.j.t.JMeterThread: Thread is done: Thread Group 1-6
2017-09-26 11:37:38,792 INFO o.a.j.t.JMeterThread: Thread finished: Thread Group 1-6
2017-09-26 11:37:38,795 INFO c.b.j.c.VirtualUserController: Test limit reached, thread is done: Thread Group 1-5
2017-09-26 11:37:38,795 INFO o.a.j.t.JMeterThread: Thread is done: Thread Group 1-5
2017-09-26 11:37:38,795 INFO o.a.j.t.JMeterThread: Thread finished: Thread Group 1-5
2017-09-26 11:37:39,817 INFO c.b.j.c.VirtualUserController: Test limit reached, thread is done: Thread Group 1-10
2017-09-26 11:37:39,817 INFO o.a.j.t.JMeterThread: Thread is done: Thread Group 1-10
2017-09-26 11:37:39,817 INFO o.a.j.t.JMeterThread: Thread finished: Thread Group 1-10
2017-09-26 11:37:40,302 INFO c.b.j.c.VirtualUserController: Test limit reached, thread is done: Thread Group 1-1
2017-09-26 11:37:40,302 INFO o.a.j.t.JMeterThread: Thread is done: Thread Group 1-1
2017-09-26 11:37:40,302 INFO o.a.j.t.JMeterThread: Thread finished: Thread Group 1-1
2017-09-26 11:37:43,196 INFO c.b.j.c.VirtualUserController: Test limit reached, thread is done: Thread Group 1-7
2017-09-26 11:37:43,196 INFO o.a.j.t.JMeterThread: Thread is done: Thread Group 1-7
2017-09-26 11:37:43,196 INFO o.a.j.t.JMeterThread: Thread finished: Thread Group 1-7
2017-09-26 11:37:43,197 INFO o.a.j.e.StandardJMeterEngine: Notifying test listeners of end of test
2017-09-26 11:37:43,198 INFO o.a.j.e.StandardJMeterEngine: Forced JVM shutdown requested at end of test
