2017-09-26 11:07:16,317 INFO o.a.j.u.JMeterUtils: Setting Locale to en_GB
2017-09-26 11:07:16,328 INFO o.a.j.JMeter: Loading user properties from: /Users/sauwi01/.bzt/jmeter-taurus/3.2/bin/user.properties
2017-09-26 11:07:16,328 INFO o.a.j.JMeter: Loading system properties from: /Users/sauwi01/.bzt/jmeter-taurus/3.2/bin/system.properties
2017-09-26 11:07:16,334 INFO o.a.j.JMeter: Copyright (c) 1998-2017 The Apache Software Foundation
2017-09-26 11:07:16,334 INFO o.a.j.JMeter: Version 3.2 r1790748
2017-09-26 11:07:16,334 INFO o.a.j.JMeter: java.version=1.8.0_141
2017-09-26 11:07:16,334 INFO o.a.j.JMeter: java.vm.name=Java HotSpot(TM) 64-Bit Server VM
2017-09-26 11:07:16,334 INFO o.a.j.JMeter: os.name=Mac OS X
2017-09-26 11:07:16,334 INFO o.a.j.JMeter: os.arch=x86_64
2017-09-26 11:07:16,334 INFO o.a.j.JMeter: os.version=10.12.6
2017-09-26 11:07:16,334 INFO o.a.j.JMeter: file.encoding=UTF-8
2017-09-26 11:07:16,334 INFO o.a.j.JMeter: Max memory     =3817865216
2017-09-26 11:07:16,334 INFO o.a.j.JMeter: Available Processors =8
2017-09-26 11:07:16,337 INFO o.a.j.JMeter: Default Locale=English (United Kingdom)
2017-09-26 11:07:16,337 INFO o.a.j.JMeter: JMeter  Locale=English (United Kingdom)
2017-09-26 11:07:16,338 INFO o.a.j.JMeter: JMeterHome=/Users/sauwi01/.bzt/jmeter-taurus/3.2
2017-09-26 11:07:16,338 INFO o.a.j.JMeter: user.dir  =/Users/sauwi01/OneDrive - CA Technologies/Training/scripts
2017-09-26 11:07:16,338 INFO o.a.j.JMeter: PWD       =/Users/sauwi01/OneDrive - CA Technologies/Training/scripts
2017-09-26 11:07:16,339 INFO o.a.j.JMeter: IP: 10.129.66.229 Name: sauwi01mac1712 FullName: 10.129.66.229
2017-09-26 11:07:16,339 INFO o.a.j.JMeter: user.classpath=/Users/sauwi01/OneDrive - CA Technologies/Training/scripts/2017-09-26_11-07-13.549085
2017-09-26 11:07:16,339 INFO o.a.j.JMeter: Adding to classpath and loader: /Users/sauwi01/OneDrive - CA Technologies/Training/scripts/2017-09-26_11-07-13.549085
2017-09-26 11:07:16,342 INFO o.a.j.s.FileServer: Default base='/Users/sauwi01/OneDrive - CA Technologies/Training/scripts'
2017-09-26 11:07:16,343 INFO o.a.j.s.FileServer: Set new base='/Users/sauwi01/OneDrive - CA Technologies/Training/scripts'
2017-09-26 11:07:16,439 INFO o.a.j.s.SaveService: Testplan (JMX) version: 2.2. Testlog (JTL) version: 2.2
2017-09-26 11:07:16,449 INFO o.a.j.s.SaveService: Using SaveService properties file encoding UTF-8
2017-09-26 11:07:16,454 INFO o.a.j.s.SaveService: Using SaveService properties version 3.2
2017-09-26 11:07:16,460 INFO o.a.j.s.SaveService: Loading file: /Users/sauwi01/OneDrive - CA Technologies/Training/scripts/modified_DummyTest.jmx
2017-09-26 11:07:16,520 INFO o.a.j.e.StandardJMeterEngine: Running the test!
2017-09-26 11:07:16,520 INFO o.a.j.s.SampleEvent: List of sample_variables: []
2017-09-26 11:07:16,520 INFO o.a.j.s.SampleEvent: List of sample_variables: []
2017-09-26 11:07:16,523 INFO o.a.j.e.u.CompoundVariable: Note: Function class names must contain the string: '.functions.'
2017-09-26 11:07:16,523 INFO o.a.j.e.u.CompoundVariable: Note: Function class names must not contain the string: '.gui.'
2017-09-26 11:07:16,823 INFO o.a.j.JMeter: Running test (1506413236823)
2017-09-26 11:07:16,866 INFO o.a.j.e.StandardJMeterEngine: Starting ThreadGroup: 1 : Thread Group
2017-09-26 11:07:16,866 INFO o.a.j.e.StandardJMeterEngine: Starting 10 threads for group Thread Group.
2017-09-26 11:07:16,866 INFO o.a.j.e.StandardJMeterEngine: Thread will continue on error
2017-09-26 11:07:16,866 INFO o.a.j.t.ThreadGroup: Starting thread group... number=1 threads=10 ramp-up=1 perThread=100.0 delayedStart=false
2017-09-26 11:07:16,872 INFO o.a.j.t.ThreadGroup: Started thread group number 1
2017-09-26 11:07:16,872 INFO o.a.j.e.StandardJMeterEngine: All thread groups have been started
2017-09-26 11:07:16,872 INFO o.a.j.t.JMeterThread: Thread started: Thread Group 1-1
2017-09-26 11:07:16,875 INFO o.a.j.s.SampleResult: Note: Sample TimeStamps are START times
2017-09-26 11:07:16,875 INFO o.a.j.s.SampleResult: sampleresult.default.encoding is set to UTF-8
2017-09-26 11:07:16,876 INFO o.a.j.s.SampleResult: sampleresult.useNanoTime=true
2017-09-26 11:07:16,876 INFO o.a.j.s.SampleResult: sampleresult.nanoThreadSleep=5000
2017-09-26 11:07:16,972 INFO o.a.j.t.JMeterThread: Thread started: Thread Group 1-2
2017-09-26 11:07:17,076 INFO o.a.j.t.JMeterThread: Thread started: Thread Group 1-3
2017-09-26 11:07:17,086 INFO o.a.j.t.JMeterThread: Thread is done: Thread Group 1-2
2017-09-26 11:07:17,086 INFO o.a.j.t.JMeterThread: Thread finished: Thread Group 1-2
2017-09-26 11:07:17,174 INFO o.a.j.t.JMeterThread: Thread started: Thread Group 1-4
2017-09-26 11:07:17,200 INFO o.a.j.t.JMeterThread: Thread is done: Thread Group 1-1
2017-09-26 11:07:17,200 INFO o.a.j.t.JMeterThread: Thread finished: Thread Group 1-1
2017-09-26 11:07:17,275 INFO o.a.j.t.JMeterThread: Thread started: Thread Group 1-5
2017-09-26 11:07:17,360 INFO o.a.j.t.JMeterThread: Thread is done: Thread Group 1-4
2017-09-26 11:07:17,361 INFO o.a.j.t.JMeterThread: Thread finished: Thread Group 1-4
2017-09-26 11:07:17,373 INFO o.a.j.t.JMeterThread: Thread started: Thread Group 1-6
2017-09-26 11:07:17,380 INFO o.a.j.t.JMeterThread: Thread is done: Thread Group 1-5
2017-09-26 11:07:17,380 INFO o.a.j.t.JMeterThread: Thread finished: Thread Group 1-5
2017-09-26 11:07:17,414 INFO o.a.j.t.JMeterThread: Thread is done: Thread Group 1-3
2017-09-26 11:07:17,415 INFO o.a.j.t.JMeterThread: Thread finished: Thread Group 1-3
2017-09-26 11:07:17,474 INFO o.a.j.t.JMeterThread: Thread started: Thread Group 1-7
2017-09-26 11:07:17,546 INFO o.a.j.t.JMeterThread: Thread is done: Thread Group 1-7
2017-09-26 11:07:17,546 INFO o.a.j.t.JMeterThread: Thread finished: Thread Group 1-7
2017-09-26 11:07:17,572 INFO o.a.j.t.JMeterThread: Thread started: Thread Group 1-8
2017-09-26 11:07:17,669 INFO o.a.j.t.JMeterThread: Thread is done: Thread Group 1-6
2017-09-26 11:07:17,669 INFO o.a.j.t.JMeterThread: Thread finished: Thread Group 1-6
2017-09-26 11:07:17,673 INFO o.a.j.t.JMeterThread: Thread started: Thread Group 1-9
2017-09-26 11:07:17,705 INFO o.a.j.t.JMeterThread: Thread is done: Thread Group 1-8
2017-09-26 11:07:17,705 INFO o.a.j.t.JMeterThread: Thread finished: Thread Group 1-8
2017-09-26 11:07:17,773 INFO o.a.j.t.JMeterThread: Thread started: Thread Group 1-10
2017-09-26 11:07:18,142 INFO o.a.j.t.JMeterThread: Thread is done: Thread Group 1-9
2017-09-26 11:07:18,143 INFO o.a.j.t.JMeterThread: Thread finished: Thread Group 1-9
2017-09-26 11:07:18,208 INFO o.a.j.t.JMeterThread: Thread is done: Thread Group 1-10
2017-09-26 11:07:18,208 INFO o.a.j.t.JMeterThread: Thread finished: Thread Group 1-10
2017-09-26 11:07:18,210 INFO o.a.j.e.StandardJMeterEngine: Notifying test listeners of end of test
2017-09-26 11:07:18,211 INFO o.a.j.e.StandardJMeterEngine: Forced JVM shutdown requested at end of test
