[2017-09-26 10:18:11,670 INFO root] Taurus CLI Tool v1.9.5
[2017-09-26 10:18:11,670 DEBUG root] Command-line options: {'verbose': None, 'no_system_configs': None, 'quiet': None, 'log': '/var/folders/mh/6ytxr9zd4_bdy0q8lk1vd9w4k0vvbq/T/bzt_TkCxre.log', 'option': None, 'aliases': []}
[2017-09-26 10:18:11,670 DEBUG root] Python: CPython 2.7.13
[2017-09-26 10:18:11,670 DEBUG root] OS: ('Darwin', 'sauwi01mac1712', '16.7.0', 'Darwin Kernel Version 16.7.0: Thu Jun 15 17:36:27 PDT 2017; root:xnu-3789.70.16~2/RELEASE_X86_64', 'x86_64', 'i386')
[2017-09-26 10:18:11,670 INFO root] Starting with configs: ['execution.yml']
[2017-09-26 10:18:11,671 DEBUG root] Using personal config: /Users/sauwi01/.bzt-rc
[2017-09-26 10:18:11,671 INFO Engine] Configuring...
[2017-09-26 10:18:11,671 DEBUG Engine] No machine configs dir: /usr/local/etc/bzt.d
[2017-09-26 10:18:11,671 DEBUG Engine.Configuration] Configs: ['/Library/Frameworks/Python.framework/Versions/2.7/lib/python2.7/site-packages/bzt/resources/base-config.yml']
[2017-09-26 10:18:11,671 DEBUG Engine.Configuration] Reading /Library/Frameworks/Python.framework/Versions/2.7/lib/python2.7/site-packages/bzt/resources/base-config.yml as YAML
[2017-09-26 10:18:11,692 DEBUG Engine.Configuration] Configs: ['/Users/sauwi01/.bzt-rc', 'execution.yml']
[2017-09-26 10:18:11,693 DEBUG Engine.Configuration] Reading /Users/sauwi01/.bzt-rc as YAML
[2017-09-26 10:18:11,696 DEBUG Engine.Configuration] Reading execution.yml as YAML
[2017-09-26 10:18:11,698 DEBUG Engine.Configuration] Configs: ['/Users/sauwi01/.bzt-rc', 'execution.yml']
[2017-09-26 10:18:11,698 DEBUG Engine.Configuration] Reading /Users/sauwi01/.bzt-rc as YAML
[2017-09-26 10:18:11,701 DEBUG Engine.Configuration] Reading execution.yml as YAML
[2017-09-26 10:18:11,714 DEBUG Engine] Requesting updates info: http://gettaurus.org/updates/?version=1.9.5&installID=macos-8c85900d1a09
[2017-09-26 10:18:11,720 INFO Engine] Artifacts dir: /Users/sauwi01/OneDrive - CA Technologies/Training/scripts/2017-09-26_10-18-11.714144
[2017-09-26 10:18:11,721 DEBUG Engine] New artifact filename: /Users/sauwi01/OneDrive - CA Technologies/Training/scripts/2017-09-26_10-18-11.714144/effective
[2017-09-26 10:18:11,722 DEBUG Engine.Configuration] Dumping YAML config into /Users/sauwi01/OneDrive - CA Technologies/Training/scripts/2017-09-26_10-18-11.714144/effective.yml
[2017-09-26 10:18:11,739 DEBUG Engine.Configuration] Dumping JSON config into /Users/sauwi01/OneDrive - CA Technologies/Training/scripts/2017-09-26_10-18-11.714144/effective.json
[2017-09-26 10:18:11,740 DEBUG Engine] New artifact filename: /Users/sauwi01/OneDrive - CA Technologies/Training/scripts/2017-09-26_10-18-11.714144/merged.yml
[2017-09-26 10:18:11,740 DEBUG Engine.Configuration] Dumping YAML config into /Users/sauwi01/OneDrive - CA Technologies/Training/scripts/2017-09-26_10-18-11.714144/merged.yml
[2017-09-26 10:18:11,742 DEBUG Engine] New artifact filename: /Users/sauwi01/OneDrive - CA Technologies/Training/scripts/2017-09-26_10-18-11.714144/merged.json
[2017-09-26 10:18:11,742 DEBUG Engine.Configuration] Dumping JSON config into /Users/sauwi01/OneDrive - CA Technologies/Training/scripts/2017-09-26_10-18-11.714144/merged.json
[2017-09-26 10:18:11,742 DEBUG Engine] Add existing artifact (move=False): execution.yml
[2017-09-26 10:18:11,742 DEBUG Engine] Copying execution.yml to /Users/sauwi01/OneDrive - CA Technologies/Training/scripts/2017-09-26_10-18-11.714144/execution.yml
[2017-09-26 10:18:11,742 DEBUG root] Closing log handler: /var/folders/mh/6ytxr9zd4_bdy0q8lk1vd9w4k0vvbq/T/bzt_TkCxre.log
[2017-09-26 10:18:11,743 DEBUG root] Switched writing logs to /Users/sauwi01/OneDrive - CA Technologies/Training/scripts/2017-09-26_10-18-11.714144/bzt.log
[2017-09-26 10:18:11,743 INFO Engine] Preparing...
[2017-09-26 10:18:11,743 DEBUG Engine] Module config: consolidator defaultdict(None, {'class': 'bzt.modules.aggregator.ConsolidatingAggregator'})
[2017-09-26 10:18:11,743 DEBUG root] Importing module: bzt.modules.aggregator
[2017-09-26 10:18:11,745 DEBUG root] Loading class: 'ConsolidatingAggregator' from <module 'bzt.modules.aggregator' from '/Library/Frameworks/Python.framework/Versions/2.7/lib/python2.7/site-packages/bzt/modules/aggregator.pyc'>
[2017-09-26 10:18:11,745 DEBUG Engine.consolidator] Exception in dehumanize_time(inf)
[2017-09-26 10:18:11,745 DEBUG Engine.consolidator] Buffer scaling setup: percentile 95.0 from [0.0, 50.0, 90.0, 95.0, 99.0, 99.9, 100.0] selected
[2017-09-26 10:18:11,745 DEBUG Engine] Module config: monitoring defaultdict(None, {'class': 'bzt.modules.monitoring.Monitoring'})
[2017-09-26 10:18:11,745 DEBUG root] Importing module: bzt.modules.monitoring
[2017-09-26 10:18:11,796 DEBUG root] Loading class: 'Monitoring' from <module 'bzt.modules.monitoring' from '/Library/Frameworks/Python.framework/Versions/2.7/lib/python2.7/site-packages/bzt/modules/monitoring.pyc'>
[2017-09-26 10:18:11,797 DEBUG Engine] Module config: local defaultdict(None, {'class': 'bzt.modules.provisioning.Local'})
[2017-09-26 10:18:11,797 DEBUG root] Importing module: bzt.modules.provisioning
[2017-09-26 10:18:11,797 DEBUG root] Loading class: 'Local' from <module 'bzt.modules.provisioning' from '/Library/Frameworks/Python.framework/Versions/2.7/lib/python2.7/site-packages/bzt/modules/provisioning.pyc'>
[2017-09-26 10:18:11,797 DEBUG Engine] Module config: jmeter defaultdict(None, {'properties': defaultdict(None, {'jmeter.save.saveservice.autoflush': 'true', 'summariser.name': '', 'jmeter.save.saveservice.connect_time': 'true', 'mode': 'Stripped', 'jmeterengine.force.system.exit': 'true'}), 'class': 'bzt.modules.jmeter.JMeterExecutor', 'plugins': ['jpgc-casutg', 'jpgc-dummy', 'jpgc-ffw', 'jpgc-fifo', 'jpgc-functions', 'jpgc-json', 'jpgc-perfmon', 'jpgc-prmctl', 'jpgc-tst']})
[2017-09-26 10:18:11,797 DEBUG root] Importing module: bzt.modules.jmeter
[2017-09-26 10:18:11,806 DEBUG root] Loading class: 'JMeterExecutor' from <module 'bzt.modules.jmeter' from '/Library/Frameworks/Python.framework/Versions/2.7/lib/python2.7/site-packages/bzt/modules/jmeter.pyc'>
[2017-09-26 10:18:11,806 DEBUG Engine.local] Preparing executor: jmeter/4419394576
[2017-09-26 10:18:11,806 DEBUG Engine] New artifact filename: /Users/sauwi01/OneDrive - CA Technologies/Training/scripts/2017-09-26_10-18-11.714144/jmeter.log
[2017-09-26 10:18:11,806 DEBUG Engine.jmeter] Checking if port 4445 is free
[2017-09-26 10:18:11,807 DEBUG Engine.jmeter] Port 4445 is free
[2017-09-26 10:18:11,807 DEBUG Engine.jmeter] Using port 4445 for management
[2017-09-26 10:18:11,807 DEBUG Engine.jmeter.JavaVM] Trying JavaVM: ['java', '-version']
[2017-09-26 10:18:12,069 DEBUG Engine.jmeter.JavaVM] JavaVM output: java version "1.8.0_141"
Java(TM) SE Runtime Environment (build 1.8.0_141-b15)
Java HotSpot(TM) 64-Bit Server VM (build 25.141-b15, mixed mode)

[2017-09-26 10:18:12,069 DEBUG Engine.jmeter.TclLibrary] We don't need to check tcl library on this platform
[2017-09-26 10:18:12,069 DEBUG Engine.jmeter.JMeter] Trying jmeter: /Users/sauwi01/.bzt/jmeter-taurus/3.2/bin/jmeter.sh
[2017-09-26 10:18:12,070 DEBUG bzt.utils] Executing shell: ['/Users/sauwi01/.bzt/jmeter-taurus/3.2/bin/jmeter.sh', '-j', '/var/folders/mh/6ytxr9zd4_bdy0q8lk1vd9w4k0vvbq/T/jmeterWTdUbjlog', '--version']
[2017-09-26 10:18:13,141 DEBUG Engine] Taurus updates info: {"latest":"1.9.5","needsUpgrade":false}
[2017-09-26 10:18:13,141 DEBUG Engine] Installation is up-to-date
[2017-09-26 10:18:13,527 DEBUG Engine.jmeter.JMeter] JMeter check:     _    ____   _    ____ _   _ _____       _ __  __ _____ _____ _____ ____     
   / \  |  _ \ / \  / ___| | | | ____|     | |  \/  | ____|_   _| ____|  _ \   
  / _ \ | |_) / _ \| |   | |_| |  _|    _  | | |\/| |  _|   | | |  _| | |_) | 
 / ___ \|  __/ ___ \ |___|  _  | |___  | |_| | |  | | |___  | | | |___|  _ <  
/_/   \_\_| /_/   \_\____|_| |_|_____|  \___/|_|  |_|_____| |_| |_____|_| \_\ 3.2 r1790748  

Copyright (c) 1999-2017 The Apache Software Foundation

 / None
[2017-09-26 10:18:13,527 DEBUG Engine] New artifact filename: /Users/sauwi01/OneDrive - CA Technologies/Training/scripts/2017-09-26_10-18-11.714144/requests.jmx
[2017-09-26 10:18:13,530 DEBUG JMeterScenarioBuilder] Saving JMX to: /Users/sauwi01/OneDrive - CA Technologies/Training/scripts/2017-09-26_10-18-11.714144/requests.jmx
[2017-09-26 10:18:13,531 DEBUG Engine.jmeter] Load: LoadSpec(concurrency=10, throughput=None, ramp_up=40.0, hold=120.0, iterations=0, duration=160.0, steps=None)
[2017-09-26 10:18:13,534 DEBUG Engine.jmeter.LoadSettingsProcessor.ThreadGroupHandler] Converting ThreadGroup (Thread Group) to ConcurrencyThreadGroup and apply load parameters
[2017-09-26 10:18:13,535 DEBUG Engine] New artifact filename: /Users/sauwi01/OneDrive - CA Technologies/Training/scripts/2017-09-26_10-18-11.714144/kpi.jtl
[2017-09-26 10:18:13,535 DEBUG Engine] New artifact filename: /Users/sauwi01/OneDrive - CA Technologies/Training/scripts/2017-09-26_10-18-11.714144/error.jtl
[2017-09-26 10:18:13,536 DEBUG Engine] New artifact filename: /Users/sauwi01/OneDrive - CA Technologies/Training/scripts/2017-09-26_10-18-11.714144/modified_requests.jmx
[2017-09-26 10:18:13,536 DEBUG JMX] Saving JMX to: /Users/sauwi01/OneDrive - CA Technologies/Training/scripts/2017-09-26_10-18-11.714144/modified_requests.jmx
[2017-09-26 10:18:13,536 DEBUG Engine.jmeter] Additional properties: defaultdict(None, {'jmeter.save.saveservice.autoflush': 'true', 'jmeter.save.saveservice.connect_time': 'true', 'user.classpath': '/Users/sauwi01/OneDrive - CA Technologies/Training/scripts/2017-09-26_10-18-11.714144', 'sampleresult.default.encoding': 'UTF-8', 'summariser.name': '', 'jmeterengine.force.system.exit': 'true', 'jmeter.save.saveservice.timestamp_format': 'ms', 'mode': 'Stripped', 'jmeterengine.nongui.maxport': 4445, 'jmeterengine.nongui.port': 4445})
[2017-09-26 10:18:13,537 DEBUG Engine] New artifact filename: /Users/sauwi01/OneDrive - CA Technologies/Training/scripts/2017-09-26_10-18-11.714144/jmeter-bzt.properties
[2017-09-26 10:18:13,537 DEBUG Engine.jmeter] Additional system properties defaultdict(None, {'sun.net.inetaddr.ttl': 0})
[2017-09-26 10:18:13,537 DEBUG Engine] New artifact filename: /Users/sauwi01/OneDrive - CA Technologies/Training/scripts/2017-09-26_10-18-11.714144/system.properties
[2017-09-26 10:18:13,537 DEBUG Engine] New artifact filename: /Users/sauwi01/OneDrive - CA Technologies/Training/scripts/2017-09-26_10-18-11.714144/jmeter.out
[2017-09-26 10:18:13,537 DEBUG Engine] New artifact filename: /Users/sauwi01/OneDrive - CA Technologies/Training/scripts/2017-09-26_10-18-11.714144/jmeter.err
[2017-09-26 10:18:13,538 DEBUG Engine] Module config: final-stats defaultdict(None, {'class': 'bzt.modules.reporting.FinalStatus'})
[2017-09-26 10:18:13,538 DEBUG root] Importing module: bzt.modules.reporting
[2017-09-26 10:18:13,636 DEBUG easyprocess] version=0.2.3
[2017-09-26 10:18:13,640 DEBUG pyvirtualdisplay] version=0.2.1
[2017-09-26 10:18:13,642 DEBUG root] Loading class: 'FinalStatus' from <module 'bzt.modules.reporting' from '/Library/Frameworks/Python.framework/Versions/2.7/lib/python2.7/site-packages/bzt/modules/reporting.pyc'>
[2017-09-26 10:18:13,642 DEBUG Engine] Module config: console defaultdict(None, {'class': 'bzt.modules.console.ConsoleStatusReporter'})
[2017-09-26 10:18:13,642 DEBUG root] Importing module: bzt.modules.console
[2017-09-26 10:18:13,642 DEBUG root] Loading class: 'ConsoleStatusReporter' from <module 'bzt.modules.console' from '/Library/Frameworks/Python.framework/Versions/2.7/lib/python2.7/site-packages/bzt/modules/console.pyc'>
[2017-09-26 10:18:13,649 DEBUG Engine.Configuration] Dumping YAML config into /Users/sauwi01/OneDrive - CA Technologies/Training/scripts/2017-09-26_10-18-11.714144/effective.yml
[2017-09-26 10:18:13,671 DEBUG Engine.Configuration] Dumping JSON config into /Users/sauwi01/OneDrive - CA Technologies/Training/scripts/2017-09-26_10-18-11.714144/effective.json
[2017-09-26 10:18:13,672 INFO Engine] Starting...
[2017-09-26 10:18:13,672 DEBUG Engine] Startup <bzt.modules.monitoring.Monitoring object at 0x104760b50>
[2017-09-26 10:18:13,672 DEBUG Engine] Startup <bzt.modules.aggregator.ConsolidatingAggregator object at 0x104742c10>
[2017-09-26 10:18:13,672 DEBUG Engine] Startup <bzt.modules.reporting.FinalStatus object at 0x107785650>
[2017-09-26 10:18:13,672 DEBUG Engine] Startup <bzt.modules.console.ConsoleStatusReporter object at 0x1077a4fd0>
[2017-09-26 10:18:13,672 INFO Engine.console] Waiting for results...
[2017-09-26 10:18:13,672 DEBUG Engine] Startup <bzt.modules.provisioning.Local object at 0x104742210>
[2017-09-26 10:18:13,673 DEBUG Engine.local] Delay setup for jmeter/Thread Group: 0(start-at) + 0(delay) = 0
[2017-09-26 10:18:13,674 DEBUG Engine.Configuration] Dumping YAML config into /Users/sauwi01/OneDrive - CA Technologies/Training/scripts/2017-09-26_10-18-11.714144/effective.yml
[2017-09-26 10:18:13,700 DEBUG Engine.Configuration] Dumping JSON config into /Users/sauwi01/OneDrive - CA Technologies/Training/scripts/2017-09-26_10-18-11.714144/effective.json
[2017-09-26 10:18:13,701 DEBUG root] Leveling down log file verbosity, use -v option to have DEBUG messages enabled
[2017-09-26 10:18:13,915 INFO Engine.console] Waiting for finish...
[2017-09-26 10:18:23,553 INFO Engine.jmeter.JTLReader] Changed data analysis delay to 7s
[2017-09-26 10:18:38,595 INFO Engine.jmeter.JTLReader] Changed data analysis delay to 8s
[2017-09-26 10:18:44,612 INFO Engine.jmeter.JTLReader] Changed data analysis delay to 7s
[2017-09-26 10:18:51,638 INFO Engine.jmeter.JTLReader] Changed data analysis delay to 9s
[2017-09-26 10:19:02,672 INFO Engine.jmeter.JTLReader] Changed data analysis delay to 11s
[2017-09-26 10:19:07,690 INFO Engine.jmeter.JTLReader] Changed data analysis delay to 14s
[2017-09-26 10:19:25,733 INFO Engine.jmeter.JTLReader] Changed data analysis delay to 13s
[2017-09-26 10:19:38,770 INFO Engine.jmeter.JTLReader] Changed data analysis delay to 12s
[2017-09-26 10:19:45,787 INFO Engine.jmeter.JTLReader] Changed data analysis delay to 11s
[2017-09-26 10:20:13,837 INFO Engine.jmeter.JTLReader] Changed data analysis delay to 10s
[2017-09-26 10:21:01,023 WARNING Engine] Please wait for graceful shutdown...
[2017-09-26 10:21:01,029 DEBUG root] Leveled up log file verbosity
[2017-09-26 10:21:01,030 INFO Engine] Shutting down...
[2017-09-26 10:21:01,036 DEBUG Engine.local] Shutdown jmeter/Thread Group
[2017-09-26 10:21:01,036 DEBUG Engine.console] Restoring logging streams, [<logging.StreamHandler object at 0x10386cd90>]/{<logging.StreamHandler object at 0x10386cd90>: <open file '<stdout>', mode 'w' at 0x1002ad150>}
[2017-09-26 10:21:01,037 DEBUG Engine.Configuration] Dumping YAML config into /Users/sauwi01/OneDrive - CA Technologies/Training/scripts/2017-09-26_10-18-11.714144/effective.yml
[2017-09-26 10:21:01,062 DEBUG Engine.Configuration] Dumping JSON config into /Users/sauwi01/OneDrive - CA Technologies/Training/scripts/2017-09-26_10-18-11.714144/effective.json
[2017-09-26 10:21:01,063 INFO Engine] Post-processing...
[2017-09-26 10:21:01,063 DEBUG Engine.local] Post-process jmeter/Thread Group
[2017-09-26 10:21:01,063 DEBUG Engine] Add existing artifact (move=True): /Users/sauwi01/OneDrive - CA Technologies/Training/scripts/2017-09-26_10-18-11.714144/modified_requests.jmx
[2017-09-26 10:21:01,063 DEBUG Engine] No need to copy /Users/sauwi01/OneDrive - CA Technologies/Training/scripts/2017-09-26_10-18-11.714144/modified_requests.jmx
[2017-09-26 10:21:01,063 DEBUG Engine.jmeter.JTLReader.IncrementalCSVReader] Reading JTL: /Users/sauwi01/OneDrive - CA Technologies/Training/scripts/2017-09-26_10-18-11.714144/kpi.jtl
[2017-09-26 10:21:01,064 DEBUG Engine.jmeter.JTLReader.IncrementalCSVReader] Read lines: 0 / 0 bytes (at speed 1048576)
[2017-09-26 10:21:01,064 DEBUG Engine.jmeter.JTLReader] Buffer len: 10
[2017-09-26 10:21:01,064 DEBUG Engine.jmeter.JTLReader] Aggregating: 1506410448
[2017-09-26 10:21:01,067 DEBUG Engine.jmeter.JTLReader] Aggregating: 1506410449
[2017-09-26 10:21:01,070 DEBUG Engine.jmeter.JTLReader] Aggregating: 1506410450
[2017-09-26 10:21:01,073 DEBUG Engine.jmeter.JTLReader] Aggregating: 1506410451
[2017-09-26 10:21:01,076 DEBUG Engine.jmeter.JTLReader] Aggregating: 1506410452
[2017-09-26 10:21:01,079 DEBUG Engine.jmeter.JTLReader] Aggregating: 1506410453
[2017-09-26 10:21:01,081 DEBUG Engine.jmeter.JTLReader] Aggregating: 1506410454
[2017-09-26 10:21:01,084 DEBUG Engine.jmeter.JTLReader] Aggregating: 1506410455
[2017-09-26 10:21:01,087 DEBUG Engine.jmeter.JTLReader] Aggregating: 1506410456
[2017-09-26 10:21:01,090 DEBUG Engine.jmeter.JTLReader] Aggregating: 1506410457
[2017-09-26 10:21:01,093 DEBUG Engine.consolidator] Consolidator buffer[12]: [1506410446, 1506410447, 1506410448, 1506410449, 1506410450, 1506410451, 1506410452, 1506410453, 1506410454, 1506410455, 1506410456, 1506410457]
[2017-09-26 10:21:01,093 DEBUG Engine.consolidator] Merging into 1506410446
[2017-09-26 10:21:01,093 DEBUG Engine.consolidator] Merging 1506410446
[2017-09-26 10:21:01,100 DEBUG Engine.consolidator] Processed datapoint: 1506410446/None
[2017-09-26 10:21:01,100 DEBUG Engine.consolidator] Merging into 1506410447
[2017-09-26 10:21:01,100 DEBUG Engine.consolidator] Merging 1506410447
[2017-09-26 10:21:01,106 DEBUG Engine.consolidator] Processed datapoint: 1506410447/None
[2017-09-26 10:21:01,107 DEBUG Engine.consolidator] Merging into 1506410448
[2017-09-26 10:21:01,107 DEBUG Engine.consolidator] Merging 1506410448
[2017-09-26 10:21:01,113 DEBUG Engine.consolidator] Processed datapoint: 1506410448/None
[2017-09-26 10:21:01,113 DEBUG Engine.consolidator] Merging into 1506410449
[2017-09-26 10:21:01,113 DEBUG Engine.consolidator] Merging 1506410449
[2017-09-26 10:21:01,120 DEBUG Engine.consolidator] Processed datapoint: 1506410449/None
[2017-09-26 10:21:01,120 DEBUG Engine.consolidator] Merging into 1506410450
[2017-09-26 10:21:01,120 DEBUG Engine.consolidator] Merging 1506410450
[2017-09-26 10:21:01,126 DEBUG Engine.consolidator] Processed datapoint: 1506410450/None
[2017-09-26 10:21:01,126 DEBUG Engine.consolidator] Merging into 1506410451
[2017-09-26 10:21:01,126 DEBUG Engine.consolidator] Merging 1506410451
[2017-09-26 10:21:01,132 DEBUG Engine.consolidator] Processed datapoint: 1506410451/None
[2017-09-26 10:21:01,132 DEBUG Engine.consolidator] Merging into 1506410452
[2017-09-26 10:21:01,132 DEBUG Engine.consolidator] Merging 1506410452
[2017-09-26 10:21:01,137 DEBUG Engine.consolidator] Processed datapoint: 1506410452/None
[2017-09-26 10:21:01,137 DEBUG Engine.consolidator] Merging into 1506410453
[2017-09-26 10:21:01,138 DEBUG Engine.consolidator] Merging 1506410453
[2017-09-26 10:21:01,143 DEBUG Engine.consolidator] Processed datapoint: 1506410453/None
[2017-09-26 10:21:01,143 DEBUG Engine.consolidator] Merging into 1506410454
[2017-09-26 10:21:01,143 DEBUG Engine.consolidator] Merging 1506410454
[2017-09-26 10:21:01,149 DEBUG Engine.consolidator] Processed datapoint: 1506410454/None
[2017-09-26 10:21:01,149 DEBUG Engine.consolidator] Merging into 1506410455
[2017-09-26 10:21:01,149 DEBUG Engine.consolidator] Merging 1506410455
[2017-09-26 10:21:01,154 DEBUG Engine.consolidator] Processed datapoint: 1506410455/None
[2017-09-26 10:21:01,154 DEBUG Engine.consolidator] Merging into 1506410456
[2017-09-26 10:21:01,155 DEBUG Engine.consolidator] Merging 1506410456
[2017-09-26 10:21:01,160 DEBUG Engine.consolidator] Processed datapoint: 1506410456/None
[2017-09-26 10:21:01,160 DEBUG Engine.consolidator] Merging into 1506410457
[2017-09-26 10:21:01,160 DEBUG Engine.consolidator] Merging 1506410457
[2017-09-26 10:21:01,165 DEBUG Engine.consolidator] Processed datapoint: 1506410457/None
[2017-09-26 10:21:01,165 INFO Engine.final-stats] Test duration: 0:02:48
[2017-09-26 10:21:01,165 INFO Engine.final-stats] Samples count: 472, 0.00% failures
[2017-09-26 10:21:01,166 INFO Engine.final-stats] Average times: total 3.003, latency 0.672, connect 0.000
[2017-09-26 10:21:01,166 INFO Engine.final-stats] Percentile 0.0%: 0.891
[2017-09-26 10:21:01,166 INFO Engine.final-stats] Percentile 50.0%: 2.728
[2017-09-26 10:21:01,166 INFO Engine.final-stats] Percentile 90.0%: 4.321
[2017-09-26 10:21:01,166 INFO Engine.final-stats] Percentile 95.0%: 4.714
[2017-09-26 10:21:01,166 INFO Engine.final-stats] Percentile 99.0%: 7.609
[2017-09-26 10:21:01,166 INFO Engine.final-stats] Percentile 99.9%: 30.104
[2017-09-26 10:21:01,166 INFO Engine.final-stats] Percentile 100.0%: 30.104
[2017-09-26 10:21:01,166 DEBUG Engine.console] No logger_handler or orig_stream was detected
[2017-09-26 10:21:01,168 DEBUG Engine.Configuration] Dumping YAML config into /Users/sauwi01/OneDrive - CA Technologies/Training/scripts/2017-09-26_10-18-11.714144/effective.yml
[2017-09-26 10:21:01,194 DEBUG Engine.Configuration] Dumping JSON config into /Users/sauwi01/OneDrive - CA Technologies/Training/scripts/2017-09-26_10-18-11.714144/effective.json
[2017-09-26 10:21:01,195 INFO root] Artifacts dir: /Users/sauwi01/OneDrive - CA Technologies/Training/scripts/2017-09-26_10-18-11.714144
[2017-09-26 10:21:01,195 INFO root] Done performing with code: 0
[2017-09-26 10:21:01,195 DEBUG root] Closing log handler: /Users/sauwi01/OneDrive - CA Technologies/Training/scripts/2017-09-26_10-18-11.714144/bzt.log
