2017-09-26 10:18:14,412 INFO o.a.j.u.JMeterUtils: Setting Locale to en_GB
2017-09-26 10:18:14,421 INFO o.a.j.JMeter: Loading user properties from: /Users/sauwi01/.bzt/jmeter-taurus/3.2/bin/user.properties
2017-09-26 10:18:14,421 INFO o.a.j.JMeter: Loading system properties from: /Users/sauwi01/.bzt/jmeter-taurus/3.2/bin/system.properties
2017-09-26 10:18:14,421 INFO o.a.j.JMeter: Setting System properties from file: /Users/sauwi01/OneDrive - CA Technologies/Training/scripts/2017-09-26_10-18-11.714144/system.properties
2017-09-26 10:18:14,425 INFO o.a.j.JMeter: Copyright (c) 1998-2017 The Apache Software Foundation
2017-09-26 10:18:14,425 INFO o.a.j.JMeter: Version 3.2 r1790748
2017-09-26 10:18:14,425 INFO o.a.j.JMeter: java.version=1.8.0_141
2017-09-26 10:18:14,425 INFO o.a.j.JMeter: java.vm.name=Java HotSpot(TM) 64-Bit Server VM
2017-09-26 10:18:14,425 INFO o.a.j.JMeter: os.name=Mac OS X
2017-09-26 10:18:14,425 INFO o.a.j.JMeter: os.arch=x86_64
2017-09-26 10:18:14,425 INFO o.a.j.JMeter: os.version=10.12.6
2017-09-26 10:18:14,425 INFO o.a.j.JMeter: file.encoding=UTF-8
2017-09-26 10:18:14,425 INFO o.a.j.JMeter: Max memory     =3817865216
2017-09-26 10:18:14,425 INFO o.a.j.JMeter: Available Processors =8
2017-09-26 10:18:14,428 INFO o.a.j.JMeter: Default Locale=English (United Kingdom)
2017-09-26 10:18:14,428 INFO o.a.j.JMeter: JMeter  Locale=English (United Kingdom)
2017-09-26 10:18:14,428 INFO o.a.j.JMeter: JMeterHome=/Users/sauwi01/.bzt/jmeter-taurus/3.2
2017-09-26 10:18:14,428 INFO o.a.j.JMeter: user.dir  =/Users/sauwi01/OneDrive - CA Technologies/Training/scripts
2017-09-26 10:18:14,429 INFO o.a.j.JMeter: PWD       =/Users/sauwi01/OneDrive - CA Technologies/Training/scripts
2017-09-26 10:18:14,430 INFO o.a.j.JMeter: IP: 10.129.66.229 Name: sauwi01mac1712 FullName: 10.129.66.229
2017-09-26 10:18:14,430 INFO o.a.j.JMeter: user.classpath=/Users/sauwi01/OneDrive - CA Technologies/Training/scripts/2017-09-26_10-18-11.714144
2017-09-26 10:18:14,430 INFO o.a.j.JMeter: Adding to classpath and loader: /Users/sauwi01/OneDrive - CA Technologies/Training/scripts/2017-09-26_10-18-11.714144
2017-09-26 10:18:14,439 INFO o.a.j.s.FileServer: Default base='/Users/sauwi01/OneDrive - CA Technologies/Training/scripts'
2017-09-26 10:18:14,439 INFO o.a.j.s.FileServer: Set new base='/Users/sauwi01/OneDrive - CA Technologies/Training/scripts/2017-09-26_10-18-11.714144'
2017-09-26 10:18:14,561 INFO o.a.j.s.SaveService: Testplan (JMX) version: 2.2. Testlog (JTL) version: 2.2
2017-09-26 10:18:14,583 INFO o.a.j.s.SaveService: Using SaveService properties file encoding UTF-8
2017-09-26 10:18:14,587 INFO o.a.j.s.SaveService: Using SaveService properties version 3.2
2017-09-26 10:18:14,593 INFO o.a.j.s.SaveService: Loading file: /Users/sauwi01/OneDrive - CA Technologies/Training/scripts/2017-09-26_10-18-11.714144/modified_requests.jmx
2017-09-26 10:18:14,638 INFO o.a.j.p.h.c.CacheManager: Will only cache the following methods: [GET]
2017-09-26 10:18:14,640 INFO o.a.j.p.h.c.CookieManager: Settings: Delete null: true Check: true Allow variable: true Save: false Prefix: COOKIE_
2017-09-26 10:18:14,660 INFO o.a.j.p.h.s.HTTPSamplerBase: Parser for text/html is org.apache.jmeter.protocol.http.parser.LagartoBasedHtmlParser
2017-09-26 10:18:14,660 INFO o.a.j.p.h.s.HTTPSamplerBase: Parser for application/xhtml+xml is org.apache.jmeter.protocol.http.parser.LagartoBasedHtmlParser
2017-09-26 10:18:14,660 INFO o.a.j.p.h.s.HTTPSamplerBase: Parser for application/xml is org.apache.jmeter.protocol.http.parser.LagartoBasedHtmlParser
2017-09-26 10:18:14,660 INFO o.a.j.p.h.s.HTTPSamplerBase: Parser for text/xml is org.apache.jmeter.protocol.http.parser.LagartoBasedHtmlParser
2017-09-26 10:18:14,660 INFO o.a.j.p.h.s.HTTPSamplerBase: Parser for text/vnd.wap.wml is org.apache.jmeter.protocol.http.parser.RegexpHTMLParser
2017-09-26 10:18:14,660 INFO o.a.j.p.h.s.HTTPSamplerBase: Parser for text/css is org.apache.jmeter.protocol.http.parser.CssParser
2017-09-26 10:18:14,693 INFO o.a.j.e.StandardJMeterEngine: Running the test!
2017-09-26 10:18:14,694 INFO o.a.j.s.SampleEvent: List of sample_variables: []
2017-09-26 10:18:14,694 INFO o.a.j.s.SampleEvent: List of sample_variables: []
2017-09-26 10:18:14,698 INFO o.a.j.e.u.CompoundVariable: Note: Function class names must contain the string: '.functions.'
2017-09-26 10:18:14,698 INFO o.a.j.e.u.CompoundVariable: Note: Function class names must not contain the string: '.gui.'
2017-09-26 10:18:15,035 INFO o.a.j.JMeter: Running test (1506410295035)
2017-09-26 10:18:15,068 INFO o.a.j.e.StandardJMeterEngine: Starting ThreadGroup: 1 : Thread Group
2017-09-26 10:18:15,068 INFO o.a.j.e.StandardJMeterEngine: Starting 10 threads for group Thread Group.
2017-09-26 10:18:15,068 INFO o.a.j.e.StandardJMeterEngine: Thread will continue on error
2017-09-26 10:18:15,072 INFO o.a.j.e.StandardJMeterEngine: All thread groups have been started
2017-09-26 10:18:15,072 INFO c.b.j.t.c.ConcurrencyThreadStarter: Start supplying threads
2017-09-26 10:18:17,076 INFO o.a.j.s.SampleResult: Note: Sample TimeStamps are START times
2017-09-26 10:18:17,076 INFO o.a.j.s.SampleResult: sampleresult.default.encoding is set to UTF-8
2017-09-26 10:18:17,075 INFO o.a.j.t.JMeterThread: Thread started: Thread Group 1-1
2017-09-26 10:18:17,076 INFO o.a.j.s.SampleResult: sampleresult.useNanoTime=true
2017-09-26 10:18:17,076 INFO o.a.j.s.SampleResult: sampleresult.nanoThreadSleep=5000
2017-09-26 10:18:17,105 INFO o.a.j.p.h.s.HTTPHCAbstractImpl: Local host = sauwi01mac1712
2017-09-26 10:18:17,110 INFO o.a.j.p.h.s.HTTPHC4Impl: HTTP request retry count = 0
2017-09-26 10:18:18,415 INFO o.a.j.p.h.p.BaseParser: Created org.apache.jmeter.protocol.http.parser.LagartoBasedHtmlParser
2017-09-26 10:18:18,456 INFO o.a.j.p.h.s.ResourcesDownloader: Creating ResourcesDownloader with keepalive_inseconds : 60
2017-09-26 10:18:19,559 INFO o.a.j.p.h.p.BaseParser: Created org.apache.jmeter.protocol.http.parser.CssParser
2017-09-26 10:18:21,087 INFO o.a.j.t.JMeterThread: Thread started: Thread Group 1-2
2017-09-26 10:18:25,095 INFO o.a.j.t.JMeterThread: Thread started: Thread Group 1-3
2017-09-26 10:18:29,105 INFO o.a.j.t.JMeterThread: Thread started: Thread Group 1-4
2017-09-26 10:18:33,122 INFO o.a.j.t.JMeterThread: Thread started: Thread Group 1-5
2017-09-26 10:18:37,139 INFO o.a.j.t.JMeterThread: Thread started: Thread Group 1-6
2017-09-26 10:18:41,143 INFO o.a.j.t.JMeterThread: Thread started: Thread Group 1-7
2017-09-26 10:18:45,149 INFO o.a.j.t.JMeterThread: Thread started: Thread Group 1-8
2017-09-26 10:18:49,160 INFO o.a.j.t.JMeterThread: Thread started: Thread Group 1-9
2017-09-26 10:18:53,165 INFO o.a.j.t.JMeterThread: Thread started: Thread Group 1-10
2017-09-26 10:20:55,482 INFO c.b.j.t.c.ConcurrencyThreadStarter: Done supplying threads
2017-09-26 10:20:55,590 INFO c.b.j.c.VirtualUserController: Test limit reached, thread is done: Thread Group 1-3
2017-09-26 10:20:55,590 INFO o.a.j.t.JMeterThread: Thread is done: Thread Group 1-3
2017-09-26 10:20:55,590 INFO o.a.j.t.JMeterThread: Thread finished: Thread Group 1-3
2017-09-26 10:20:55,689 INFO c.b.j.c.VirtualUserController: Test limit reached, thread is done: Thread Group 1-5
2017-09-26 10:20:55,690 INFO o.a.j.t.JMeterThread: Thread is done: Thread Group 1-5
2017-09-26 10:20:55,690 INFO o.a.j.t.JMeterThread: Thread finished: Thread Group 1-5
2017-09-26 10:20:55,693 INFO c.b.j.c.VirtualUserController: Test limit reached, thread is done: Thread Group 1-6
2017-09-26 10:20:55,693 INFO o.a.j.t.JMeterThread: Thread is done: Thread Group 1-6
2017-09-26 10:20:55,693 INFO o.a.j.t.JMeterThread: Thread finished: Thread Group 1-6
2017-09-26 10:20:55,900 INFO c.b.j.c.VirtualUserController: Test limit reached, thread is done: Thread Group 1-1
2017-09-26 10:20:55,900 INFO o.a.j.t.JMeterThread: Thread is done: Thread Group 1-1
2017-09-26 10:20:55,900 INFO o.a.j.t.JMeterThread: Thread finished: Thread Group 1-1
2017-09-26 10:20:56,719 INFO c.b.j.c.VirtualUserController: Test limit reached, thread is done: Thread Group 1-7
2017-09-26 10:20:56,719 INFO o.a.j.t.JMeterThread: Thread is done: Thread Group 1-7
2017-09-26 10:20:56,719 INFO o.a.j.t.JMeterThread: Thread finished: Thread Group 1-7
2017-09-26 10:20:56,720 INFO c.b.j.c.VirtualUserController: Test limit reached, thread is done: Thread Group 1-2
2017-09-26 10:20:56,720 INFO o.a.j.t.JMeterThread: Thread is done: Thread Group 1-2
2017-09-26 10:20:56,720 INFO o.a.j.t.JMeterThread: Thread finished: Thread Group 1-2
2017-09-26 10:20:57,435 INFO c.b.j.c.VirtualUserController: Test limit reached, thread is done: Thread Group 1-9
2017-09-26 10:20:57,435 INFO o.a.j.t.JMeterThread: Thread is done: Thread Group 1-9
2017-09-26 10:20:57,435 INFO o.a.j.t.JMeterThread: Thread finished: Thread Group 1-9
2017-09-26 10:20:57,635 INFO c.b.j.c.VirtualUserController: Test limit reached, thread is done: Thread Group 1-10
2017-09-26 10:20:57,635 INFO o.a.j.t.JMeterThread: Thread is done: Thread Group 1-10
2017-09-26 10:20:57,635 INFO o.a.j.t.JMeterThread: Thread finished: Thread Group 1-10
2017-09-26 10:20:58,558 INFO c.b.j.c.VirtualUserController: Test limit reached, thread is done: Thread Group 1-8
2017-09-26 10:20:58,558 INFO o.a.j.t.JMeterThread: Thread is done: Thread Group 1-8
2017-09-26 10:20:58,558 INFO o.a.j.t.JMeterThread: Thread finished: Thread Group 1-8
2017-09-26 10:20:59,683 INFO c.b.j.c.VirtualUserController: Test limit reached, thread is done: Thread Group 1-4
2017-09-26 10:20:59,683 INFO o.a.j.t.JMeterThread: Thread is done: Thread Group 1-4
2017-09-26 10:20:59,683 INFO o.a.j.t.JMeterThread: Thread finished: Thread Group 1-4
2017-09-26 10:20:59,683 INFO o.a.j.e.StandardJMeterEngine: Notifying test listeners of end of test
2017-09-26 10:20:59,684 INFO o.a.j.e.StandardJMeterEngine: Forced JVM shutdown requested at end of test
