[2017-09-26 11:34:42,690 INFO root] Taurus CLI Tool v1.9.5
[2017-09-26 11:34:42,691 DEBUG root] Command-line options: {'verbose': None, 'no_system_configs': None, 'quiet': None, 'log': '/var/folders/mh/6ytxr9zd4_bdy0q8lk1vd9w4k0vvbq/T/bzt_om0DgZ.log', 'option': None, 'aliases': []}
[2017-09-26 11:34:42,691 DEBUG root] Python: CPython 2.7.13
[2017-09-26 11:34:42,691 DEBUG root] OS: ('Darwin', 'sauwi01mac1712', '16.7.0', 'Darwin Kernel Version 16.7.0: Thu Jun 15 17:36:27 PDT 2017; root:xnu-3789.70.16~2/RELEASE_X86_64', 'x86_64', 'i386')
[2017-09-26 11:34:42,691 INFO root] Starting with configs: ['WillTestExceution.yml']
[2017-09-26 11:34:42,691 DEBUG root] Using personal config: /Users/sauwi01/.bzt-rc
[2017-09-26 11:34:42,691 INFO Engine] Configuring...
[2017-09-26 11:34:42,691 DEBUG Engine] No machine configs dir: /usr/local/etc/bzt.d
[2017-09-26 11:34:42,691 DEBUG Engine.Configuration] Configs: ['/Library/Frameworks/Python.framework/Versions/2.7/lib/python2.7/site-packages/bzt/resources/base-config.yml']
[2017-09-26 11:34:42,692 DEBUG Engine.Configuration] Reading /Library/Frameworks/Python.framework/Versions/2.7/lib/python2.7/site-packages/bzt/resources/base-config.yml as YAML
[2017-09-26 11:34:42,711 DEBUG Engine.Configuration] Configs: ['/Users/sauwi01/.bzt-rc', 'WillTestExceution.yml']
[2017-09-26 11:34:42,712 DEBUG Engine.Configuration] Reading /Users/sauwi01/.bzt-rc as YAML
[2017-09-26 11:34:42,715 DEBUG Engine.Configuration] Reading WillTestExceution.yml as YAML
[2017-09-26 11:34:42,716 DEBUG Engine.Configuration] Configs: ['/Users/sauwi01/.bzt-rc', 'WillTestExceution.yml']
[2017-09-26 11:34:42,716 DEBUG Engine.Configuration] Reading /Users/sauwi01/.bzt-rc as YAML
[2017-09-26 11:34:42,719 DEBUG Engine.Configuration] Reading WillTestExceution.yml as YAML
[2017-09-26 11:34:42,730 DEBUG Engine] Requesting updates info: http://gettaurus.org/updates/?version=1.9.5&installID=macos-8c85900d1a09
[2017-09-26 11:34:42,737 INFO Engine] Artifacts dir: /Users/sauwi01/OneDrive - CA Technologies/Training/scripts/2017-09-26_11-34-42.737215
[2017-09-26 11:34:42,737 DEBUG Engine] New artifact filename: /Users/sauwi01/OneDrive - CA Technologies/Training/scripts/2017-09-26_11-34-42.737215/effective
[2017-09-26 11:34:42,739 DEBUG Engine.Configuration] Dumping YAML config into /Users/sauwi01/OneDrive - CA Technologies/Training/scripts/2017-09-26_11-34-42.737215/effective.yml
[2017-09-26 11:34:42,754 DEBUG Engine.Configuration] Dumping JSON config into /Users/sauwi01/OneDrive - CA Technologies/Training/scripts/2017-09-26_11-34-42.737215/effective.json
[2017-09-26 11:34:42,755 DEBUG Engine] New artifact filename: /Users/sauwi01/OneDrive - CA Technologies/Training/scripts/2017-09-26_11-34-42.737215/merged.yml
[2017-09-26 11:34:42,756 DEBUG Engine.Configuration] Dumping YAML config into /Users/sauwi01/OneDrive - CA Technologies/Training/scripts/2017-09-26_11-34-42.737215/merged.yml
[2017-09-26 11:34:42,757 DEBUG Engine] New artifact filename: /Users/sauwi01/OneDrive - CA Technologies/Training/scripts/2017-09-26_11-34-42.737215/merged.json
[2017-09-26 11:34:42,757 DEBUG Engine.Configuration] Dumping JSON config into /Users/sauwi01/OneDrive - CA Technologies/Training/scripts/2017-09-26_11-34-42.737215/merged.json
[2017-09-26 11:34:42,757 DEBUG Engine] Add existing artifact (move=False): WillTestExceution.yml
[2017-09-26 11:34:42,757 DEBUG Engine] Copying WillTestExceution.yml to /Users/sauwi01/OneDrive - CA Technologies/Training/scripts/2017-09-26_11-34-42.737215/WillTestExceution.yml
[2017-09-26 11:34:42,757 DEBUG root] Closing log handler: /var/folders/mh/6ytxr9zd4_bdy0q8lk1vd9w4k0vvbq/T/bzt_om0DgZ.log
[2017-09-26 11:34:42,758 DEBUG root] Switched writing logs to /Users/sauwi01/OneDrive - CA Technologies/Training/scripts/2017-09-26_11-34-42.737215/bzt.log
[2017-09-26 11:34:42,758 INFO Engine] Preparing...
[2017-09-26 11:34:42,758 DEBUG Engine] Module config: consolidator defaultdict(None, {'class': 'bzt.modules.aggregator.ConsolidatingAggregator'})
[2017-09-26 11:34:42,758 DEBUG root] Importing module: bzt.modules.aggregator
[2017-09-26 11:34:42,760 DEBUG root] Loading class: 'ConsolidatingAggregator' from <module 'bzt.modules.aggregator' from '/Library/Frameworks/Python.framework/Versions/2.7/lib/python2.7/site-packages/bzt/modules/aggregator.pyc'>
[2017-09-26 11:34:42,760 DEBUG Engine.consolidator] Exception in dehumanize_time(inf)
[2017-09-26 11:34:42,760 DEBUG Engine.consolidator] Buffer scaling setup: percentile 95.0 from [0.0, 50.0, 90.0, 95.0, 99.0, 99.9, 100.0] selected
[2017-09-26 11:34:42,760 DEBUG Engine] Module config: monitoring defaultdict(None, {'class': 'bzt.modules.monitoring.Monitoring'})
[2017-09-26 11:34:42,760 DEBUG root] Importing module: bzt.modules.monitoring
[2017-09-26 11:34:42,776 DEBUG root] Loading class: 'Monitoring' from <module 'bzt.modules.monitoring' from '/Library/Frameworks/Python.framework/Versions/2.7/lib/python2.7/site-packages/bzt/modules/monitoring.pyc'>
[2017-09-26 11:34:42,776 DEBUG Engine] Module config: local defaultdict(None, {'class': 'bzt.modules.provisioning.Local'})
[2017-09-26 11:34:42,776 DEBUG root] Importing module: bzt.modules.provisioning
[2017-09-26 11:34:42,776 DEBUG root] Loading class: 'Local' from <module 'bzt.modules.provisioning' from '/Library/Frameworks/Python.framework/Versions/2.7/lib/python2.7/site-packages/bzt/modules/provisioning.pyc'>
[2017-09-26 11:34:42,777 DEBUG Engine] Module config: jmeter defaultdict(None, {'properties': defaultdict(None, {'jmeter.save.saveservice.autoflush': 'true', 'summariser.name': '', 'jmeter.save.saveservice.connect_time': 'true', 'mode': 'Stripped', 'jmeterengine.force.system.exit': 'true'}), 'class': 'bzt.modules.jmeter.JMeterExecutor', 'plugins': ['jpgc-casutg', 'jpgc-dummy', 'jpgc-ffw', 'jpgc-fifo', 'jpgc-functions', 'jpgc-json', 'jpgc-perfmon', 'jpgc-prmctl', 'jpgc-tst']})
[2017-09-26 11:34:42,777 DEBUG root] Importing module: bzt.modules.jmeter
[2017-09-26 11:34:42,784 DEBUG root] Loading class: 'JMeterExecutor' from <module 'bzt.modules.jmeter' from '/Library/Frameworks/Python.framework/Versions/2.7/lib/python2.7/site-packages/bzt/modules/jmeter.pyc'>
[2017-09-26 11:34:42,784 DEBUG Engine.local] Preparing executor: jmeter/4423896272
[2017-09-26 11:34:42,784 DEBUG Engine.jmeter] Extract DemoTest.jmx into scenarios
[2017-09-26 11:34:42,785 DEBUG Engine] New artifact filename: /Users/sauwi01/OneDrive - CA Technologies/Training/scripts/2017-09-26_11-34-42.737215/jmeter.log
[2017-09-26 11:34:42,785 DEBUG Engine.jmeter] Checking if port 4445 is free
[2017-09-26 11:34:42,785 DEBUG Engine.jmeter] Port 4445 is free
[2017-09-26 11:34:42,785 DEBUG Engine.jmeter] Using port 4445 for management
[2017-09-26 11:34:42,786 DEBUG Engine.jmeter.JavaVM] Trying JavaVM: ['java', '-version']
[2017-09-26 11:34:42,891 DEBUG Engine.jmeter.JavaVM] JavaVM output: java version "1.8.0_141"
Java(TM) SE Runtime Environment (build 1.8.0_141-b15)
Java HotSpot(TM) 64-Bit Server VM (build 25.141-b15, mixed mode)

[2017-09-26 11:34:42,892 DEBUG Engine.jmeter.TclLibrary] We don't need to check tcl library on this platform
[2017-09-26 11:34:42,892 DEBUG Engine.jmeter.JMeter] Trying jmeter: /Users/sauwi01/.bzt/jmeter-taurus/3.2/bin/jmeter.sh
[2017-09-26 11:34:42,892 DEBUG bzt.utils] Executing shell: ['/Users/sauwi01/.bzt/jmeter-taurus/3.2/bin/jmeter.sh', '-j', '/var/folders/mh/6ytxr9zd4_bdy0q8lk1vd9w4k0vvbq/T/jmeterWzyT_llog', '--version']
[2017-09-26 11:34:43,992 DEBUG Engine] Taurus updates info: {"latest":"1.9.5","needsUpgrade":false}
[2017-09-26 11:34:43,993 DEBUG Engine] Installation is up-to-date
[2017-09-26 11:34:44,111 DEBUG Engine.jmeter.JMeter] JMeter check:     _    ____   _    ____ _   _ _____       _ __  __ _____ _____ _____ ____     
   / \  |  _ \ / \  / ___| | | | ____|     | |  \/  | ____|_   _| ____|  _ \   
  / _ \ | |_) / _ \| |   | |_| |  _|    _  | | |\/| |  _|   | | |  _| | |_) | 
 / ___ \|  __/ ___ \ |___|  _  | |___  | |_| | |  | | |___  | | | |___|  _ <  
/_/   \_\_| /_/   \_\____|_| |_|_____|  \___/|_|  |_|_____| |_| |_____|_| \_\ 3.2 r1790748  

Copyright (c) 1999-2017 The Apache Software Foundation

 / None
[2017-09-26 11:34:44,118 DEBUG Engine.jmeter] Load: LoadSpec(concurrency=10, throughput=None, ramp_up=5.0, hold=40.0, iterations=0, duration=45.0, steps=None)
[2017-09-26 11:34:44,124 DEBUG Engine.jmeter.LoadSettingsProcessor.ThreadGroupHandler] Converting ThreadGroup (Thread Group) to ConcurrencyThreadGroup and apply load parameters
[2017-09-26 11:34:44,124 DEBUG Engine] New artifact filename: /Users/sauwi01/OneDrive - CA Technologies/Training/scripts/2017-09-26_11-34-42.737215/kpi.jtl
[2017-09-26 11:34:44,125 DEBUG Engine] New artifact filename: /Users/sauwi01/OneDrive - CA Technologies/Training/scripts/2017-09-26_11-34-42.737215/error.jtl
[2017-09-26 11:34:44,126 DEBUG Engine.jmeter] Enforcing parent sample for transaction controller
[2017-09-26 11:34:44,127 INFO Engine.jmeter] 1 obsolete CookieManagers are found and fixed
[2017-09-26 11:34:44,128 DEBUG JMX] Saving JMX to: /Users/sauwi01/OneDrive - CA Technologies/Training/scripts/modified_DemoTest.jmx
[2017-09-26 11:34:44,129 DEBUG Engine.jmeter] Additional properties: defaultdict(None, {'jmeter.save.saveservice.autoflush': 'true', 'jmeter.save.saveservice.connect_time': 'true', 'user.classpath': '/Users/sauwi01/OneDrive - CA Technologies/Training/scripts/2017-09-26_11-34-42.737215', 'sampleresult.default.encoding': 'UTF-8', 'summariser.name': '', 'jmeterengine.force.system.exit': 'true', 'jmeter.save.saveservice.timestamp_format': 'ms', 'mode': 'Stripped', 'jmeterengine.nongui.maxport': 4445, 'jmeterengine.nongui.port': 4445})
[2017-09-26 11:34:44,129 DEBUG Engine] New artifact filename: /Users/sauwi01/OneDrive - CA Technologies/Training/scripts/2017-09-26_11-34-42.737215/jmeter-bzt.properties
[2017-09-26 11:34:44,129 DEBUG Engine] New artifact filename: /Users/sauwi01/OneDrive - CA Technologies/Training/scripts/2017-09-26_11-34-42.737215/jmeter.out
[2017-09-26 11:34:44,129 DEBUG Engine] New artifact filename: /Users/sauwi01/OneDrive - CA Technologies/Training/scripts/2017-09-26_11-34-42.737215/jmeter.err
[2017-09-26 11:34:44,130 DEBUG Engine] Module config: final-stats defaultdict(None, {'class': 'bzt.modules.reporting.FinalStatus'})
[2017-09-26 11:34:44,130 DEBUG root] Importing module: bzt.modules.reporting
[2017-09-26 11:34:44,239 DEBUG easyprocess] version=0.2.3
[2017-09-26 11:34:44,243 DEBUG pyvirtualdisplay] version=0.2.1
[2017-09-26 11:34:44,245 DEBUG root] Loading class: 'FinalStatus' from <module 'bzt.modules.reporting' from '/Library/Frameworks/Python.framework/Versions/2.7/lib/python2.7/site-packages/bzt/modules/reporting.pyc'>
[2017-09-26 11:34:44,245 DEBUG Engine] Module config: console defaultdict(None, {'class': 'bzt.modules.console.ConsoleStatusReporter'})
[2017-09-26 11:34:44,245 DEBUG root] Importing module: bzt.modules.console
[2017-09-26 11:34:44,245 DEBUG root] Loading class: 'ConsoleStatusReporter' from <module 'bzt.modules.console' from '/Library/Frameworks/Python.framework/Versions/2.7/lib/python2.7/site-packages/bzt/modules/console.pyc'>
[2017-09-26 11:34:44,251 DEBUG Engine.Configuration] Dumping YAML config into /Users/sauwi01/OneDrive - CA Technologies/Training/scripts/2017-09-26_11-34-42.737215/effective.yml
[2017-09-26 11:34:44,269 DEBUG Engine.Configuration] Dumping JSON config into /Users/sauwi01/OneDrive - CA Technologies/Training/scripts/2017-09-26_11-34-42.737215/effective.json
[2017-09-26 11:34:44,270 INFO Engine] Starting...
[2017-09-26 11:34:44,270 DEBUG Engine] Startup <bzt.modules.monitoring.Monitoring object at 0x1050bca10>
[2017-09-26 11:34:44,270 DEBUG Engine] Startup <bzt.modules.aggregator.ConsolidatingAggregator object at 0x1050d9110>
[2017-09-26 11:34:44,270 DEBUG Engine] Startup <bzt.modules.reporting.FinalStatus object at 0x1088196d0>
[2017-09-26 11:34:44,270 DEBUG Engine] Startup <bzt.modules.console.ConsoleStatusReporter object at 0x108833f50>
[2017-09-26 11:34:44,270 INFO Engine.console] Waiting for results...
[2017-09-26 11:34:44,270 DEBUG Engine] Startup <bzt.modules.provisioning.Local object at 0x1050d9650>
[2017-09-26 11:34:44,271 DEBUG Engine.local] Delay setup for jmeter/DemoTest.jmx: 0(start-at) + 0(delay) = 0
[2017-09-26 11:34:44,272 DEBUG Engine.Configuration] Dumping YAML config into /Users/sauwi01/OneDrive - CA Technologies/Training/scripts/2017-09-26_11-34-42.737215/effective.yml
[2017-09-26 11:34:44,293 DEBUG Engine.Configuration] Dumping JSON config into /Users/sauwi01/OneDrive - CA Technologies/Training/scripts/2017-09-26_11-34-42.737215/effective.json
[2017-09-26 11:34:44,294 DEBUG root] Leveling down log file verbosity, use -v option to have DEBUG messages enabled
[2017-09-26 11:34:44,505 INFO Engine.console] Waiting for finish...
[2017-09-26 11:34:52,320 INFO Engine.jmeter.JTLReader] Changed data analysis delay to 7s
[2017-09-26 11:35:50,547 WARNING Engine] Please wait for graceful shutdown...
[2017-09-26 11:35:50,552 DEBUG root] Leveled up log file verbosity
[2017-09-26 11:35:50,552 INFO Engine] Shutting down...
[2017-09-26 11:35:50,557 DEBUG Engine.local] Shutdown jmeter/DemoTest.jmx
[2017-09-26 11:35:50,557 DEBUG Engine.console] Restoring logging streams, [<logging.StreamHandler object at 0x103932dd0>]/{<logging.StreamHandler object at 0x103932dd0>: <open file '<stdout>', mode 'w' at 0x1002ad150>}
[2017-09-26 11:35:50,559 DEBUG Engine.Configuration] Dumping YAML config into /Users/sauwi01/OneDrive - CA Technologies/Training/scripts/2017-09-26_11-34-42.737215/effective.yml
[2017-09-26 11:35:50,580 DEBUG Engine.Configuration] Dumping JSON config into /Users/sauwi01/OneDrive - CA Technologies/Training/scripts/2017-09-26_11-34-42.737215/effective.json
[2017-09-26 11:35:50,581 INFO Engine] Post-processing...
[2017-09-26 11:35:50,582 DEBUG Engine.local] Post-process jmeter/DemoTest.jmx
[2017-09-26 11:35:50,582 DEBUG Engine] Add existing artifact (move=True): /Users/sauwi01/OneDrive - CA Technologies/Training/scripts/modified_DemoTest.jmx
[2017-09-26 11:35:50,582 DEBUG Engine] Moving /Users/sauwi01/OneDrive - CA Technologies/Training/scripts/modified_DemoTest.jmx to /Users/sauwi01/OneDrive - CA Technologies/Training/scripts/2017-09-26_11-34-42.737215/modified_DemoTest.jmx
[2017-09-26 11:35:50,583 DEBUG Engine.jmeter.JTLReader.IncrementalCSVReader] Reading JTL: /Users/sauwi01/OneDrive - CA Technologies/Training/scripts/2017-09-26_11-34-42.737215/kpi.jtl
[2017-09-26 11:35:50,583 DEBUG Engine.jmeter.JTLReader.IncrementalCSVReader] Read lines: 0 / 0 bytes (at speed 1048576)
[2017-09-26 11:35:50,583 DEBUG Engine.jmeter.JTLReader] Buffer len: 6
[2017-09-26 11:35:50,583 DEBUG Engine.jmeter.JTLReader] Aggregating: 1506414941
[2017-09-26 11:35:50,585 DEBUG Engine.jmeter.JTLReader] Aggregating: 1506414942
[2017-09-26 11:35:50,586 DEBUG Engine.jmeter.JTLReader] Aggregating: 1506414944
[2017-09-26 11:35:50,588 DEBUG Engine.jmeter.JTLReader] Aggregating: 1506414945
[2017-09-26 11:35:50,590 DEBUG Engine.jmeter.JTLReader] Aggregating: 1506414946
[2017-09-26 11:35:50,592 DEBUG Engine.jmeter.JTLReader] Aggregating: 1506414947
[2017-09-26 11:35:50,594 DEBUG Engine.consolidator] Consolidator buffer[8]: [1506414944, 1506414945, 1506414946, 1506414947, 1506414939, 1506414940, 1506414941, 1506414942]
[2017-09-26 11:35:50,595 DEBUG Engine.consolidator] Merging into 1506414939
[2017-09-26 11:35:50,595 DEBUG Engine.consolidator] Merging 1506414939
[2017-09-26 11:35:50,601 DEBUG Engine.consolidator] Processed datapoint: 1506414939/None
[2017-09-26 11:35:50,601 DEBUG Engine.consolidator] Merging into 1506414940
[2017-09-26 11:35:50,601 DEBUG Engine.consolidator] Merging 1506414940
[2017-09-26 11:35:50,606 DEBUG Engine.consolidator] Processed datapoint: 1506414940/None
[2017-09-26 11:35:50,606 DEBUG Engine.consolidator] Merging into 1506414941
[2017-09-26 11:35:50,606 DEBUG Engine.consolidator] Merging 1506414941
[2017-09-26 11:35:50,611 DEBUG Engine.consolidator] Processed datapoint: 1506414941/None
[2017-09-26 11:35:50,611 DEBUG Engine.consolidator] Merging into 1506414942
[2017-09-26 11:35:50,611 DEBUG Engine.consolidator] Merging 1506414942
[2017-09-26 11:35:50,617 DEBUG Engine.consolidator] Processed datapoint: 1506414942/None
[2017-09-26 11:35:50,617 DEBUG Engine.consolidator] Merging into 1506414944
[2017-09-26 11:35:50,617 DEBUG Engine.consolidator] Merging 1506414944
[2017-09-26 11:35:50,624 DEBUG Engine.consolidator] Processed datapoint: 1506414944/None
[2017-09-26 11:35:50,624 DEBUG Engine.consolidator] Merging into 1506414945
[2017-09-26 11:35:50,624 DEBUG Engine.consolidator] Merging 1506414945
[2017-09-26 11:35:50,629 DEBUG Engine.consolidator] Processed datapoint: 1506414945/None
[2017-09-26 11:35:50,629 DEBUG Engine.consolidator] Merging into 1506414946
[2017-09-26 11:35:50,629 DEBUG Engine.consolidator] Merging 1506414946
[2017-09-26 11:35:50,633 DEBUG Engine.consolidator] Processed datapoint: 1506414946/None
[2017-09-26 11:35:50,633 DEBUG Engine.consolidator] Merging into 1506414947
[2017-09-26 11:35:50,633 DEBUG Engine.consolidator] Merging 1506414947
[2017-09-26 11:35:50,637 DEBUG Engine.consolidator] Processed datapoint: 1506414947/None
[2017-09-26 11:35:50,637 INFO Engine.final-stats] Test duration: 0:01:06
[2017-09-26 11:35:50,638 INFO Engine.final-stats] Samples count: 150, 0.00% failures
[2017-09-26 11:35:50,638 INFO Engine.final-stats] Average times: total 2.521, latency 0.589, connect 0.000
[2017-09-26 11:35:50,638 INFO Engine.final-stats] Percentile 0.0%: 1.155
[2017-09-26 11:35:50,638 INFO Engine.final-stats] Percentile 50.0%: 2.557
[2017-09-26 11:35:50,638 INFO Engine.final-stats] Percentile 90.0%: 3.415
[2017-09-26 11:35:50,638 INFO Engine.final-stats] Percentile 95.0%: 3.622
[2017-09-26 11:35:50,638 INFO Engine.final-stats] Percentile 99.0%: 3.992
[2017-09-26 11:35:50,638 INFO Engine.final-stats] Percentile 99.9%: 4.000
[2017-09-26 11:35:50,638 INFO Engine.final-stats] Percentile 100.0%: 4.000
[2017-09-26 11:35:50,638 DEBUG Engine.console] No logger_handler or orig_stream was detected
[2017-09-26 11:35:50,639 DEBUG Engine.Configuration] Dumping YAML config into /Users/sauwi01/OneDrive - CA Technologies/Training/scripts/2017-09-26_11-34-42.737215/effective.yml
[2017-09-26 11:35:50,662 DEBUG Engine.Configuration] Dumping JSON config into /Users/sauwi01/OneDrive - CA Technologies/Training/scripts/2017-09-26_11-34-42.737215/effective.json
[2017-09-26 11:35:50,663 INFO root] Artifacts dir: /Users/sauwi01/OneDrive - CA Technologies/Training/scripts/2017-09-26_11-34-42.737215
[2017-09-26 11:35:50,663 INFO root] Done performing with code: 0
[2017-09-26 11:35:50,663 DEBUG root] Closing log handler: /Users/sauwi01/OneDrive - CA Technologies/Training/scripts/2017-09-26_11-34-42.737215/bzt.log
