2017-09-26 11:34:45,022 INFO o.a.j.u.JMeterUtils: Setting Locale to en_GB
2017-09-26 11:34:45,031 INFO o.a.j.JMeter: Loading user properties from: /Users/sauwi01/.bzt/jmeter-taurus/3.2/bin/user.properties
2017-09-26 11:34:45,031 INFO o.a.j.JMeter: Loading system properties from: /Users/sauwi01/.bzt/jmeter-taurus/3.2/bin/system.properties
2017-09-26 11:34:45,034 INFO o.a.j.JMeter: Copyright (c) 1998-2017 The Apache Software Foundation
2017-09-26 11:34:45,034 INFO o.a.j.JMeter: Version 3.2 r1790748
2017-09-26 11:34:45,035 INFO o.a.j.JMeter: java.version=1.8.0_141
2017-09-26 11:34:45,035 INFO o.a.j.JMeter: java.vm.name=Java HotSpot(TM) 64-Bit Server VM
2017-09-26 11:34:45,035 INFO o.a.j.JMeter: os.name=Mac OS X
2017-09-26 11:34:45,035 INFO o.a.j.JMeter: os.arch=x86_64
2017-09-26 11:34:45,035 INFO o.a.j.JMeter: os.version=10.12.6
2017-09-26 11:34:45,035 INFO o.a.j.JMeter: file.encoding=UTF-8
2017-09-26 11:34:45,035 INFO o.a.j.JMeter: Max memory     =3817865216
2017-09-26 11:34:45,035 INFO o.a.j.JMeter: Available Processors =8
2017-09-26 11:34:45,038 INFO o.a.j.JMeter: Default Locale=English (United Kingdom)
2017-09-26 11:34:45,038 INFO o.a.j.JMeter: JMeter  Locale=English (United Kingdom)
2017-09-26 11:34:45,038 INFO o.a.j.JMeter: JMeterHome=/Users/sauwi01/.bzt/jmeter-taurus/3.2
2017-09-26 11:34:45,038 INFO o.a.j.JMeter: user.dir  =/Users/sauwi01/OneDrive - CA Technologies/Training/scripts
2017-09-26 11:34:45,038 INFO o.a.j.JMeter: PWD       =/Users/sauwi01/OneDrive - CA Technologies/Training/scripts
2017-09-26 11:34:45,039 INFO o.a.j.JMeter: IP: 10.129.66.229 Name: sauwi01mac1712 FullName: 10.129.66.229
2017-09-26 11:34:45,039 INFO o.a.j.JMeter: user.classpath=/Users/sauwi01/OneDrive - CA Technologies/Training/scripts/2017-09-26_11-34-42.737215
2017-09-26 11:34:45,040 INFO o.a.j.JMeter: Adding to classpath and loader: /Users/sauwi01/OneDrive - CA Technologies/Training/scripts/2017-09-26_11-34-42.737215
2017-09-26 11:34:45,042 INFO o.a.j.s.FileServer: Default base='/Users/sauwi01/OneDrive - CA Technologies/Training/scripts'
2017-09-26 11:34:45,042 INFO o.a.j.s.FileServer: Set new base='/Users/sauwi01/OneDrive - CA Technologies/Training/scripts'
2017-09-26 11:34:45,117 INFO o.a.j.s.SaveService: Testplan (JMX) version: 2.2. Testlog (JTL) version: 2.2
2017-09-26 11:34:45,126 INFO o.a.j.s.SaveService: Using SaveService properties file encoding UTF-8
2017-09-26 11:34:45,131 INFO o.a.j.s.SaveService: Using SaveService properties version 3.2
2017-09-26 11:34:45,135 INFO o.a.j.s.SaveService: Loading file: /Users/sauwi01/OneDrive - CA Technologies/Training/scripts/modified_DemoTest.jmx
2017-09-26 11:34:45,166 INFO o.a.j.p.h.c.CookieManager: Settings: Delete null: true Check: true Allow variable: true Save: false Prefix: COOKIE_
2017-09-26 11:34:45,168 INFO o.a.j.p.h.c.CacheManager: Will only cache the following methods: [GET]
2017-09-26 11:34:45,184 INFO o.a.j.p.h.s.HTTPSamplerBase: Parser for text/html is org.apache.jmeter.protocol.http.parser.LagartoBasedHtmlParser
2017-09-26 11:34:45,184 INFO o.a.j.p.h.s.HTTPSamplerBase: Parser for application/xhtml+xml is org.apache.jmeter.protocol.http.parser.LagartoBasedHtmlParser
2017-09-26 11:34:45,184 INFO o.a.j.p.h.s.HTTPSamplerBase: Parser for application/xml is org.apache.jmeter.protocol.http.parser.LagartoBasedHtmlParser
2017-09-26 11:34:45,184 INFO o.a.j.p.h.s.HTTPSamplerBase: Parser for text/xml is org.apache.jmeter.protocol.http.parser.LagartoBasedHtmlParser
2017-09-26 11:34:45,184 INFO o.a.j.p.h.s.HTTPSamplerBase: Parser for text/vnd.wap.wml is org.apache.jmeter.protocol.http.parser.RegexpHTMLParser
2017-09-26 11:34:45,184 INFO o.a.j.p.h.s.HTTPSamplerBase: Parser for text/css is org.apache.jmeter.protocol.http.parser.CssParser
2017-09-26 11:34:45,228 INFO o.a.j.e.StandardJMeterEngine: Running the test!
2017-09-26 11:34:45,229 INFO o.a.j.s.SampleEvent: List of sample_variables: []
2017-09-26 11:34:45,229 INFO o.a.j.s.SampleEvent: List of sample_variables: []
2017-09-26 11:34:45,232 INFO o.a.j.e.u.CompoundVariable: Note: Function class names must contain the string: '.functions.'
2017-09-26 11:34:45,232 INFO o.a.j.e.u.CompoundVariable: Note: Function class names must not contain the string: '.gui.'
2017-09-26 11:34:45,530 INFO o.a.j.JMeter: Running test (1506414885529)
2017-09-26 11:34:45,564 INFO o.a.j.e.StandardJMeterEngine: Starting ThreadGroup: 1 : Thread Group
2017-09-26 11:34:45,564 INFO o.a.j.e.StandardJMeterEngine: Starting 10 threads for group Thread Group.
2017-09-26 11:34:45,564 INFO o.a.j.e.StandardJMeterEngine: Thread will continue on error
2017-09-26 11:34:45,567 INFO o.a.j.e.StandardJMeterEngine: All thread groups have been started
2017-09-26 11:34:45,567 INFO c.b.j.t.c.ConcurrencyThreadStarter: Start supplying threads
2017-09-26 11:34:45,822 INFO o.a.j.s.SampleResult: Note: Sample TimeStamps are START times
2017-09-26 11:34:45,822 INFO o.a.j.t.JMeterThread: Thread started: Thread Group 1-1
2017-09-26 11:34:45,822 INFO o.a.j.s.SampleResult: sampleresult.default.encoding is set to UTF-8
2017-09-26 11:34:45,822 INFO o.a.j.s.SampleResult: sampleresult.useNanoTime=true
2017-09-26 11:34:45,822 INFO o.a.j.s.SampleResult: sampleresult.nanoThreadSleep=5000
2017-09-26 11:34:45,834 INFO o.a.j.p.h.s.HTTPHCAbstractImpl: Local host = sauwi01mac1712
2017-09-26 11:34:45,836 INFO o.a.j.p.h.s.HTTPHC4Impl: HTTP request retry count = 0
2017-09-26 11:34:46,774 INFO o.a.j.p.h.p.BaseParser: Created org.apache.jmeter.protocol.http.parser.LagartoBasedHtmlParser
2017-09-26 11:34:46,803 INFO o.a.j.p.h.s.ResourcesDownloader: Creating ResourcesDownloader with keepalive_inseconds : 60
2017-09-26 11:34:46,828 INFO o.a.j.t.JMeterThread: Thread started: Thread Group 1-2
2017-09-26 11:34:46,829 INFO o.a.j.t.JMeterThread: Thread started: Thread Group 1-3
2017-09-26 11:34:47,830 INFO o.a.j.t.JMeterThread: Thread started: Thread Group 1-4
2017-09-26 11:34:47,831 INFO o.a.j.t.JMeterThread: Thread started: Thread Group 1-5
2017-09-26 11:34:48,833 INFO o.a.j.t.JMeterThread: Thread started: Thread Group 1-6
2017-09-26 11:34:48,837 INFO o.a.j.t.JMeterThread: Thread started: Thread Group 1-7
2017-09-26 11:34:49,014 INFO o.a.j.p.h.p.BaseParser: Created org.apache.jmeter.protocol.http.parser.CssParser
2017-09-26 11:34:49,014 INFO o.a.j.p.h.p.BaseParser: Created org.apache.jmeter.protocol.http.parser.CssParser
2017-09-26 11:34:49,839 INFO o.a.j.t.JMeterThread: Thread started: Thread Group 1-8
2017-09-26 11:34:49,839 INFO o.a.j.t.JMeterThread: Thread started: Thread Group 1-9
2017-09-26 11:34:50,840 INFO o.a.j.t.JMeterThread: Thread started: Thread Group 1-10
2017-09-26 11:35:30,960 INFO c.b.j.t.c.ConcurrencyThreadStarter: Done supplying threads
2017-09-26 11:35:40,009 INFO c.b.j.c.VirtualUserController: Test limit reached, thread is done: Thread Group 1-3
2017-09-26 11:35:40,009 INFO o.a.j.t.JMeterThread: Thread is done: Thread Group 1-3
2017-09-26 11:35:40,009 INFO o.a.j.t.JMeterThread: Thread finished: Thread Group 1-3
2017-09-26 11:35:43,386 INFO c.b.j.c.VirtualUserController: Test limit reached, thread is done: Thread Group 1-9
2017-09-26 11:35:43,386 INFO o.a.j.t.JMeterThread: Thread is done: Thread Group 1-9
2017-09-26 11:35:43,386 INFO o.a.j.t.JMeterThread: Thread finished: Thread Group 1-9
2017-09-26 11:35:44,101 INFO c.b.j.c.VirtualUserController: Test limit reached, thread is done: Thread Group 1-10
2017-09-26 11:35:44,101 INFO o.a.j.t.JMeterThread: Thread is done: Thread Group 1-10
2017-09-26 11:35:44,101 INFO o.a.j.t.JMeterThread: Thread finished: Thread Group 1-10
2017-09-26 11:35:45,025 INFO c.b.j.c.VirtualUserController: Test limit reached, thread is done: Thread Group 1-2
2017-09-26 11:35:45,025 INFO o.a.j.t.JMeterThread: Thread is done: Thread Group 1-2
2017-09-26 11:35:45,025 INFO o.a.j.t.JMeterThread: Thread finished: Thread Group 1-2
2017-09-26 11:35:46,959 INFO c.b.j.c.VirtualUserController: Test limit reached, thread is done: Thread Group 1-5
2017-09-26 11:35:46,959 INFO o.a.j.t.JMeterThread: Thread is done: Thread Group 1-5
2017-09-26 11:35:46,960 INFO o.a.j.t.JMeterThread: Thread finished: Thread Group 1-5
2017-09-26 11:35:47,380 INFO c.b.j.c.VirtualUserController: Test limit reached, thread is done: Thread Group 1-1
2017-09-26 11:35:47,380 INFO o.a.j.t.JMeterThread: Thread is done: Thread Group 1-1
2017-09-26 11:35:47,380 INFO o.a.j.t.JMeterThread: Thread finished: Thread Group 1-1
2017-09-26 11:35:47,685 INFO c.b.j.c.VirtualUserController: Test limit reached, thread is done: Thread Group 1-4
2017-09-26 11:35:47,686 INFO o.a.j.t.JMeterThread: Thread is done: Thread Group 1-4
2017-09-26 11:35:47,686 INFO o.a.j.t.JMeterThread: Thread finished: Thread Group 1-4
2017-09-26 11:35:47,993 INFO c.b.j.c.VirtualUserController: Test limit reached, thread is done: Thread Group 1-6
2017-09-26 11:35:47,993 INFO o.a.j.t.JMeterThread: Thread is done: Thread Group 1-6
2017-09-26 11:35:47,993 INFO o.a.j.t.JMeterThread: Thread finished: Thread Group 1-6
2017-09-26 11:35:49,224 INFO c.b.j.c.VirtualUserController: Test limit reached, thread is done: Thread Group 1-7
2017-09-26 11:35:49,225 INFO o.a.j.t.JMeterThread: Thread is done: Thread Group 1-7
2017-09-26 11:35:49,225 INFO o.a.j.t.JMeterThread: Thread finished: Thread Group 1-7
2017-09-26 11:35:49,737 INFO c.b.j.c.VirtualUserController: Test limit reached, thread is done: Thread Group 1-8
2017-09-26 11:35:49,738 INFO o.a.j.t.JMeterThread: Thread is done: Thread Group 1-8
2017-09-26 11:35:49,738 INFO o.a.j.t.JMeterThread: Thread finished: Thread Group 1-8
2017-09-26 11:35:49,738 INFO o.a.j.e.StandardJMeterEngine: Notifying test listeners of end of test
2017-09-26 11:35:49,740 INFO o.a.j.e.StandardJMeterEngine: Forced JVM shutdown requested at end of test
